Using pre-set license
Built from '2021.3/staging' branch; Version is '2021.3.22f1 (b6c551784ba3) revision 11978065'; Using compiler version '192829333'; Build Type 'Release'
OS: 'Windows 10  (10.0.19045) 64bit Professional' Language: 'en' Physical Memory: 32685 MB
BatchMode: 1, IsHumanControllingUs: 0, StartBugReporterOnCrash: 0, Is64bit: 1, IsPro: 1

COMMAND LINE ARGUMENTS:
C:\Program Files\Unity\Hub\Editor\2021.3.22f1\Editor\Unity.exe
-adb2
-batchMode
-noUpm
-name
AssetImportWorker12
-projectPath
C:/Users/matej/Desktop/Hopeless/Project/Hopeless/Hopeless/Hopeless
-logFile
Logs/AssetImportWorker12.log
-srvPort
50111
Successfully changed project path to: C:/Users/matej/Desktop/Hopeless/Project/Hopeless/Hopeless/Hopeless
C:/Users/matej/Desktop/Hopeless/Project/Hopeless/Hopeless/Hopeless
[UnityMemory] Configuration Parameters - Can be set up in boot.config
    "memorysetup-bucket-allocator-granularity=16"
    "memorysetup-bucket-allocator-bucket-count=8"
    "memorysetup-bucket-allocator-block-size=33554432"
    "memorysetup-bucket-allocator-block-count=8"
    "memorysetup-main-allocator-block-size=16777216"
    "memorysetup-thread-allocator-block-size=16777216"
    "memorysetup-gfx-main-allocator-block-size=16777216"
    "memorysetup-gfx-thread-allocator-block-size=16777216"
    "memorysetup-cache-allocator-block-size=4194304"
    "memorysetup-typetree-allocator-block-size=2097152"
    "memorysetup-profiler-bucket-allocator-granularity=16"
    "memorysetup-profiler-bucket-allocator-bucket-count=8"
    "memorysetup-profiler-bucket-allocator-block-size=33554432"
    "memorysetup-profiler-bucket-allocator-block-count=8"
    "memorysetup-profiler-allocator-block-size=16777216"
    "memorysetup-profiler-editor-allocator-block-size=1048576"
    "memorysetup-temp-allocator-size-main=16777216"
    "memorysetup-job-temp-allocator-block-size=2097152"
    "memorysetup-job-temp-allocator-block-size-background=1048576"
    "memorysetup-job-temp-allocator-reduction-small-platforms=262144"
    "memorysetup-temp-allocator-size-background-worker=32768"
    "memorysetup-temp-allocator-size-job-worker=262144"
    "memorysetup-temp-allocator-size-preload-manager=33554432"
    "memorysetup-temp-allocator-size-nav-mesh-worker=65536"
    "memorysetup-temp-allocator-size-audio-worker=65536"
    "memorysetup-temp-allocator-size-cloud-worker=32768"
    "memorysetup-temp-allocator-size-gi-baking-worker=262144"
    "memorysetup-temp-allocator-size-gfx=262144"
Player connection [1848] Host "[IP] 192.168.0.16 [Port] 0 [Flags] 2 [Guid] 3061598041 [EditorId] 3061598041 [Version] 1048832 [Id] WindowsEditor(7,DESKTOP-980R9ES) [Debug] 1 [PackageName] WindowsEditor [ProjectName] Editor" joined multi-casting on [225.0.0.222:54997]...

Player connection [1848] Host "[IP] 192.168.0.16 [Port] 0 [Flags] 2 [Guid] 3061598041 [EditorId] 3061598041 [Version] 1048832 [Id] WindowsEditor(7,DESKTOP-980R9ES) [Debug] 1 [PackageName] WindowsEditor [ProjectName] Editor" joined alternative multi-casting on [225.0.0.222:34997]...

Refreshing native plugins compatible for Editor in 112.45 ms, found 4 plugins.
Preloading 0 native plugins for Editor in 0.00 ms.
Initialize engine version: 2021.3.22f1 (b6c551784ba3)
[Subsystems] Discovering subsystems at path C:/Program Files/Unity/Hub/Editor/2021.3.22f1/Editor/Data/Resources/UnitySubsystems
[Subsystems] Discovering subsystems at path C:/Users/matej/Desktop/Hopeless/Project/Hopeless/Hopeless/Hopeless/Assets
GfxDevice: creating device client; threaded=0; jobified=0
Direct3D:
    Version:  Direct3D 11.0 [level 11.1]
    Renderer: NVIDIA GeForce RTX 3060 (ID=0x2504)
    Vendor:   NVIDIA
    VRAM:     12129 MB
    Driver:   31.0.15.3141
Initialize mono
Mono path[0] = 'C:/Program Files/Unity/Hub/Editor/2021.3.22f1/Editor/Data/Managed'
Mono path[1] = 'C:/Program Files/Unity/Hub/Editor/2021.3.22f1/Editor/Data/MonoBleedingEdge/lib/mono/unityjit-win32'
Mono config path = 'C:/Program Files/Unity/Hub/Editor/2021.3.22f1/Editor/Data/MonoBleedingEdge/etc'
Using monoOptions --debugger-agent=transport=dt_socket,embedding=1,server=y,suspend=n,address=127.0.0.1:56932
Begin MonoManager ReloadAssembly
Registering precompiled unity dll's ...
Register platform support module: C:/Program Files/Unity/Hub/Editor/2021.3.22f1/Editor/Data/PlaybackEngines/WindowsStandaloneSupport/UnityEditor.WindowsStandalone.Extensions.dll
Registered in 0.006870 seconds.
Native extension for WindowsStandalone target not found
Refreshing native plugins compatible for Editor in 111.60 ms, found 4 plugins.
Preloading 0 native plugins for Editor in 0.00 ms.
Mono: successfully reloaded assembly
- Completed reload, in  0.636 seconds
Domain Reload Profiling:
	ReloadAssembly (636ms)
		BeginReloadAssembly (88ms)
			ExecutionOrderSort (0ms)
			DisableScriptedObjects (0ms)
			BackupInstance (0ms)
			ReleaseScriptingObjects (0ms)
			CreateAndSetChildDomain (1ms)
		EndReloadAssembly (454ms)
			LoadAssemblies (86ms)
			RebuildTransferFunctionScriptingTraits (0ms)
			SetupTypeCache (95ms)
			ReleaseScriptCaches (0ms)
			RebuildScriptCaches (25ms)
			SetupLoadedEditorAssemblies (286ms)
				LogAssemblyErrors (0ms)
				InitializePlatformSupportModulesInManaged (7ms)
				SetLoadedEditorAssemblies (0ms)
				RefreshPlugins (112ms)
				BeforeProcessingInitializeOnLoad (1ms)
				ProcessInitializeOnLoadAttributes (127ms)
				ProcessInitializeOnLoadMethodAttributes (38ms)
				AfterProcessingInitializeOnLoad (0ms)
				EditorAssembliesLoaded (0ms)
			ExecutionOrderSort2 (0ms)
			AwakeInstancesAfterBackupRestoration (0ms)
Platform modules already initialized, skipping
Registering precompiled user dll's ...
Registered in 0.006494 seconds.
Begin MonoManager ReloadAssembly
Symbol file LoadedFromMemory doesn't match image C:\Users\matej\Desktop\Hopeless\Project\Hopeless\Hopeless\Hopeless\Library\PackageCache\com.unity.visualscripting@1.8.0\Editor\VisualScripting.Core\Dependencies\YamlDotNet\Unity.VisualScripting.YamlDotNet.dll
Symbol file LoadedFromMemory doesn't match image C:\Users\matej\Desktop\Hopeless\Project\Hopeless\Hopeless\Hopeless\Library\PackageCache\com.unity.visualscripting@1.8.0\Editor\VisualScripting.Core\Dependencies\DotNetZip\Unity.VisualScripting.IonicZip.dll
Native extension for WindowsStandalone target not found
Refreshing native plugins compatible for Editor in 109.90 ms, found 4 plugins.
Preloading 0 native plugins for Editor in 0.00 ms.
Mono: successfully reloaded assembly
- Completed reload, in  1.315 seconds
Domain Reload Profiling:
	ReloadAssembly (1316ms)
		BeginReloadAssembly (111ms)
			ExecutionOrderSort (0ms)
			DisableScriptedObjects (5ms)
			BackupInstance (0ms)
			ReleaseScriptingObjects (0ms)
			CreateAndSetChildDomain (15ms)
		EndReloadAssembly (1114ms)
			LoadAssemblies (93ms)
			RebuildTransferFunctionScriptingTraits (0ms)
			SetupTypeCache (236ms)
			ReleaseScriptCaches (1ms)
			RebuildScriptCaches (58ms)
			SetupLoadedEditorAssemblies (709ms)
				LogAssemblyErrors (0ms)
				InitializePlatformSupportModulesInManaged (4ms)
				SetLoadedEditorAssemblies (0ms)
				RefreshPlugins (110ms)
				BeforeProcessingInitializeOnLoad (114ms)
				ProcessInitializeOnLoadAttributes (404ms)
				ProcessInitializeOnLoadMethodAttributes (70ms)
				AfterProcessingInitializeOnLoad (7ms)
				EditorAssembliesLoaded (0ms)
			ExecutionOrderSort2 (0ms)
			AwakeInstancesAfterBackupRestoration (5ms)
Platform modules already initialized, skipping
========================================================================
Worker process is ready to serve import requests
Launched and connected shader compiler UnityShaderCompiler.exe after 0.08 seconds
Refreshing native plugins compatible for Editor in 0.92 ms, found 4 plugins.
Preloading 0 native plugins for Editor in 0.00 ms.
Unloading 5408 Unused Serialized files (Serialized files now loaded: 0)
Unloading 62 unused Assets / (1.1 MB). Loaded Objects now: 5856.
Memory consumption went from 217.4 MB to 216.3 MB.
Total: 3.891600 ms (FindLiveObjects: 0.360500 ms CreateObjectMapping: 0.316300 ms MarkObjects: 2.796900 ms  DeleteObjects: 0.417200 ms)

AssetImportParameters requested are different than current active one (requested -> active):
  custom:video-decoder-ogg-theora: a1e56fd34408186e4bbccfd4996cb3dc -> 
  custom:container-muxer-webm: aa71ff27fc2769a1b78a27578f13a17b -> 
  custom:container-demuxer-webm: 4f35f7cbe854078d1ac9338744f61a02 -> 
  custom:video-encoder-webm-vp8: eb34c28f22e8b96e1ab97ce403110664 -> 
  custom:audio-encoder-webm-vorbis: bf7c407c2cedff20999df2af8eb42d56 -> 
  custom:framework-win-MediaFoundation: 216162199b28c13a410421893ffa2e32 -> 
  custom:container-demuxer-ogg: 62fdf1f143b41e24485cea50d1cbac27 -> 
  custom:video-decoder-webm-vp8: 9c59270c3fd7afecdb556c50c9e8de78 -> 
  custom:audio-decoder-ogg-vorbis: bf7c407c2cedff20999df2af8eb42d56 -> 
========================================================================
Received Import Request.
  Time since last request: 4259.164456 seconds.
  path: Assets/Materials/Objects/Pressure Plate Base.mat
  artifactKey: Guid(3f21e8a9d7ceca248bfe690ebd7bdacc) Importer(815301076,1909f56bfc062723c751e8b465ee728b)
Start importing Assets/Materials/Objects/Pressure Plate Base.mat using Guid(3f21e8a9d7ceca248bfe690ebd7bdacc) Importer(815301076,1909f56bfc062723c751e8b465ee728b)  -> (artifact id: '8819128d15ba4c3b4264208e65c646e6') in 0.401995 seconds 
========================================================================
Received Import Request.
  Time since last request: 134.986957 seconds.
  path: Assets/Materials/Objects/Platform.mat
  artifactKey: Guid(3e0e672c70679e448b640557220ea335) Importer(815301076,1909f56bfc062723c751e8b465ee728b)
Start importing Assets/Materials/Objects/Platform.mat using Guid(3e0e672c70679e448b640557220ea335) Importer(815301076,1909f56bfc062723c751e8b465ee728b)  -> (artifact id: '6301cb78ee5ef6bf90a12c8a14f094b4') in 0.012254 seconds 
========================================================================
Received Import Request.
  Time since last request: 0.000017 seconds.
  path: Assets/Materials/Objects/Slope.mat
  artifactKey: Guid(46a4eee7a78de93479d3d866ccb3fb14) Importer(815301076,1909f56bfc062723c751e8b465ee728b)
Start importing Assets/Materials/Objects/Slope.mat using Guid(46a4eee7a78de93479d3d866ccb3fb14) Importer(815301076,1909f56bfc062723c751e8b465ee728b)  -> (artifact id: '925eb11b26d10bfe72003defb1937446') in 0.009939 seconds 
========================================================================
Received Import Request.
  Time since last request: 0.000019 seconds.
  path: Assets/Materials/Objects/Spike.mat
  artifactKey: Guid(071f36714df6cf8468f3abd35e5602a5) Importer(815301076,1909f56bfc062723c751e8b465ee728b)
Start importing Assets/Materials/Objects/Spike.mat using Guid(071f36714df6cf8468f3abd35e5602a5) Importer(815301076,1909f56bfc062723c751e8b465ee728b)  -> (artifact id: '6c99e69ba31b83c86845a7c649d755e6') in 0.011638 seconds 
========================================================================
Received Import Request.
  Time since last request: 61.501439 seconds.
  path: Assets/Materials/Objects/Platform.mat
  artifactKey: Guid(3e0e672c70679e448b640557220ea335) Importer(815301076,1909f56bfc062723c751e8b465ee728b)
Start importing Assets/Materials/Objects/Platform.mat using Guid(3e0e672c70679e448b640557220ea335) Importer(815301076,1909f56bfc062723c751e8b465ee728b)  -> (artifact id: 'fcb42c05a3b991196c736b93dfff2722') in 0.011450 seconds 
========================================================================
Received Import Request.
  Time since last request: 0.000042 seconds.
  path: Assets/Materials/Objects/Pressure Plate Button.mat
  artifactKey: Guid(f72d810d27f726143851d82845ce3737) Importer(815301076,1909f56bfc062723c751e8b465ee728b)
Start importing Assets/Materials/Objects/Pressure Plate Button.mat using Guid(f72d810d27f726143851d82845ce3737) Importer(815301076,1909f56bfc062723c751e8b465ee728b)  -> (artifact id: '18542d6e47e5bb687d6ac61d70b4c614') in 0.009200 seconds 
========================================================================
Received Import Request.
  Time since last request: 0.000035 seconds.
  path: Assets/Materials/Objects/Slope.mat
  artifactKey: Guid(46a4eee7a78de93479d3d866ccb3fb14) Importer(815301076,1909f56bfc062723c751e8b465ee728b)
Start importing Assets/Materials/Objects/Slope.mat using Guid(46a4eee7a78de93479d3d866ccb3fb14) Importer(815301076,1909f56bfc062723c751e8b465ee728b)  -> (artifact id: 'd566cea4a032bdd587805bdaf914b12b') in 0.009393 seconds 
========================================================================
Received Import Request.
  Time since last request: 0.000027 seconds.
  path: Assets/Materials/Objects/Spike.mat
  artifactKey: Guid(071f36714df6cf8468f3abd35e5602a5) Importer(815301076,1909f56bfc062723c751e8b465ee728b)
Start importing Assets/Materials/Objects/Spike.mat using Guid(071f36714df6cf8468f3abd35e5602a5) Importer(815301076,1909f56bfc062723c751e8b465ee728b)  -> (artifact id: 'b03381fca4ebddb55dd4daa17f3493dc') in 0.011760 seconds 
========================================================================
Received Import Request.
  Time since last request: 17.121827 seconds.
  path: Assets/Materials/Objects/Platform.mat
  artifactKey: Guid(3e0e672c70679e448b640557220ea335) Importer(815301076,1909f56bfc062723c751e8b465ee728b)
Start importing Assets/Materials/Objects/Platform.mat using Guid(3e0e672c70679e448b640557220ea335) Importer(815301076,1909f56bfc062723c751e8b465ee728b)  -> (artifact id: '13112102790cd2ac27794cd38d3940e0') in 0.011715 seconds 
========================================================================
Received Import Request.
  Time since last request: 0.000015 seconds.
  path: Assets/Materials/Objects/Spike.mat
  artifactKey: Guid(071f36714df6cf8468f3abd35e5602a5) Importer(815301076,1909f56bfc062723c751e8b465ee728b)
Start importing Assets/Materials/Objects/Spike.mat using Guid(071f36714df6cf8468f3abd35e5602a5) Importer(815301076,1909f56bfc062723c751e8b465ee728b)  -> (artifact id: '7d027356cea922ea874a381d435789f7') in 0.009244 seconds 
========================================================================
Received Import Request.
  Time since last request: 30.424425 seconds.
  path: Assets/Materials/Objects/Pressure Plate Base.mat
  artifactKey: Guid(3f21e8a9d7ceca248bfe690ebd7bdacc) Importer(815301076,1909f56bfc062723c751e8b465ee728b)
Start importing Assets/Materials/Objects/Pressure Plate Base.mat using Guid(3f21e8a9d7ceca248bfe690ebd7bdacc) Importer(815301076,1909f56bfc062723c751e8b465ee728b)  -> (artifact id: '6c3dd7cd0166e23bf2c9dccbecc72820') in 0.009807 seconds 
========================================================================
Received Import Request.
  Time since last request: 50.242712 seconds.
  path: Assets/Materials/Objects/Platform.mat
  artifactKey: Guid(3e0e672c70679e448b640557220ea335) Importer(815301076,1909f56bfc062723c751e8b465ee728b)
Start importing Assets/Materials/Objects/Platform.mat using Guid(3e0e672c70679e448b640557220ea335) Importer(815301076,1909f56bfc062723c751e8b465ee728b)  -> (artifact id: '53cb2f3e91e6af865ce45081d7def125') in 0.010630 seconds 
========================================================================
Received Import Request.
  Time since last request: 0.000019 seconds.
  path: Assets/Materials/Objects/Pressure Plate Button.mat
  artifactKey: Guid(f72d810d27f726143851d82845ce3737) Importer(815301076,1909f56bfc062723c751e8b465ee728b)
Start importing Assets/Materials/Objects/Pressure Plate Button.mat using Guid(f72d810d27f726143851d82845ce3737) Importer(815301076,1909f56bfc062723c751e8b465ee728b)  -> (artifact id: 'fbaccf7f5a594f97e519eeaba856e491') in 0.011246 seconds 
Editor requested this worker to shutdown with reason: Scaling down because of idle timeout
AssetImportWorker is now disconnected from the server
Process exiting
Exiting without the bug reporter. Application will terminate with return code 0