Using pre-set license
Built from '2022.2/staging' branch; Version is '2022.2.15f1 (30d813e1a2a9) revision 3201043'; Using compiler version '192829333'; Build Type 'Release'
OS: 'Windows 10  (10.0.19045) 64bit Professional' Language: 'en' Physical Memory: 32685 MB
BatchMode: 1, IsHumanControllingUs: 0, StartBugReporterOnCrash: 0, Is64bit: 1, IsPro: 1

COMMAND LINE ARGUMENTS:
C:\Program Files\Unity\Hub\Editor\2022.2.15f1\Editor\Unity.exe
-adb2
-batchMode
-noUpm
-name
AssetImportWorker0
-projectPath
C:/Users/matej/Desktop/Hopeless/Project/Hopeless/Hopeless/Hopeless
-logFile
Logs/AssetImportWorker0.log
-srvPort
54021
Successfully changed project path to: C:/Users/matej/Desktop/Hopeless/Project/Hopeless/Hopeless/Hopeless
C:/Users/matej/Desktop/Hopeless/Project/Hopeless/Hopeless/Hopeless
[UnityMemory] Configuration Parameters - Can be set up in boot.config
    "memorysetup-bucket-allocator-granularity=16"
    "memorysetup-bucket-allocator-bucket-count=8"
    "memorysetup-bucket-allocator-block-size=33554432"
    "memorysetup-bucket-allocator-block-count=8"
    "memorysetup-main-allocator-block-size=16777216"
    "memorysetup-thread-allocator-block-size=16777216"
    "memorysetup-gfx-main-allocator-block-size=16777216"
    "memorysetup-gfx-thread-allocator-block-size=16777216"
    "memorysetup-cache-allocator-block-size=4194304"
    "memorysetup-typetree-allocator-block-size=2097152"
    "memorysetup-profiler-bucket-allocator-granularity=16"
    "memorysetup-profiler-bucket-allocator-bucket-count=8"
    "memorysetup-profiler-bucket-allocator-block-size=33554432"
    "memorysetup-profiler-bucket-allocator-block-count=8"
    "memorysetup-profiler-allocator-block-size=16777216"
    "memorysetup-profiler-editor-allocator-block-size=1048576"
    "memorysetup-temp-allocator-size-main=16777216"
    "memorysetup-job-temp-allocator-block-size=2097152"
    "memorysetup-job-temp-allocator-block-size-background=1048576"
    "memorysetup-job-temp-allocator-reduction-small-platforms=262144"
    "memorysetup-temp-allocator-size-background-worker=32768"
    "memorysetup-temp-allocator-size-job-worker=262144"
    "memorysetup-temp-allocator-size-preload-manager=33554432"
    "memorysetup-temp-allocator-size-nav-mesh-worker=65536"
    "memorysetup-temp-allocator-size-audio-worker=65536"
    "memorysetup-temp-allocator-size-cloud-worker=32768"
    "memorysetup-temp-allocator-size-gi-baking-worker=262144"
    "memorysetup-temp-allocator-size-gfx=262144"
Player connection [8884] Host "[IP] 192.168.0.14 [Port] 0 [Flags] 2 [Guid] 4251533486 [EditorId] 4251533486 [Version] 1048832 [Id] WindowsEditor(7,DESKTOP-980R9ES) [Debug] 1 [PackageName] WindowsEditor [ProjectName] Editor" joined multi-casting on [225.0.0.222:54997]...

Player connection [8884] Host "[IP] 192.168.0.14 [Port] 0 [Flags] 2 [Guid] 4251533486 [EditorId] 4251533486 [Version] 1048832 [Id] WindowsEditor(7,DESKTOP-980R9ES) [Debug] 1 [PackageName] WindowsEditor [ProjectName] Editor" joined alternative multi-casting on [225.0.0.222:34997]...

Refreshing native plugins compatible for Editor in 144.67 ms, found 4 plugins.
Preloading 0 native plugins for Editor in 0.00 ms.
Initialize engine version: 2022.2.15f1 (30d813e1a2a9)
[Subsystems] Discovering subsystems at path C:/Program Files/Unity/Hub/Editor/2022.2.15f1/Editor/Data/Resources/UnitySubsystems
[Subsystems] Discovering subsystems at path C:/Users/matej/Desktop/Hopeless/Project/Hopeless/Hopeless/Hopeless/Assets
GfxDevice: creating device client; threaded=0; jobified=0
Direct3D:
    Version:  Direct3D 11.0 [level 11.1]
    Renderer: NVIDIA GeForce RTX 3060 (ID=0x2504)
    Vendor:   NVIDIA
    VRAM:     12129 MB
    Driver:   31.0.15.3161
Initialize mono
Mono path[0] = 'C:/Program Files/Unity/Hub/Editor/2022.2.15f1/Editor/Data/Managed'
Mono path[1] = 'C:/Program Files/Unity/Hub/Editor/2022.2.15f1/Editor/Data/MonoBleedingEdge/lib/mono/unityjit-win32'
Mono config path = 'C:/Program Files/Unity/Hub/Editor/2022.2.15f1/Editor/Data/MonoBleedingEdge/etc'
Using monoOptions --debugger-agent=transport=dt_socket,embedding=1,server=y,suspend=n,address=127.0.0.1:56016
Begin MonoManager ReloadAssembly
Registering precompiled unity dll's ...
Register platform support module: C:/Program Files/Unity/Hub/Editor/2022.2.15f1/Editor/Data/PlaybackEngines/WindowsStandaloneSupport/UnityEditor.WindowsStandalone.Extensions.dll
Registered in 0.024053 seconds.
- Loaded All Assemblies, in  0.379 seconds
Native extension for WindowsStandalone target not found
Mono: successfully reloaded assembly
- Finished resetting the current domain, in  0.238 seconds
Domain Reload Profiling:
	ReloadAssembly (260ms)
		BeginReloadAssembly (150ms)
			ExecutionOrderSort (0ms)
			DisableScriptedObjects (0ms)
			BackupInstance (0ms)
			ReleaseScriptingObjects (0ms)
			CreateAndSetChildDomain (1ms)
		LoadAllAssembliesAndSetupDomain (0ms)
			LoadAssemblies (148ms)
			RebuildTransferFunctionScriptingTraits (0ms)
			SetupTypeCache (112ms)
				TypeCache.Initialize (111ms)
					TypeCache.ScanAssembly (110ms)
				ResolveRequiredComponents (0ms)
		FinalizeReload (0ms)
			ReleaseScriptCaches (0ms)
			RebuildScriptCaches (0ms)
			SetupLoadedEditorAssemblies (185ms)
				LogAssemblyErrors (0ms)
				InitializePlatformSupportModulesInManaged (8ms)
				SetLoadedEditorAssemblies (7ms)
				RefreshPlugins (0ms)
				BeforeProcessingInitializeOnLoad (1ms)
				ProcessInitializeOnLoadAttributes (126ms)
				ProcessInitializeOnLoadMethodAttributes (43ms)
				AfterProcessingInitializeOnLoad (0ms)
				EditorAssembliesLoaded (0ms)
			ExecutionOrderSort2 (0ms)
			AwakeInstancesAfterBackupRestoration (0ms)
========================================================================
Worker process is ready to serve import requests
Begin MonoManager ReloadAssembly
Symbol file LoadedFromMemory doesn't match image C:\Users\matej\Desktop\Hopeless\Project\Hopeless\Hopeless\Hopeless\Library\PackageCache\com.unity.visualscripting@1.8.0\Editor\VisualScripting.Core\Dependencies\YamlDotNet\Unity.VisualScripting.YamlDotNet.dll
Symbol file LoadedFromMemory doesn't match image C:\Users\matej\Desktop\Hopeless\Project\Hopeless\Hopeless\Hopeless\Library\PackageCache\com.unity.visualscripting@1.8.0\Editor\VisualScripting.Core\Dependencies\DotNetZip\Unity.VisualScripting.IonicZip.dll
- Loaded All Assemblies, in  1.370 seconds
Refreshing native plugins compatible for Editor in 4.20 ms, found 4 plugins.
Native extension for WindowsStandalone target not found
Mono: successfully reloaded assembly
- Finished resetting the current domain, in  0.781 seconds
Domain Reload Profiling:
	ReloadAssembly (193ms)
		BeginReloadAssembly (113ms)
			ExecutionOrderSort (0ms)
			DisableScriptedObjects (5ms)
			BackupInstance (0ms)
			ReleaseScriptingObjects (0ms)
			CreateAndSetChildDomain (21ms)
		LoadAllAssembliesAndSetupDomain (1173ms)
			LoadAssemblies (892ms)
			RebuildTransferFunctionScriptingTraits (0ms)
			SetupTypeCache (329ms)
				TypeCache.Initialize (292ms)
					TypeCache.ScanAssembly (287ms)
				ResolveRequiredComponents (10ms)
		FinalizeReload (0ms)
			ReleaseScriptCaches (0ms)
			RebuildScriptCaches (0ms)
			SetupLoadedEditorAssemblies (611ms)
				LogAssemblyErrors (0ms)
				InitializePlatformSupportModulesInManaged (6ms)
				SetLoadedEditorAssemblies (4ms)
				RefreshPlugins (0ms)
				BeforeProcessingInitializeOnLoad (83ms)
				ProcessInitializeOnLoadAttributes (449ms)
				ProcessInitializeOnLoadMethodAttributes (61ms)
				AfterProcessingInitializeOnLoad (8ms)
				EditorAssembliesLoaded (0ms)
			ExecutionOrderSort2 (0ms)
			AwakeInstancesAfterBackupRestoration (5ms)
Launched and connected shader compiler UnityShaderCompiler.exe after 0.16 seconds
Refreshing native plugins compatible for Editor in 4.73 ms, found 4 plugins.
Preloading 0 native plugins for Editor in 0.00 ms.
Unloading 6431 Unused Serialized files (Serialized files now loaded: 0)
Unloading 97 unused Assets / (1.1 MB). Loaded Objects now: 6899.
Memory consumption went from 240.2 MB to 239.0 MB.
Total: 4.595300 ms (FindLiveObjects: 0.452900 ms CreateObjectMapping: 0.499000 ms MarkObjects: 3.379600 ms  DeleteObjects: 0.262900 ms)

AssetImportParameters requested are different than current active one (requested -> active):
  custom:container-demuxer-ogg: 62fdf1f143b41e24485cea50d1cbac27 -> 
  custom:framework-win-MediaFoundation: 216162199b28c13a410421893ffa2e32 -> 
  custom:container-muxer-webm: aa71ff27fc2769a1b78a27578f13a17b -> 
  custom:video-decoder-webm-vp8: 9c59270c3fd7afecdb556c50c9e8de78 -> 
  custom:AudioImporter_EditorPlatform: d09bf68614088b80899f8185d706f6e7 -> 
  custom:audio-decoder-ogg-vorbis: bf7c407c2cedff20999df2af8eb42d56 -> 
  custom:audio-encoder-webm-vorbis: bf7c407c2cedff20999df2af8eb42d56 -> 
  custom:video-decoder-ogg-theora: a1e56fd34408186e4bbccfd4996cb3dc -> 
  custom:container-demuxer-webm: 4f35f7cbe854078d1ac9338744f61a02 -> 
  custom:video-encoder-webm-vp8: eb34c28f22e8b96e1ab97ce403110664 -> 
========================================================================
Received Import Request.
  Time since last request: 16917.186391 seconds.
  path: Assets/Prefabs/Enemies/Exasperation.prefab
  artifactKey: Guid(5e7eff7762ab9274e91f8189043994b9) Importer(815301076,1909f56bfc062723c751e8b465ee728b)
Start importing Assets/Prefabs/Enemies/Exasperation.prefab using Guid(5e7eff7762ab9274e91f8189043994b9) Importer(815301076,1909f56bfc062723c751e8b465ee728b)  -> (artifact id: '7b1d7acc01581d8f0ac63c7a57281d70') in 0.301968 seconds
Number of updated asset objects reloaded before import = 0
Number of asset objects unloaded after import = 58
========================================================================
Received Import Request.
  Time since last request: 13.287520 seconds.
  path: Assets/Prefabs/Enemies/Exasperation.prefab
  artifactKey: Guid(5e7eff7762ab9274e91f8189043994b9) Importer(815301076,1909f56bfc062723c751e8b465ee728b)
Start importing Assets/Prefabs/Enemies/Exasperation.prefab using Guid(5e7eff7762ab9274e91f8189043994b9) Importer(815301076,1909f56bfc062723c751e8b465ee728b)  -> (artifact id: 'c311b483d3fc466e19626e0a945dc653') in 0.025329 seconds
Number of updated asset objects reloaded before import = 0
Number of asset objects unloaded after import = 57
========================================================================
Received Import Request.
  Time since last request: 8.973257 seconds.
  path: Assets/Prefabs/Enemies/Exasperation.prefab
  artifactKey: Guid(5e7eff7762ab9274e91f8189043994b9) Importer(815301076,1909f56bfc062723c751e8b465ee728b)
Start importing Assets/Prefabs/Enemies/Exasperation.prefab using Guid(5e7eff7762ab9274e91f8189043994b9) Importer(815301076,1909f56bfc062723c751e8b465ee728b)  -> (artifact id: '1dad512cebe61f25c66df2ce1495253d') in 0.023685 seconds
Number of updated asset objects reloaded before import = 0
Number of asset objects unloaded after import = 57
========================================================================
Received Import Request.
  Time since last request: 77.495279 seconds.
  path: Assets/Prefabs/Enemies/Exasperation.prefab
  artifactKey: Guid(5e7eff7762ab9274e91f8189043994b9) Importer(815301076,1909f56bfc062723c751e8b465ee728b)
Start importing Assets/Prefabs/Enemies/Exasperation.prefab using Guid(5e7eff7762ab9274e91f8189043994b9) Importer(815301076,1909f56bfc062723c751e8b465ee728b)  -> (artifact id: '1e21cd270c3a9a653f39b0e6066bbd0d') in 0.025866 seconds
Number of updated asset objects reloaded before import = 0
Number of asset objects unloaded after import = 57
========================================================================
Received Import Request.
  Time since last request: 0.564279 seconds.
  path: Assets/Prefabs/Enemies/Exasperation.prefab
  artifactKey: Guid(5e7eff7762ab9274e91f8189043994b9) Importer(815301076,1909f56bfc062723c751e8b465ee728b)
Start importing Assets/Prefabs/Enemies/Exasperation.prefab using Guid(5e7eff7762ab9274e91f8189043994b9) Importer(815301076,1909f56bfc062723c751e8b465ee728b)  -> (artifact id: '886b011b32c7b3cccde76c61b924ed3c') in 0.027373 seconds
Number of updated asset objects reloaded before import = 0
Number of asset objects unloaded after import = 57
========================================================================
Received Import Request.
  Time since last request: 6.834221 seconds.
  path: Assets/Prefabs/Enemies/Exasperation.prefab
  artifactKey: Guid(5e7eff7762ab9274e91f8189043994b9) Importer(815301076,1909f56bfc062723c751e8b465ee728b)
Start importing Assets/Prefabs/Enemies/Exasperation.prefab using Guid(5e7eff7762ab9274e91f8189043994b9) Importer(815301076,1909f56bfc062723c751e8b465ee728b)  -> (artifact id: '65a5015f9503d8b85f9868d5f348e7fd') in 0.023437 seconds
Number of updated asset objects reloaded before import = 0
Number of asset objects unloaded after import = 57
========================================================================
Received Import Request.
  Time since last request: 0.153466 seconds.
  path: Assets/Prefabs/Enemies/Exasperation.prefab
  artifactKey: Guid(5e7eff7762ab9274e91f8189043994b9) Importer(815301076,1909f56bfc062723c751e8b465ee728b)
Start importing Assets/Prefabs/Enemies/Exasperation.prefab using Guid(5e7eff7762ab9274e91f8189043994b9) Importer(815301076,1909f56bfc062723c751e8b465ee728b)  -> (artifact id: '20cc410f10ff3ac974c4579d34747ad8') in 0.023046 seconds
Number of updated asset objects reloaded before import = 0
Number of asset objects unloaded after import = 57
========================================================================
Received Import Request.
  Time since last request: 4.629068 seconds.
  path: Assets/Prefabs/Enemies/Exasperation.prefab
  artifactKey: Guid(5e7eff7762ab9274e91f8189043994b9) Importer(815301076,1909f56bfc062723c751e8b465ee728b)
Start importing Assets/Prefabs/Enemies/Exasperation.prefab using Guid(5e7eff7762ab9274e91f8189043994b9) Importer(815301076,1909f56bfc062723c751e8b465ee728b)  -> (artifact id: '4d494d4cb3ba182bd61d0d84b82ab49b') in 0.023114 seconds
Number of updated asset objects reloaded before import = 0
Number of asset objects unloaded after import = 57
========================================================================
Received Prepare
Begin MonoManager ReloadAssembly
Symbol file LoadedFromMemory doesn't match image C:\Users\matej\Desktop\Hopeless\Project\Hopeless\Hopeless\Hopeless\Library\PackageCache\com.unity.visualscripting@1.8.0\Editor\VisualScripting.Core\Dependencies\YamlDotNet\Unity.VisualScripting.YamlDotNet.dll
Symbol file LoadedFromMemory doesn't match image C:\Users\matej\Desktop\Hopeless\Project\Hopeless\Hopeless\Hopeless\Library\PackageCache\com.unity.visualscripting@1.8.0\Editor\VisualScripting.Core\Dependencies\DotNetZip\Unity.VisualScripting.IonicZip.dll
- Loaded All Assemblies, in  0.749 seconds
Refreshing native plugins compatible for Editor in 4.53 ms, found 4 plugins.
Native extension for WindowsStandalone target not found
Mono: successfully reloaded assembly
- Finished resetting the current domain, in  1.360 seconds
Domain Reload Profiling:
	ReloadAssembly (215ms)
		BeginReloadAssembly (148ms)
			ExecutionOrderSort (0ms)
			DisableScriptedObjects (13ms)
			BackupInstance (0ms)
			ReleaseScriptingObjects (0ms)
			CreateAndSetChildDomain (40ms)
		LoadAllAssembliesAndSetupDomain (529ms)
			LoadAssemblies (255ms)
			RebuildTransferFunctionScriptingTraits (0ms)
			SetupTypeCache (330ms)
				TypeCache.Initialize (307ms)
					TypeCache.ScanAssembly (302ms)
				ResolveRequiredComponents (16ms)
		FinalizeReload (0ms)
			ReleaseScriptCaches (0ms)
			RebuildScriptCaches (0ms)
			SetupLoadedEditorAssemblies (579ms)
				LogAssemblyErrors (0ms)
				InitializePlatformSupportModulesInManaged (7ms)
				SetLoadedEditorAssemblies (3ms)
				RefreshPlugins (0ms)
				BeforeProcessingInitializeOnLoad (80ms)
				ProcessInitializeOnLoadAttributes (422ms)
				ProcessInitializeOnLoadMethodAttributes (60ms)
				AfterProcessingInitializeOnLoad (7ms)
				EditorAssembliesLoaded (0ms)
			ExecutionOrderSort2 (0ms)
			AwakeInstancesAfterBackupRestoration (15ms)
Refreshing native plugins compatible for Editor in 4.83 ms, found 4 plugins.
Preloading 0 native plugins for Editor in 0.00 ms.
Unloading 6241 Unused Serialized files (Serialized files now loaded: 0)
Unloading 51 unused Assets / (1.1 MB). Loaded Objects now: 6969.
Memory consumption went from 209.9 MB to 208.8 MB.
Total: 3.842800 ms (FindLiveObjects: 0.431500 ms CreateObjectMapping: 0.428000 ms MarkObjects: 2.735700 ms  DeleteObjects: 0.246700 ms)

Prepare: number of updated asset objects reloaded= 0
AssetImportParameters requested are different than current active one (requested -> active):
  custom:container-demuxer-ogg: 62fdf1f143b41e24485cea50d1cbac27 -> 
  custom:framework-win-MediaFoundation: 216162199b28c13a410421893ffa2e32 -> 
  custom:container-muxer-webm: aa71ff27fc2769a1b78a27578f13a17b -> 
  custom:video-decoder-webm-vp8: 9c59270c3fd7afecdb556c50c9e8de78 -> 
  custom:AudioImporter_EditorPlatform: d09bf68614088b80899f8185d706f6e7 -> 
  custom:audio-decoder-ogg-vorbis: bf7c407c2cedff20999df2af8eb42d56 -> 
  custom:audio-encoder-webm-vorbis: bf7c407c2cedff20999df2af8eb42d56 -> 
  custom:video-decoder-ogg-theora: a1e56fd34408186e4bbccfd4996cb3dc -> 
  custom:container-demuxer-webm: 4f35f7cbe854078d1ac9338744f61a02 -> 
  custom:video-encoder-webm-vp8: eb34c28f22e8b96e1ab97ce403110664 -> 
========================================================================
Received Import Request.
  Time since last request: 26.837145 seconds.
  path: Assets/Prefabs/Enemies/Anger.prefab
  artifactKey: Guid(0a4401ed72602a149b2da298cdc3ad58) Importer(815301076,1909f56bfc062723c751e8b465ee728b)
Start importing Assets/Prefabs/Enemies/Anger.prefab using Guid(0a4401ed72602a149b2da298cdc3ad58) Importer(815301076,1909f56bfc062723c751e8b465ee728b)  -> (artifact id: '2be1dd0e961026de55f8b6f440770dc1') in 0.196195 seconds
Number of updated asset objects reloaded before import = 0
Number of asset objects unloaded after import = 74
========================================================================
Received Import Request.
  Time since last request: 52.232621 seconds.
  path: Assets/Prefabs/Enemy.prefab
  artifactKey: Guid(56fb22751a656284c94e3be4a2a4612d) Importer(815301076,1909f56bfc062723c751e8b465ee728b)
Start importing Assets/Prefabs/Enemy.prefab using Guid(56fb22751a656284c94e3be4a2a4612d) Importer(815301076,1909f56bfc062723c751e8b465ee728b)  -> (artifact id: '458fd2ac9e8e5fd4eb488f4eef3805d2') in 0.030805 seconds
Number of updated asset objects reloaded before import = 0
Number of asset objects unloaded after import = 54
========================================================================
Received Import Request.
  Time since last request: 0.872003 seconds.
  path: Assets/Prefabs/Enemies/Exasperation.prefab
  artifactKey: Guid(5e7eff7762ab9274e91f8189043994b9) Importer(815301076,1909f56bfc062723c751e8b465ee728b)
Start importing Assets/Prefabs/Enemies/Exasperation.prefab using Guid(5e7eff7762ab9274e91f8189043994b9) Importer(815301076,1909f56bfc062723c751e8b465ee728b)  -> (artifact id: '296314e398bd176f2d8ced8a08401f27') in 0.038342 seconds
Number of updated asset objects reloaded before import = 0
Number of asset objects unloaded after import = 57
========================================================================
Received Import Request.
  Time since last request: 8.911954 seconds.
  path: Assets/Prefabs/Enemies/Anger.prefab
  artifactKey: Guid(0a4401ed72602a149b2da298cdc3ad58) Importer(815301076,1909f56bfc062723c751e8b465ee728b)
Start importing Assets/Prefabs/Enemies/Anger.prefab using Guid(0a4401ed72602a149b2da298cdc3ad58) Importer(815301076,1909f56bfc062723c751e8b465ee728b)  -> (artifact id: 'b49a59aaf3516a4b553d71e605db1dba') in 0.023330 seconds
Number of updated asset objects reloaded before import = 0
Number of asset objects unloaded after import = 57
========================================================================
Received Import Request.
  Time since last request: 2.516221 seconds.
  path: Assets/Prefabs/Enemies/Anger.prefab
  artifactKey: Guid(0a4401ed72602a149b2da298cdc3ad58) Importer(815301076,1909f56bfc062723c751e8b465ee728b)
Start importing Assets/Prefabs/Enemies/Anger.prefab using Guid(0a4401ed72602a149b2da298cdc3ad58) Importer(815301076,1909f56bfc062723c751e8b465ee728b)  -> (artifact id: '689b10e110502800b23c3a8374230270') in 0.023454 seconds
Number of updated asset objects reloaded before import = 0
Number of asset objects unloaded after import = 57
========================================================================
Received Import Request.
  Time since last request: 4.233795 seconds.
  path: Assets/Prefabs/Enemies/Anger.prefab
  artifactKey: Guid(0a4401ed72602a149b2da298cdc3ad58) Importer(815301076,1909f56bfc062723c751e8b465ee728b)
Start importing Assets/Prefabs/Enemies/Anger.prefab using Guid(0a4401ed72602a149b2da298cdc3ad58) Importer(815301076,1909f56bfc062723c751e8b465ee728b)  -> (artifact id: '108ada59de66b3f7f2909c1d49c91720') in 0.022211 seconds
Number of updated asset objects reloaded before import = 0
Number of asset objects unloaded after import = 56
========================================================================
Received Import Request.
  Time since last request: 6.478764 seconds.
  path: Assets/Prefabs/Enemies/Anger.prefab
  artifactKey: Guid(0a4401ed72602a149b2da298cdc3ad58) Importer(815301076,1909f56bfc062723c751e8b465ee728b)
Start importing Assets/Prefabs/Enemies/Anger.prefab using Guid(0a4401ed72602a149b2da298cdc3ad58) Importer(815301076,1909f56bfc062723c751e8b465ee728b)  -> (artifact id: '6b1ec4001899e3cd111a6551a9ba41f5') in 0.023619 seconds
Number of updated asset objects reloaded before import = 0
Number of asset objects unloaded after import = 56
========================================================================
Received Import Request.
  Time since last request: 12.261717 seconds.
  path: Assets/Prefabs/Enemies/Exasperation.prefab
  artifactKey: Guid(5e7eff7762ab9274e91f8189043994b9) Importer(815301076,1909f56bfc062723c751e8b465ee728b)
Start importing Assets/Prefabs/Enemies/Exasperation.prefab using Guid(5e7eff7762ab9274e91f8189043994b9) Importer(815301076,1909f56bfc062723c751e8b465ee728b)  -> (artifact id: '55f2b9ba5d73100b494708d2503224a7') in 0.025236 seconds
Number of updated asset objects reloaded before import = 0
Number of asset objects unloaded after import = 56
========================================================================
Received Import Request.
  Time since last request: 2.870819 seconds.
  path: Assets/Prefabs/Enemies/Exasperation.prefab
  artifactKey: Guid(5e7eff7762ab9274e91f8189043994b9) Importer(815301076,1909f56bfc062723c751e8b465ee728b)
Start importing Assets/Prefabs/Enemies/Exasperation.prefab using Guid(5e7eff7762ab9274e91f8189043994b9) Importer(815301076,1909f56bfc062723c751e8b465ee728b)  -> (artifact id: '5d649b571f455d280e392dd774a3e0d6') in 0.025743 seconds
Number of updated asset objects reloaded before import = 0
Number of asset objects unloaded after import = 57
========================================================================
Received Import Request.
  Time since last request: 2.976756 seconds.
  path: Assets/Prefabs/Enemies/Exasperation.prefab
  artifactKey: Guid(5e7eff7762ab9274e91f8189043994b9) Importer(815301076,1909f56bfc062723c751e8b465ee728b)
Start importing Assets/Prefabs/Enemies/Exasperation.prefab using Guid(5e7eff7762ab9274e91f8189043994b9) Importer(815301076,1909f56bfc062723c751e8b465ee728b)  -> (artifact id: 'ed9406e9ae9e6a25c8072d3c61e1b1d2') in 0.022228 seconds
Number of updated asset objects reloaded before import = 0
Number of asset objects unloaded after import = 57
========================================================================
Received Import Request.
  Time since last request: 3.158278 seconds.
  path: Assets/Prefabs/Enemies/Exasperation.prefab
  artifactKey: Guid(5e7eff7762ab9274e91f8189043994b9) Importer(815301076,1909f56bfc062723c751e8b465ee728b)
Start importing Assets/Prefabs/Enemies/Exasperation.prefab using Guid(5e7eff7762ab9274e91f8189043994b9) Importer(815301076,1909f56bfc062723c751e8b465ee728b)  -> (artifact id: '1c17940c8d83f34e34c0f3c0f250a6d2') in 0.022560 seconds
Number of updated asset objects reloaded before import = 0
Number of asset objects unloaded after import = 57
========================================================================
Received Import Request.
  Time since last request: 12.019341 seconds.
  path: Assets/Materials/Enemies/Anger 1.mat
  artifactKey: Guid(9f7c81e1a0574dd498d06f858a524782) Importer(815301076,1909f56bfc062723c751e8b465ee728b)
Start importing Assets/Materials/Enemies/Anger 1.mat using Guid(9f7c81e1a0574dd498d06f858a524782) Importer(815301076,1909f56bfc062723c751e8b465ee728b)  -> (artifact id: '797bcb51a7df80caf2effcb228e837a7') in 0.026643 seconds
Number of updated asset objects reloaded before import = 0
Number of asset objects unloaded after import = 3
========================================================================
Received Import Request.
  Time since last request: 3.833341 seconds.
  path: Assets/Materials/Enemies/Exasperation.mat
  artifactKey: Guid(9f7c81e1a0574dd498d06f858a524782) Importer(815301076,1909f56bfc062723c751e8b465ee728b)
Start importing Assets/Materials/Enemies/Exasperation.mat using Guid(9f7c81e1a0574dd498d06f858a524782) Importer(815301076,1909f56bfc062723c751e8b465ee728b)  -> (artifact id: 'bc6208b701a3b47b6f85913ba5a48647') in 0.009548 seconds
Number of updated asset objects reloaded before import = 0
Number of asset objects unloaded after import = 3
========================================================================
Received Import Request.
  Time since last request: 60.682675 seconds.
  path: Assets/Prefabs/Enemies/Exasperation.prefab
  artifactKey: Guid(5e7eff7762ab9274e91f8189043994b9) Importer(815301076,1909f56bfc062723c751e8b465ee728b)
Start importing Assets/Prefabs/Enemies/Exasperation.prefab using Guid(5e7eff7762ab9274e91f8189043994b9) Importer(815301076,1909f56bfc062723c751e8b465ee728b)  -> (artifact id: 'a6b326217c0b3d50a8e5e0626ef9627d') in 0.025067 seconds
Number of updated asset objects reloaded before import = 0
Number of asset objects unloaded after import = 57
========================================================================
Received Import Request.
  Time since last request: 1.493897 seconds.
  path: Assets/Prefabs/Enemies/AngerBullet 1.prefab
  artifactKey: Guid(f9ecc376fe1291b4d93973ffcbec62d4) Importer(815301076,1909f56bfc062723c751e8b465ee728b)
Start importing Assets/Prefabs/Enemies/AngerBullet 1.prefab using Guid(f9ecc376fe1291b4d93973ffcbec62d4) Importer(815301076,1909f56bfc062723c751e8b465ee728b)  -> (artifact id: '83123fa59b8c0262703138d1e26987c9') in 0.011206 seconds
Number of updated asset objects reloaded before import = 0
Number of asset objects unloaded after import = 23
========================================================================
Received Import Request.
  Time since last request: 0.005021 seconds.
  path: Assets/Prefabs/Enemies/Exasperation.prefab
  artifactKey: Guid(5e7eff7762ab9274e91f8189043994b9) Importer(815301076,1909f56bfc062723c751e8b465ee728b)
Start importing Assets/Prefabs/Enemies/Exasperation.prefab using Guid(5e7eff7762ab9274e91f8189043994b9) Importer(815301076,1909f56bfc062723c751e8b465ee728b)  -> (artifact id: '0f05a38df767377b408371da00eed1a0') in 0.022865 seconds
Number of updated asset objects reloaded before import = 0
Number of asset objects unloaded after import = 57
========================================================================
Received Import Request.
  Time since last request: 6.712137 seconds.
  path: Assets/Prefabs/Enemies/ExasperationBullet.prefab
  artifactKey: Guid(f9ecc376fe1291b4d93973ffcbec62d4) Importer(815301076,1909f56bfc062723c751e8b465ee728b)
Start importing Assets/Prefabs/Enemies/ExasperationBullet.prefab using Guid(f9ecc376fe1291b4d93973ffcbec62d4) Importer(815301076,1909f56bfc062723c751e8b465ee728b)  -> (artifact id: 'b9ea30f598480a736cd974bd7f58d4ff') in 0.011537 seconds
Number of updated asset objects reloaded before import = 0
Number of asset objects unloaded after import = 23
========================================================================
Received Import Request.
  Time since last request: 2.599628 seconds.
  path: Assets/Materials/Enemies/Exasperation.mat
  artifactKey: Guid(9f7c81e1a0574dd498d06f858a524782) Importer(815301076,1909f56bfc062723c751e8b465ee728b)
Start importing Assets/Materials/Enemies/Exasperation.mat using Guid(9f7c81e1a0574dd498d06f858a524782) Importer(815301076,1909f56bfc062723c751e8b465ee728b)  -> (artifact id: '93f44e0b0c521c1fc097228069f5ba8e') in 0.009174 seconds
Number of updated asset objects reloaded before import = 0
Number of asset objects unloaded after import = 3
========================================================================
Received Import Request.
  Time since last request: 1.174816 seconds.
  path: Assets/Prefabs/Enemies/ExasperationBullet.prefab
  artifactKey: Guid(f9ecc376fe1291b4d93973ffcbec62d4) Importer(815301076,1909f56bfc062723c751e8b465ee728b)
Start importing Assets/Prefabs/Enemies/ExasperationBullet.prefab using Guid(f9ecc376fe1291b4d93973ffcbec62d4) Importer(815301076,1909f56bfc062723c751e8b465ee728b)  -> (artifact id: 'd680abea0e34282ecb9dbd232769ce21') in 0.010776 seconds
Number of updated asset objects reloaded before import = 0
Number of asset objects unloaded after import = 23
========================================================================
Received Import Request.
  Time since last request: 6.082648 seconds.
  path: Assets/Prefabs/Enemies/ExasperationBullet.prefab
  artifactKey: Guid(f9ecc376fe1291b4d93973ffcbec62d4) Importer(815301076,1909f56bfc062723c751e8b465ee728b)
Start importing Assets/Prefabs/Enemies/ExasperationBullet.prefab using Guid(f9ecc376fe1291b4d93973ffcbec62d4) Importer(815301076,1909f56bfc062723c751e8b465ee728b)  -> (artifact id: 'd27bbb8cbdf40f7862a4a305574eaed5') in 0.011111 seconds
Number of updated asset objects reloaded before import = 0
Number of asset objects unloaded after import = 23
========================================================================
Received Import Request.
  Time since last request: 8.594696 seconds.
  path: Assets/Prefabs/Enemies/Exasperation.prefab
  artifactKey: Guid(5e7eff7762ab9274e91f8189043994b9) Importer(815301076,1909f56bfc062723c751e8b465ee728b)
Start importing Assets/Prefabs/Enemies/Exasperation.prefab using Guid(5e7eff7762ab9274e91f8189043994b9) Importer(815301076,1909f56bfc062723c751e8b465ee728b)  -> (artifact id: 'a1c32a4d9b28ef0a7d340ae40785dba7') in 0.023072 seconds
Number of updated asset objects reloaded before import = 0
Number of asset objects unloaded after import = 56
========================================================================
Received Prepare
Begin MonoManager ReloadAssembly
Symbol file LoadedFromMemory doesn't match image C:\Users\matej\Desktop\Hopeless\Project\Hopeless\Hopeless\Hopeless\Library\PackageCache\com.unity.visualscripting@1.8.0\Editor\VisualScripting.Core\Dependencies\YamlDotNet\Unity.VisualScripting.YamlDotNet.dll
Symbol file LoadedFromMemory doesn't match image C:\Users\matej\Desktop\Hopeless\Project\Hopeless\Hopeless\Hopeless\Library\PackageCache\com.unity.visualscripting@1.8.0\Editor\VisualScripting.Core\Dependencies\DotNetZip\Unity.VisualScripting.IonicZip.dll
- Loaded All Assemblies, in  0.774 seconds
Refreshing native plugins compatible for Editor in 6.05 ms, found 4 plugins.
Native extension for WindowsStandalone target not found
Mono: successfully reloaded assembly
- Finished resetting the current domain, in  2.117 seconds
Domain Reload Profiling:
	ReloadAssembly (213ms)
		BeginReloadAssembly (145ms)
			ExecutionOrderSort (0ms)
			DisableScriptedObjects (13ms)
			BackupInstance (0ms)
			ReleaseScriptingObjects (0ms)
			CreateAndSetChildDomain (41ms)
		LoadAllAssembliesAndSetupDomain (557ms)
			LoadAssemblies (294ms)
			RebuildTransferFunctionScriptingTraits (0ms)
			SetupTypeCache (314ms)
				TypeCache.Initialize (303ms)
					TypeCache.ScanAssembly (298ms)
				ResolveRequiredComponents (10ms)
		FinalizeReload (0ms)
			ReleaseScriptCaches (0ms)
			RebuildScriptCaches (0ms)
			SetupLoadedEditorAssemblies (615ms)
				LogAssemblyErrors (0ms)
				InitializePlatformSupportModulesInManaged (6ms)
				SetLoadedEditorAssemblies (4ms)
				RefreshPlugins (0ms)
				BeforeProcessingInitializeOnLoad (95ms)
				ProcessInitializeOnLoadAttributes (442ms)
				ProcessInitializeOnLoadMethodAttributes (61ms)
				AfterProcessingInitializeOnLoad (8ms)
				EditorAssembliesLoaded (0ms)
			ExecutionOrderSort2 (0ms)
			AwakeInstancesAfterBackupRestoration (16ms)
Refreshing native plugins compatible for Editor in 5.31 ms, found 4 plugins.
Preloading 0 native plugins for Editor in 0.00 ms.
Unloading 6240 Unused Serialized files (Serialized files now loaded: 0)
Unloading 51 unused Assets / (1.1 MB). Loaded Objects now: 7059.
Memory consumption went from 210.4 MB to 209.2 MB.
Total: 4.615900 ms (FindLiveObjects: 0.449600 ms CreateObjectMapping: 0.422300 ms MarkObjects: 3.518400 ms  DeleteObjects: 0.224700 ms)

Prepare: number of updated asset objects reloaded= 0
AssetImportParameters requested are different than current active one (requested -> active):
  custom:container-demuxer-ogg: 62fdf1f143b41e24485cea50d1cbac27 -> 
  custom:framework-win-MediaFoundation: 216162199b28c13a410421893ffa2e32 -> 
  custom:container-muxer-webm: aa71ff27fc2769a1b78a27578f13a17b -> 
  custom:video-decoder-webm-vp8: 9c59270c3fd7afecdb556c50c9e8de78 -> 
  custom:AudioImporter_EditorPlatform: d09bf68614088b80899f8185d706f6e7 -> 
  custom:audio-decoder-ogg-vorbis: bf7c407c2cedff20999df2af8eb42d56 -> 
  custom:audio-encoder-webm-vorbis: bf7c407c2cedff20999df2af8eb42d56 -> 
  custom:video-decoder-ogg-theora: a1e56fd34408186e4bbccfd4996cb3dc -> 
  custom:container-demuxer-webm: 4f35f7cbe854078d1ac9338744f61a02 -> 
  custom:video-encoder-webm-vp8: eb34c28f22e8b96e1ab97ce403110664 -> 
========================================================================
Received Import Request.
  Time since last request: 501.269889 seconds.
  path: Assets/Sprites/Enemies/Exasperation.png
  artifactKey: Guid(b4ce5a7511e016b4cbfd3fe4e98f26e8) Importer(815301076,1909f56bfc062723c751e8b465ee728b)
Start importing Assets/Sprites/Enemies/Exasperation.png using Guid(b4ce5a7511e016b4cbfd3fe4e98f26e8) Importer(815301076,1909f56bfc062723c751e8b465ee728b)  -> (artifact id: 'd06b42c9182be9b8dfc721823b603116') in 0.061568 seconds
Number of updated asset objects reloaded before import = 0
Number of asset objects unloaded after import = 3
========================================================================
Received Import Request.
  Time since last request: 12.354647 seconds.
  path: Assets/Sprites/Enemies/Exasperation.png
  artifactKey: Guid(b4ce5a7511e016b4cbfd3fe4e98f26e8) Importer(815301076,1909f56bfc062723c751e8b465ee728b)
Start importing Assets/Sprites/Enemies/Exasperation.png using Guid(b4ce5a7511e016b4cbfd3fe4e98f26e8) Importer(815301076,1909f56bfc062723c751e8b465ee728b)  -> (artifact id: 'e459dcaf53d9896bc2840d1fbf79756d') in 0.011445 seconds
Number of updated asset objects reloaded before import = 0
Number of asset objects unloaded after import = 3
========================================================================
Received Import Request.
  Time since last request: 10.105736 seconds.
  path: Assets/Sprites/Enemies/Exasperation.png
  artifactKey: Guid(b4ce5a7511e016b4cbfd3fe4e98f26e8) Importer(815301076,1909f56bfc062723c751e8b465ee728b)
Start importing Assets/Sprites/Enemies/Exasperation.png using Guid(b4ce5a7511e016b4cbfd3fe4e98f26e8) Importer(815301076,1909f56bfc062723c751e8b465ee728b)  -> (artifact id: '35888b09bdc816c9285f040a2c037507') in 0.010384 seconds
Number of updated asset objects reloaded before import = 0
Number of asset objects unloaded after import = 3
========================================================================
Received Import Request.
  Time since last request: 19.713815 seconds.
  path: Assets/Prefabs/Enemies/Exasperation.prefab
  artifactKey: Guid(5e7eff7762ab9274e91f8189043994b9) Importer(815301076,1909f56bfc062723c751e8b465ee728b)
Start importing Assets/Prefabs/Enemies/Exasperation.prefab using Guid(5e7eff7762ab9274e91f8189043994b9) Importer(815301076,1909f56bfc062723c751e8b465ee728b)  -> (artifact id: '650cf949ebdd8b59e844a63702053b20') in 0.170496 seconds
Number of updated asset objects reloaded before import = 0
Number of asset objects unloaded after import = 75
========================================================================
Received Import Request.
  Time since last request: 15.564617 seconds.
  path: Assets/Materials/Enemies/Exasperation.mat
  artifactKey: Guid(9f7c81e1a0574dd498d06f858a524782) Importer(815301076,1909f56bfc062723c751e8b465ee728b)
Start importing Assets/Materials/Enemies/Exasperation.mat using Guid(9f7c81e1a0574dd498d06f858a524782) Importer(815301076,1909f56bfc062723c751e8b465ee728b)  -> (artifact id: '4ef6bf7debd815d55f74c8a471bc05f9') in 0.016858 seconds
Number of updated asset objects reloaded before import = 0
Number of asset objects unloaded after import = 3
========================================================================
Received Import Request.
  Time since last request: 34.160050 seconds.
  path: Assets/Prefabs/Enemies/Exasperation.prefab
  artifactKey: Guid(5e7eff7762ab9274e91f8189043994b9) Importer(815301076,1909f56bfc062723c751e8b465ee728b)
Start importing Assets/Prefabs/Enemies/Exasperation.prefab using Guid(5e7eff7762ab9274e91f8189043994b9) Importer(815301076,1909f56bfc062723c751e8b465ee728b)  -> (artifact id: '75b977165a01b940cb51cb5bab1fbb0a') in 0.028474 seconds
Number of updated asset objects reloaded before import = 0
Number of asset objects unloaded after import = 56
========================================================================
Received Import Request.
  Time since last request: 3.506984 seconds.
  path: Assets/Prefabs/Enemies/Exasperation.prefab
  artifactKey: Guid(5e7eff7762ab9274e91f8189043994b9) Importer(815301076,1909f56bfc062723c751e8b465ee728b)
Start importing Assets/Prefabs/Enemies/Exasperation.prefab using Guid(5e7eff7762ab9274e91f8189043994b9) Importer(815301076,1909f56bfc062723c751e8b465ee728b)  -> (artifact id: '2ed69a64071b635c5031fd0871e2a4c0') in 0.026989 seconds
Number of updated asset objects reloaded before import = 0
Number of asset objects unloaded after import = 56
========================================================================
Received Import Request.
  Time since last request: 4.272535 seconds.
  path: Assets/Prefabs/Enemies/Exasperation.prefab
  artifactKey: Guid(5e7eff7762ab9274e91f8189043994b9) Importer(815301076,1909f56bfc062723c751e8b465ee728b)
Start importing Assets/Prefabs/Enemies/Exasperation.prefab using Guid(5e7eff7762ab9274e91f8189043994b9) Importer(815301076,1909f56bfc062723c751e8b465ee728b)  -> (artifact id: '0d7bcef52f9693d70638fcefae8f61a2') in 0.022204 seconds
Number of updated asset objects reloaded before import = 0
Number of asset objects unloaded after import = 55
========================================================================
Received Import Request.
  Time since last request: 2.980134 seconds.
  path: Assets/Prefabs/Enemies/Exasperation.prefab
  artifactKey: Guid(5e7eff7762ab9274e91f8189043994b9) Importer(815301076,1909f56bfc062723c751e8b465ee728b)
Start importing Assets/Prefabs/Enemies/Exasperation.prefab using Guid(5e7eff7762ab9274e91f8189043994b9) Importer(815301076,1909f56bfc062723c751e8b465ee728b)  -> (artifact id: 'b2954ec07b8dcb4d2340a703e49dd738') in 0.022211 seconds
Number of updated asset objects reloaded before import = 0
Number of asset objects unloaded after import = 56
========================================================================
Received Import Request.
  Time since last request: 6.274864 seconds.
  path: Assets/Prefabs/Enemies/Exasperation.prefab
  artifactKey: Guid(5e7eff7762ab9274e91f8189043994b9) Importer(815301076,1909f56bfc062723c751e8b465ee728b)
Start importing Assets/Prefabs/Enemies/Exasperation.prefab using Guid(5e7eff7762ab9274e91f8189043994b9) Importer(815301076,1909f56bfc062723c751e8b465ee728b)  -> (artifact id: '78867bba6faa1f638356f7de235ec766') in 0.022529 seconds
Number of updated asset objects reloaded before import = 0
Number of asset objects unloaded after import = 56
========================================================================
Received Prepare
Begin MonoManager ReloadAssembly
Symbol file LoadedFromMemory doesn't match image C:\Users\matej\Desktop\Hopeless\Project\Hopeless\Hopeless\Hopeless\Library\PackageCache\com.unity.visualscripting@1.8.0\Editor\VisualScripting.Core\Dependencies\YamlDotNet\Unity.VisualScripting.YamlDotNet.dll
Symbol file LoadedFromMemory doesn't match image C:\Users\matej\Desktop\Hopeless\Project\Hopeless\Hopeless\Hopeless\Library\PackageCache\com.unity.visualscripting@1.8.0\Editor\VisualScripting.Core\Dependencies\DotNetZip\Unity.VisualScripting.IonicZip.dll
- Loaded All Assemblies, in  0.713 seconds
Refreshing native plugins compatible for Editor in 6.53 ms, found 4 plugins.
Native extension for WindowsStandalone target not found
Mono: successfully reloaded assembly
- Finished resetting the current domain, in  2.010 seconds
Domain Reload Profiling:
	ReloadAssembly (206ms)
		BeginReloadAssembly (140ms)
			ExecutionOrderSort (0ms)
			DisableScriptedObjects (15ms)
			BackupInstance (0ms)
			ReleaseScriptingObjects (0ms)
			CreateAndSetChildDomain (41ms)
		LoadAllAssembliesAndSetupDomain (503ms)
			LoadAssemblies (277ms)
			RebuildTransferFunctionScriptingTraits (0ms)
			SetupTypeCache (273ms)
				TypeCache.Initialize (260ms)
					TypeCache.ScanAssembly (255ms)
				ResolveRequiredComponents (13ms)
		FinalizeReload (0ms)
			ReleaseScriptCaches (0ms)
			RebuildScriptCaches (0ms)
			SetupLoadedEditorAssemblies (619ms)
				LogAssemblyErrors (0ms)
				InitializePlatformSupportModulesInManaged (6ms)
				SetLoadedEditorAssemblies (4ms)
				RefreshPlugins (0ms)
				BeforeProcessingInitializeOnLoad (93ms)
				ProcessInitializeOnLoadAttributes (444ms)
				ProcessInitializeOnLoadMethodAttributes (61ms)
				AfterProcessingInitializeOnLoad (10ms)
				EditorAssembliesLoaded (0ms)
			ExecutionOrderSort2 (0ms)
			AwakeInstancesAfterBackupRestoration (16ms)
Refreshing native plugins compatible for Editor in 5.44 ms, found 4 plugins.
Preloading 0 native plugins for Editor in 0.00 ms.
Unloading 6240 Unused Serialized files (Serialized files now loaded: 0)
Unloading 51 unused Assets / (1.1 MB). Loaded Objects now: 7118.
Memory consumption went from 210.4 MB to 209.3 MB.
Total: 4.995100 ms (FindLiveObjects: 0.432700 ms CreateObjectMapping: 0.544700 ms MarkObjects: 3.725600 ms  DeleteObjects: 0.291200 ms)

Prepare: number of updated asset objects reloaded= 0
AssetImportParameters requested are different than current active one (requested -> active):
  custom:container-demuxer-ogg: 62fdf1f143b41e24485cea50d1cbac27 -> 
  custom:framework-win-MediaFoundation: 216162199b28c13a410421893ffa2e32 -> 
  custom:container-muxer-webm: aa71ff27fc2769a1b78a27578f13a17b -> 
  custom:video-decoder-webm-vp8: 9c59270c3fd7afecdb556c50c9e8de78 -> 
  custom:AudioImporter_EditorPlatform: d09bf68614088b80899f8185d706f6e7 -> 
  custom:audio-decoder-ogg-vorbis: bf7c407c2cedff20999df2af8eb42d56 -> 
  custom:audio-encoder-webm-vorbis: bf7c407c2cedff20999df2af8eb42d56 -> 
  custom:video-decoder-ogg-theora: a1e56fd34408186e4bbccfd4996cb3dc -> 
  custom:container-demuxer-webm: 4f35f7cbe854078d1ac9338744f61a02 -> 
  custom:video-encoder-webm-vp8: eb34c28f22e8b96e1ab97ce403110664 -> 
========================================================================
Received Import Request.
  Time since last request: 156.621570 seconds.
  path: Assets/Prefabs/Enemies/Exasperation.prefab
  artifactKey: Guid(5e7eff7762ab9274e91f8189043994b9) Importer(815301076,1909f56bfc062723c751e8b465ee728b)
Start importing Assets/Prefabs/Enemies/Exasperation.prefab using Guid(5e7eff7762ab9274e91f8189043994b9) Importer(815301076,1909f56bfc062723c751e8b465ee728b)  -> (artifact id: '358e6224da61a6ff62c216251cd5865e') in 0.212003 seconds
Number of updated asset objects reloaded before import = 0
Number of asset objects unloaded after import = 74
========================================================================
Received Import Request.
  Time since last request: 72.495184 seconds.
  path: Assets/VFX/PCache/Enemies
  artifactKey: Guid(821b5e7959c8a3b4cbeac87a49a719de) Importer(815301076,1909f56bfc062723c751e8b465ee728b)
Start importing Assets/VFX/PCache/Enemies using Guid(821b5e7959c8a3b4cbeac87a49a719de) Importer(815301076,1909f56bfc062723c751e8b465ee728b)  -> (artifact id: 'a9fe233edab4728a315b1d76af031106') in 0.000462 seconds
Number of updated asset objects reloaded before import = 0
Number of asset objects unloaded after import = 0
========================================================================
Received Import Request.
  Time since last request: 0.043963 seconds.
  path: Assets/VFX/PCache/Enemies/Exasperation.pcache
  artifactKey: Guid(70a603ec066f8e24d9b41d3445d0df30) Importer(815301076,1909f56bfc062723c751e8b465ee728b)
Start importing Assets/VFX/PCache/Enemies/Exasperation.pcache using Guid(70a603ec066f8e24d9b41d3445d0df30) Importer(815301076,1909f56bfc062723c751e8b465ee728b)  -> (artifact id: 'aab2041fb2ae8df3e8a245ec7bab8bbc') in 0.014822 seconds
Number of updated asset objects reloaded before import = 0
Number of asset objects unloaded after import = 3
========================================================================
Received Import Request.
  Time since last request: 61.630480 seconds.
  path: Assets/VFX/EnemyDeath 1.vfx
  artifactKey: Guid(2ab07a3dde7836343a1bf995bb2ce268) Importer(815301076,1909f56bfc062723c751e8b465ee728b)
Start importing Assets/VFX/EnemyDeath 1.vfx using Guid(2ab07a3dde7836343a1bf995bb2ce268) Importer(815301076,1909f56bfc062723c751e8b465ee728b)  -> (artifact id: 'd723dc965e0b4f6b7e6c35069d35fbe2') in 0.140343 seconds
Number of updated asset objects reloaded before import = 0
Number of asset objects unloaded after import = 7
========================================================================
Received Import Request.
  Time since last request: 5.150609 seconds.
  path: Assets/VFX/ExasperationDeath.vfx
  artifactKey: Guid(2ab07a3dde7836343a1bf995bb2ce268) Importer(815301076,1909f56bfc062723c751e8b465ee728b)
Start importing Assets/VFX/ExasperationDeath.vfx using Guid(2ab07a3dde7836343a1bf995bb2ce268) Importer(815301076,1909f56bfc062723c751e8b465ee728b)  -> (artifact id: '8eaf219453e968669b79d85dcfead9dd') in 0.113992 seconds
Number of updated asset objects reloaded before import = 0
Number of asset objects unloaded after import = 7
========================================================================
Received Import Request.
  Time since last request: 3.560995 seconds.
  path: Assets/VFX/ExasperationDeath.vfx
  artifactKey: Guid(2ab07a3dde7836343a1bf995bb2ce268) Importer(815301076,1909f56bfc062723c751e8b465ee728b)
Start importing Assets/VFX/ExasperationDeath.vfx using Guid(2ab07a3dde7836343a1bf995bb2ce268) Importer(815301076,1909f56bfc062723c751e8b465ee728b)  -> (artifact id: 'c6291a022de23bbc5c66c95bb964c413') in 0.106643 seconds
Number of updated asset objects reloaded before import = 0
Number of asset objects unloaded after import = 7
========================================================================
Received Import Request.
  Time since last request: 8.039766 seconds.
  path: Assets/Scripts/Menu/MainMenu.cs
  artifactKey: Guid(7c682b38d88aa3847a91a74b1258ece4) Importer(2089858483,0ecaa5967403d082aa24f35e1b516d23)
Start importing Assets/Scripts/Menu/MainMenu.cs using Guid(7c682b38d88aa3847a91a74b1258ece4) Importer(2089858483,0ecaa5967403d082aa24f35e1b516d23) Generated GUIDs only implemented for interfaces!
 -> (artifact id: 'd3a755e09fd35f692a7e9d5f5a5a4f4c') in 0.167193 seconds
Number of updated asset objects reloaded before import = 0
Number of asset objects unloaded after import = 1
========================================================================
Received Import Request.
  Time since last request: 0.000018 seconds.
  path: Assets/Scripts/Environment/TransformObject.cs
  artifactKey: Guid(40193954f8e73a94e9bb8c7fd8fe3abf) Importer(2089858483,0ecaa5967403d082aa24f35e1b516d23)
Start importing Assets/Scripts/Environment/TransformObject.cs using Guid(40193954f8e73a94e9bb8c7fd8fe3abf) Importer(2089858483,0ecaa5967403d082aa24f35e1b516d23) Generated GUIDs only implemented for interfaces!
 -> (artifact id: 'e4af28e592df57629a107f9c3a666f16') in 0.007744 seconds
Number of updated asset objects reloaded before import = 0
Number of asset objects unloaded after import = 1
========================================================================
Received Import Request.
  Time since last request: 0.000025 seconds.
  path: Assets/Materials/Player.mat
  artifactKey: Guid(f2030ae5fb57f0a478bc374f4e8642c6) Importer(2089858483,0ecaa5967403d082aa24f35e1b516d23)
Start importing Assets/Materials/Player.mat using Guid(f2030ae5fb57f0a478bc374f4e8642c6) Importer(2089858483,0ecaa5967403d082aa24f35e1b516d23) Generated GUIDs only implemented for interfaces!
 -> (artifact id: 'ed1a618cac141bcfca260d2d6836f46d') in 0.013146 seconds
Number of updated asset objects reloaded before import = 0
Number of asset objects unloaded after import = 1
========================================================================
Received Import Request.
  Time since last request: 0.000085 seconds.
  path: Assets/Prefabs/EnemyBullet.prefab
  artifactKey: Guid(d459c98e055793b44801200acdc2ab5a) Importer(2089858483,0ecaa5967403d082aa24f35e1b516d23)
Start importing Assets/Prefabs/EnemyBullet.prefab using Guid(d459c98e055793b44801200acdc2ab5a) Importer(2089858483,0ecaa5967403d082aa24f35e1b516d23) Generated GUIDs only implemented for interfaces!
 -> (artifact id: '6565096d51aebe480ef8cb07264023cf') in 0.026602 seconds
Number of updated asset objects reloaded before import = 0
Number of asset objects unloaded after import = 19
========================================================================
Received Import Request.
  Time since last request: 0.000020 seconds.
  path: Assets/VFX/Hopeless.vfx
  artifactKey: Guid(9040e62d5e2c6464e95b787585d72ff1) Importer(2089858483,0ecaa5967403d082aa24f35e1b516d23)
Start importing Assets/VFX/Hopeless.vfx using Guid(9040e62d5e2c6464e95b787585d72ff1) Importer(2089858483,0ecaa5967403d082aa24f35e1b516d23) Generated GUIDs only implemented for interfaces!
 -> (artifact id: '6e8c865d718b3d42df5d1e4db0e6a107') in 0.029798 seconds
Number of updated asset objects reloaded before import = 0
Number of asset objects unloaded after import = 5
========================================================================
Received Import Request.
  Time since last request: 0.000017 seconds.
  path: Assets/Shaders/Noise.shadergraph
  artifactKey: Guid(0ddb060767571a6478454aee0888b2eb) Importer(2089858483,0ecaa5967403d082aa24f35e1b516d23)
Start importing Assets/Shaders/Noise.shadergraph using Guid(0ddb060767571a6478454aee0888b2eb) Importer(2089858483,0ecaa5967403d082aa24f35e1b516d23) Generated GUIDs only implemented for interfaces!
 -> (artifact id: '740d72b66f4341998ad58ef5e3874cc9') in 0.023151 seconds
Number of updated asset objects reloaded before import = 0
Number of asset objects unloaded after import = 3
========================================================================
Received Import Request.
  Time since last request: 0.000021 seconds.
  path: Assets/Scripts/Memories/RewardPanel.cs
  artifactKey: Guid(7ad7be1e02d7fd1498cbd87478a68a3c) Importer(2089858483,0ecaa5967403d082aa24f35e1b516d23)
Start importing Assets/Scripts/Memories/RewardPanel.cs using Guid(7ad7be1e02d7fd1498cbd87478a68a3c) Importer(2089858483,0ecaa5967403d082aa24f35e1b516d23) Generated GUIDs only implemented for interfaces!
 -> (artifact id: '9248b9790b2587a8c62dc924e59a178a') in 0.009815 seconds
Number of updated asset objects reloaded before import = 0
Number of asset objects unloaded after import = 1
========================================================================
Received Import Request.
  Time since last request: 0.000022 seconds.
  path: Assets/Scripts/Environment/TriggerEnterEvent.cs
  artifactKey: Guid(ffc4bcde4cd7dc24096ce95ea108cb39) Importer(2089858483,0ecaa5967403d082aa24f35e1b516d23)
Start importing Assets/Scripts/Environment/TriggerEnterEvent.cs using Guid(ffc4bcde4cd7dc24096ce95ea108cb39) Importer(2089858483,0ecaa5967403d082aa24f35e1b516d23) Generated GUIDs only implemented for interfaces!
 -> (artifact id: 'b962b0a441eed3c48c6c83114282b9ff') in 0.008726 seconds
Number of updated asset objects reloaded before import = 0
Number of asset objects unloaded after import = 1
========================================================================
Received Import Request.
  Time since last request: 0.000016 seconds.
  path: Assets/SFX/MenuCamera.wav
  artifactKey: Guid(f259556570b9f984fabc817bbdf29c24) Importer(2089858483,0ecaa5967403d082aa24f35e1b516d23)
Start importing Assets/SFX/MenuCamera.wav using Guid(f259556570b9f984fabc817bbdf29c24) Importer(2089858483,0ecaa5967403d082aa24f35e1b516d23) Generated GUIDs only implemented for interfaces!
 -> (artifact id: 'd2d412fc9961bb505fce0d61425f9c27') in 0.058587 seconds
Number of updated asset objects reloaded before import = 0
Number of asset objects unloaded after import = 1
========================================================================
Received Import Request.
  Time since last request: 0.000022 seconds.
  path: Assets/Sprites/Arrow.png
  artifactKey: Guid(4b1cfce96cda6bd458981424b5e4f347) Importer(2089858483,0ecaa5967403d082aa24f35e1b516d23)
Start importing Assets/Sprites/Arrow.png using Guid(4b1cfce96cda6bd458981424b5e4f347) Importer(2089858483,0ecaa5967403d082aa24f35e1b516d23) Generated GUIDs only implemented for interfaces!
 -> (artifact id: '4118ea21e11753f9b28bedb2300c7f53') in 0.041392 seconds
Number of updated asset objects reloaded before import = 0
Number of asset objects unloaded after import = 3
========================================================================
Received Import Request.
  Time since last request: 0.000028 seconds.
  path: Assets/Sprites/Enemies/Anger.png
  artifactKey: Guid(8a491ca571d0a0f4fa29dadab4e5e620) Importer(2089858483,0ecaa5967403d082aa24f35e1b516d23)
Start importing Assets/Sprites/Enemies/Anger.png using Guid(8a491ca571d0a0f4fa29dadab4e5e620) Importer(2089858483,0ecaa5967403d082aa24f35e1b516d23) Generated GUIDs only implemented for interfaces!
 -> (artifact id: '843b0fa3e12137d127b6fcba77b24401') in 0.016333 seconds
Number of updated asset objects reloaded before import = 0
Number of asset objects unloaded after import = 3
========================================================================
Received Import Request.
  Time since last request: 0.000015 seconds.
  path: Assets/SFX/AngerHit.wav
  artifactKey: Guid(e1c678b706df8094b96e3dbb162cdc65) Importer(2089858483,0ecaa5967403d082aa24f35e1b516d23)
Start importing Assets/SFX/AngerHit.wav using Guid(e1c678b706df8094b96e3dbb162cdc65) Importer(2089858483,0ecaa5967403d082aa24f35e1b516d23) Generated GUIDs only implemented for interfaces!
 -> (artifact id: '37710c040d80fbae90c8c6a7cca9cb54') in 0.048602 seconds
Number of updated asset objects reloaded before import = 0
Number of asset objects unloaded after import = 1
========================================================================
Received Import Request.
  Time since last request: 0.000018 seconds.
  path: Assets/Prefabs/Enemies/Anger.prefab
  artifactKey: Guid(0a4401ed72602a149b2da298cdc3ad58) Importer(2089858483,0ecaa5967403d082aa24f35e1b516d23)
Start importing Assets/Prefabs/Enemies/Anger.prefab using Guid(0a4401ed72602a149b2da298cdc3ad58) Importer(2089858483,0ecaa5967403d082aa24f35e1b516d23) Generated GUIDs only implemented for interfaces!
 -> (artifact id: '6453f68c6eac95db402d7711109b90c4') in 0.036747 seconds
Number of updated asset objects reloaded before import = 0
Number of asset objects unloaded after import = 48
========================================================================
Received Import Request.
  Time since last request: 0.000015 seconds.
  path: Assets/Scripts/Core
  artifactKey: Guid(7fe5076038023ed4db019f8ea315c790) Importer(2089858483,0ecaa5967403d082aa24f35e1b516d23)
Start importing Assets/Scripts/Core using Guid(7fe5076038023ed4db019f8ea315c790) Importer(2089858483,0ecaa5967403d082aa24f35e1b516d23) Generated GUIDs only implemented for interfaces!
 -> (artifact id: '9815cd3abdcc6f716f0cda76de8d8959') in 0.007402 seconds
Number of updated asset objects reloaded before import = 0
Number of asset objects unloaded after import = 1
========================================================================
Received Import Request.
  Time since last request: 0.000025 seconds.
  path: Assets/Scripts/Menu/ButtonSelection.cs
  artifactKey: Guid(c9fe87358119ec74195fc760bf09e055) Importer(2089858483,0ecaa5967403d082aa24f35e1b516d23)
Start importing Assets/Scripts/Menu/ButtonSelection.cs using Guid(c9fe87358119ec74195fc760bf09e055) Importer(2089858483,0ecaa5967403d082aa24f35e1b516d23) Generated GUIDs only implemented for interfaces!
 -> (artifact id: 'ee81f58deace37ea9bbd98555a9cca96') in 0.008213 seconds
Number of updated asset objects reloaded before import = 0
Number of asset objects unloaded after import = 1
========================================================================
Received Import Request.
  Time since last request: 0.000051 seconds.
  path: Assets/Prefabs/Enemies/ExasperationBullet.prefab
  artifactKey: Guid(f9ecc376fe1291b4d93973ffcbec62d4) Importer(2089858483,0ecaa5967403d082aa24f35e1b516d23)
Start importing Assets/Prefabs/Enemies/ExasperationBullet.prefab using Guid(f9ecc376fe1291b4d93973ffcbec62d4) Importer(2089858483,0ecaa5967403d082aa24f35e1b516d23) Generated GUIDs only implemented for interfaces!
 -> (artifact id: '4c9ab98cbb9238e565b6cd3f0fb49fb3') in 0.014943 seconds
Number of updated asset objects reloaded before import = 0
Number of asset objects unloaded after import = 19
========================================================================
Received Import Request.
  Time since last request: 0.000017 seconds.
  path: Assets/SFX/PlayerDeath.wav
  artifactKey: Guid(762e3148d64c2a14e8b1580461c469a3) Importer(2089858483,0ecaa5967403d082aa24f35e1b516d23)
Start importing Assets/SFX/PlayerDeath.wav using Guid(762e3148d64c2a14e8b1580461c469a3) Importer(2089858483,0ecaa5967403d082aa24f35e1b516d23) Generated GUIDs only implemented for interfaces!
 -> (artifact id: 'e1559e455fac738f5e24a0eaa229c3c5') in 0.054461 seconds
Number of updated asset objects reloaded before import = 0
Number of asset objects unloaded after import = 1
========================================================================
Received Import Request.
  Time since last request: 0.000015 seconds.
  path: Assets/VFX/Main Menu/SettingsToQuit.vfx
  artifactKey: Guid(3f2d87e9e2d8b6143b7dd3e9bd48ccf2) Importer(2089858483,0ecaa5967403d082aa24f35e1b516d23)
Start importing Assets/VFX/Main Menu/SettingsToQuit.vfx using Guid(3f2d87e9e2d8b6143b7dd3e9bd48ccf2) Importer(2089858483,0ecaa5967403d082aa24f35e1b516d23) Generated GUIDs only implemented for interfaces!
 -> (artifact id: '7232b5c8d5f35c4cb9d23d2fb307e921') in 0.014861 seconds
Number of updated asset objects reloaded before import = 0
Number of asset objects unloaded after import = 5
========================================================================
Received Import Request.
  Time since last request: 0.000024 seconds.
  path: Assets/SFX/PlayerShoot.wav
  artifactKey: Guid(852e8b6fc53dc0a4f85aab22bcb7c671) Importer(2089858483,0ecaa5967403d082aa24f35e1b516d23)
Start importing Assets/SFX/PlayerShoot.wav using Guid(852e8b6fc53dc0a4f85aab22bcb7c671) Importer(2089858483,0ecaa5967403d082aa24f35e1b516d23) Generated GUIDs only implemented for interfaces!
 -> (artifact id: '558d8c33fa3f084fa15a089131d28673') in 0.052499 seconds
Number of updated asset objects reloaded before import = 0
Number of asset objects unloaded after import = 1
========================================================================
Received Import Request.
  Time since last request: 0.000014 seconds.
  path: Assets/Scripts/Enemy/EnemyBullet.cs
  artifactKey: Guid(0c99d5723f9912c43a6a92d822c2e9f6) Importer(2089858483,0ecaa5967403d082aa24f35e1b516d23)
Start importing Assets/Scripts/Enemy/EnemyBullet.cs using Guid(0c99d5723f9912c43a6a92d822c2e9f6) Importer(2089858483,0ecaa5967403d082aa24f35e1b516d23) Generated GUIDs only implemented for interfaces!
 -> (artifact id: '2e488617a7df00aa0476b556ce5a3d9b') in 0.008141 seconds
Number of updated asset objects reloaded before import = 0
Number of asset objects unloaded after import = 1
========================================================================
Received Import Request.
  Time since last request: 0.000016 seconds.
  path: Assets/Scripts/Core/SFX.cs
  artifactKey: Guid(3bc3db612aa74554ea433d118b5f83d9) Importer(2089858483,0ecaa5967403d082aa24f35e1b516d23)
Start importing Assets/Scripts/Core/SFX.cs using Guid(3bc3db612aa74554ea433d118b5f83d9) Importer(2089858483,0ecaa5967403d082aa24f35e1b516d23) Generated GUIDs only implemented for interfaces!
 -> (artifact id: '3461a2cd72cf3da557de691b0b51d913') in 0.008320 seconds
Number of updated asset objects reloaded before import = 0
Number of asset objects unloaded after import = 1
========================================================================
Received Import Request.
  Time since last request: 0.000015 seconds.
  path: Assets/Scripts/Menu/nn.cs
  artifactKey: Guid(6d7b411d442e4f244aa37a445638657b) Importer(2089858483,0ecaa5967403d082aa24f35e1b516d23)
Start importing Assets/Scripts/Menu/nn.cs using Guid(6d7b411d442e4f244aa37a445638657b) Importer(2089858483,0ecaa5967403d082aa24f35e1b516d23) Generated GUIDs only implemented for interfaces!
 -> (artifact id: '17356eecc5a8b90c3b8fcef5be17a981') in 0.008865 seconds
Number of updated asset objects reloaded before import = 0
Number of asset objects unloaded after import = 1
========================================================================
Received Import Request.
  Time since last request: 0.000014 seconds.
  path: Assets/Materials/Enemies/Anger.mat
  artifactKey: Guid(54369daee58f9a74da14ff67ac383fbc) Importer(2089858483,0ecaa5967403d082aa24f35e1b516d23)
Start importing Assets/Materials/Enemies/Anger.mat using Guid(54369daee58f9a74da14ff67ac383fbc) Importer(2089858483,0ecaa5967403d082aa24f35e1b516d23) Generated GUIDs only implemented for interfaces!
 -> (artifact id: '7511b663e61a19c4f0216182e6e760ae') in 0.010318 seconds
Number of updated asset objects reloaded before import = 0
Number of asset objects unloaded after import = 2
========================================================================
Received Import Request.
  Time since last request: 0.000018 seconds.
  path: Assets/SFX/Trigger.wav
  artifactKey: Guid(b1ade963f631e034a95028be5c4aa9af) Importer(2089858483,0ecaa5967403d082aa24f35e1b516d23)
Start importing Assets/SFX/Trigger.wav using Guid(b1ade963f631e034a95028be5c4aa9af) Importer(2089858483,0ecaa5967403d082aa24f35e1b516d23) Generated GUIDs only implemented for interfaces!
 -> (artifact id: '93746090b96941379ea721b0474849fe') in 0.051023 seconds
Number of updated asset objects reloaded before import = 0
Number of asset objects unloaded after import = 1
========================================================================
Received Import Request.
  Time since last request: 0.000022 seconds.
  path: Assets/Scripts/Menu/CustomizationMenu.cs
  artifactKey: Guid(868571c21228c4e48ae4554eebfe15ae) Importer(2089858483,0ecaa5967403d082aa24f35e1b516d23)
Start importing Assets/Scripts/Menu/CustomizationMenu.cs using Guid(868571c21228c4e48ae4554eebfe15ae) Importer(2089858483,0ecaa5967403d082aa24f35e1b516d23) Generated GUIDs only implemented for interfaces!
 -> (artifact id: 'bc1e0c84f45980c2180807f5a052e351') in 0.007897 seconds
Number of updated asset objects reloaded before import = 0
Number of asset objects unloaded after import = 1
========================================================================
Received Import Request.
  Time since last request: 0.000016 seconds.
  path: Assets/Prefabs/Objects/CheckPoint.prefab
  artifactKey: Guid(33abcd61a2a0f55498431f1ca575eeef) Importer(2089858483,0ecaa5967403d082aa24f35e1b516d23)
Start importing Assets/Prefabs/Objects/CheckPoint.prefab using Guid(33abcd61a2a0f55498431f1ca575eeef) Importer(2089858483,0ecaa5967403d082aa24f35e1b516d23) Generated GUIDs only implemented for interfaces!
 -> (artifact id: '4c0b2f72a5c0399942b111a4e3715459') in 0.085929 seconds
Number of updated asset objects reloaded before import = 0
Number of asset objects unloaded after import = 13
========================================================================
Received Import Request.
  Time since last request: 0.000015 seconds.
  path: Assets/SFX/Checkpoint.wav
  artifactKey: Guid(5fecc0ee3f6d1c14ebcf056903a52235) Importer(2089858483,0ecaa5967403d082aa24f35e1b516d23)
Start importing Assets/SFX/Checkpoint.wav using Guid(5fecc0ee3f6d1c14ebcf056903a52235) Importer(2089858483,0ecaa5967403d082aa24f35e1b516d23) Generated GUIDs only implemented for interfaces!
 -> (artifact id: 'b3d9a8062b8b07d0b3b66bec6458c31e') in 0.055977 seconds
Number of updated asset objects reloaded before import = 0
Number of asset objects unloaded after import = 1
========================================================================
Received Import Request.
  Time since last request: 0.000020 seconds.
  path: Assets/VFX/PCache/Enemies/Exasperation.pcache
  artifactKey: Guid(70a603ec066f8e24d9b41d3445d0df30) Importer(2089858483,0ecaa5967403d082aa24f35e1b516d23)
Start importing Assets/VFX/PCache/Enemies/Exasperation.pcache using Guid(70a603ec066f8e24d9b41d3445d0df30) Importer(2089858483,0ecaa5967403d082aa24f35e1b516d23) Generated GUIDs only implemented for interfaces!
 -> (artifact id: 'a0fe05de1bb0f594f06e83ae053e904d') in 0.012721 seconds
Number of updated asset objects reloaded before import = 0
Number of asset objects unloaded after import = 2
========================================================================
Received Import Request.
  Time since last request: 0.000019 seconds.
  path: Assets/Scripts/Core/IHittable.cs
  artifactKey: Guid(a3e5ccfe87bb8ae45b9fc7682575163c) Importer(2089858483,0ecaa5967403d082aa24f35e1b516d23)
Start importing Assets/Scripts/Core/IHittable.cs using Guid(a3e5ccfe87bb8ae45b9fc7682575163c) Importer(2089858483,0ecaa5967403d082aa24f35e1b516d23) Generated GUIDs only implemented for interfaces!
 -> (artifact id: '99092ae89a2aeb5b1c30cf9a12bb0a4a') in 0.009353 seconds
Number of updated asset objects reloaded before import = 0
Number of asset objects unloaded after import = 1
========================================================================
Received Import Request.
  Time since last request: 0.000021 seconds.
  path: Assets/Scripts/Memories/Rewards.cs
  artifactKey: Guid(b8bf50c10adca3c46b0e31921a148528) Importer(2089858483,0ecaa5967403d082aa24f35e1b516d23)
Start importing Assets/Scripts/Memories/Rewards.cs using Guid(b8bf50c10adca3c46b0e31921a148528) Importer(2089858483,0ecaa5967403d082aa24f35e1b516d23) Generated GUIDs only implemented for interfaces!
 -> (artifact id: '4b2bd89cd3539b2b61e4ebe9ceb8a3f6') in 0.008894 seconds
Number of updated asset objects reloaded before import = 0
Number of asset objects unloaded after import = 1
========================================================================
Received Import Request.
  Time since last request: 0.000020 seconds.
  path: Assets/Scripts/PauseMenu/MenuButton.cs
  artifactKey: Guid(95569069687a9dd419f9c5803d0444bc) Importer(2089858483,0ecaa5967403d082aa24f35e1b516d23)
Start importing Assets/Scripts/PauseMenu/MenuButton.cs using Guid(95569069687a9dd419f9c5803d0444bc) Importer(2089858483,0ecaa5967403d082aa24f35e1b516d23) Generated GUIDs only implemented for interfaces!
 -> (artifact id: 'b648540a901f772f5c67817b518e376f') in 0.008689 seconds
Number of updated asset objects reloaded before import = 0
Number of asset objects unloaded after import = 1
========================================================================
Received Import Request.
  Time since last request: 0.000014 seconds.
  path: Assets/SFX
  artifactKey: Guid(6216a3cc08cad594e987930e04d7176f) Importer(2089858483,0ecaa5967403d082aa24f35e1b516d23)
Start importing Assets/SFX using Guid(6216a3cc08cad594e987930e04d7176f) Importer(2089858483,0ecaa5967403d082aa24f35e1b516d23) Generated GUIDs only implemented for interfaces!
 -> (artifact id: '1e909265101476372d9a3f7aba076a19') in 0.006271 seconds
Number of updated asset objects reloaded before import = 0
Number of asset objects unloaded after import = 1
========================================================================
Received Import Request.
  Time since last request: 0.000016 seconds.
  path: Assets/VFX/PlayerDeath.vfx
  artifactKey: Guid(da16aeb3af070b64e92344f367fd66bb) Importer(2089858483,0ecaa5967403d082aa24f35e1b516d23)
Start importing Assets/VFX/PlayerDeath.vfx using Guid(da16aeb3af070b64e92344f367fd66bb) Importer(2089858483,0ecaa5967403d082aa24f35e1b516d23) Generated GUIDs only implemented for interfaces!
 -> (artifact id: 'c87edc7f9933f29947f71b1f5d80afc1') in 0.016278 seconds
Number of updated asset objects reloaded before import = 0
Number of asset objects unloaded after import = 5
========================================================================
Received Import Request.
  Time since last request: 0.000015 seconds.
  path: Assets/Materials/BulletTrail.mat
  artifactKey: Guid(e235359906aea57448f54abbfbec3643) Importer(2089858483,0ecaa5967403d082aa24f35e1b516d23)
Start importing Assets/Materials/BulletTrail.mat using Guid(e235359906aea57448f54abbfbec3643) Importer(2089858483,0ecaa5967403d082aa24f35e1b516d23) Generated GUIDs only implemented for interfaces!
 -> (artifact id: 'f882ba17d7d54607651a756e822a64b9') in 0.015398 seconds
Number of updated asset objects reloaded before import = 0
Number of asset objects unloaded after import = 1
========================================================================
Received Import Request.
  Time since last request: 0.000016 seconds.
  path: Assets/VFX/PCache/Enemies
  artifactKey: Guid(821b5e7959c8a3b4cbeac87a49a719de) Importer(2089858483,0ecaa5967403d082aa24f35e1b516d23)
Start importing Assets/VFX/PCache/Enemies using Guid(821b5e7959c8a3b4cbeac87a49a719de) Importer(2089858483,0ecaa5967403d082aa24f35e1b516d23) Generated GUIDs only implemented for interfaces!
 -> (artifact id: '6abf9d094b8ad8d01751aa4ea8dbfc3d') in 0.006663 seconds
Number of updated asset objects reloaded before import = 0
Number of asset objects unloaded after import = 1
========================================================================
Received Import Request.
  Time since last request: 0.000017 seconds.
  path: Assets/Scripts/Menu/MenuCamera.cs
  artifactKey: Guid(3122f3756a1e3b640be1fc19985a48c9) Importer(2089858483,0ecaa5967403d082aa24f35e1b516d23)
Start importing Assets/Scripts/Menu/MenuCamera.cs using Guid(3122f3756a1e3b640be1fc19985a48c9) Importer(2089858483,0ecaa5967403d082aa24f35e1b516d23) Generated GUIDs only implemented for interfaces!
 -> (artifact id: '9f9462dd2f9d5bd2b85d526210a519bc') in 0.007586 seconds
Number of updated asset objects reloaded before import = 0
Number of asset objects unloaded after import = 1
========================================================================
Received Import Request.
  Time since last request: 0.000016 seconds.
  path: Assets/Scripts/Menu/VideoSettings.cs
  artifactKey: Guid(9f4cf5b6a258c794c85d02137ca64a17) Importer(2089858483,0ecaa5967403d082aa24f35e1b516d23)
Start importing Assets/Scripts/Menu/VideoSettings.cs using Guid(9f4cf5b6a258c794c85d02137ca64a17) Importer(2089858483,0ecaa5967403d082aa24f35e1b516d23) Generated GUIDs only implemented for interfaces!
 -> (artifact id: 'c2a2838abf4809047cdf3bddfe48c14e') in 0.008957 seconds
Number of updated asset objects reloaded before import = 0
Number of asset objects unloaded after import = 1
========================================================================
Received Import Request.
  Time since last request: 0.000018 seconds.
  path: Assets/SFX/MenuButtonEffect.wav
  artifactKey: Guid(a09435f591e288344b95a4a21481f1ae) Importer(2089858483,0ecaa5967403d082aa24f35e1b516d23)
Start importing Assets/SFX/MenuButtonEffect.wav using Guid(a09435f591e288344b95a4a21481f1ae) Importer(2089858483,0ecaa5967403d082aa24f35e1b516d23) Generated GUIDs only implemented for interfaces!
 -> (artifact id: 'd18ee52a7957d9336f6d91a7a4c17ffc') in 0.049546 seconds
Number of updated asset objects reloaded before import = 0
Number of asset objects unloaded after import = 1
========================================================================
Received Import Request.
  Time since last request: 0.000024 seconds.
  path: Assets/Scripts/Player/Dash.cs
  artifactKey: Guid(42805b63e01b0d04da47464b0401e6de) Importer(2089858483,0ecaa5967403d082aa24f35e1b516d23)
Start importing Assets/Scripts/Player/Dash.cs using Guid(42805b63e01b0d04da47464b0401e6de) Importer(2089858483,0ecaa5967403d082aa24f35e1b516d23) Generated GUIDs only implemented for interfaces!
 -> (artifact id: 'ef5a65981dae702972f2db52dc6c1a36') in 0.007257 seconds
Number of updated asset objects reloaded before import = 0
Number of asset objects unloaded after import = 1
========================================================================
Received Import Request.
  Time since last request: 0.000017 seconds.
  path: Assets/Prefabs/RewardPanel.prefab
  artifactKey: Guid(a6d60d18d6451b44f931c350835f22cd) Importer(2089858483,0ecaa5967403d082aa24f35e1b516d23)
Start importing Assets/Prefabs/RewardPanel.prefab using Guid(a6d60d18d6451b44f931c350835f22cd) Importer(2089858483,0ecaa5967403d082aa24f35e1b516d23) Generated GUIDs only implemented for interfaces!
 -> (artifact id: '1b784a59887558cdc8245a97cc437256') in 0.087666 seconds
Number of updated asset objects reloaded before import = 0
Number of asset objects unloaded after import = 22
========================================================================
Received Import Request.
  Time since last request: 0.001156 seconds.
  path: Assets/SFX/DepressionHit.wav
  artifactKey: Guid(7013725b369e652418cca400ee4aeee2) Importer(2089858483,0ecaa5967403d082aa24f35e1b516d23)
Start importing Assets/SFX/DepressionHit.wav using Guid(7013725b369e652418cca400ee4aeee2) Importer(2089858483,0ecaa5967403d082aa24f35e1b516d23) Generated GUIDs only implemented for interfaces!
 -> (artifact id: '68d5db3e2de203e0559b79cea2dd34be') in 0.054969 seconds
Number of updated asset objects reloaded before import = 0
Number of asset objects unloaded after import = 1
========================================================================
Received Import Request.
  Time since last request: 0.000013 seconds.
  path: Assets/Scenes/MainMenu.unity
  artifactKey: Guid(3134576415c0de84d9c14311c35047b8) Importer(2089858483,0ecaa5967403d082aa24f35e1b516d23)
Start importing Assets/Scenes/MainMenu.unity using Guid(3134576415c0de84d9c14311c35047b8) Importer(2089858483,0ecaa5967403d082aa24f35e1b516d23) Generated GUIDs only implemented for interfaces!
 -> (artifact id: 'd6c029a3bd16bf090c940acdb3cc055b') in 0.006472 seconds
Number of updated asset objects reloaded before import = 0
Number of asset objects unloaded after import = 1
========================================================================
Received Import Request.
  Time since last request: 0.000020 seconds.
  path: Assets/VFX/ExasperationDeath.vfx
  artifactKey: Guid(2ab07a3dde7836343a1bf995bb2ce268) Importer(2089858483,0ecaa5967403d082aa24f35e1b516d23)
Start importing Assets/VFX/ExasperationDeath.vfx using Guid(2ab07a3dde7836343a1bf995bb2ce268) Importer(2089858483,0ecaa5967403d082aa24f35e1b516d23) Generated GUIDs only implemented for interfaces!
 -> (artifact id: 'ac95d39fd7c3dc6d381ca4209f7c580a') in 0.019567 seconds
Number of updated asset objects reloaded before import = 0
Number of asset objects unloaded after import = 6
========================================================================
Received Import Request.
  Time since last request: 0.000015 seconds.
  path: Assets/Scripts/PauseMenu/TogglePauseMenu.cs
  artifactKey: Guid(c8c8bd56565817241ada3dfa7460581e) Importer(2089858483,0ecaa5967403d082aa24f35e1b516d23)
Start importing Assets/Scripts/PauseMenu/TogglePauseMenu.cs using Guid(c8c8bd56565817241ada3dfa7460581e) Importer(2089858483,0ecaa5967403d082aa24f35e1b516d23) Generated GUIDs only implemented for interfaces!
 -> (artifact id: '7cd12f6e2c8f39490bf4c76c8c664a15') in 0.007905 seconds
Number of updated asset objects reloaded before import = 0
Number of asset objects unloaded after import = 1
========================================================================
Received Import Request.
  Time since last request: 0.000026 seconds.
  path: Assets/Scripts/Player/Prefs.cs
  artifactKey: Guid(a439fb1b2a6dcd745a2f424b764dd211) Importer(2089858483,0ecaa5967403d082aa24f35e1b516d23)
Start importing Assets/Scripts/Player/Prefs.cs using Guid(a439fb1b2a6dcd745a2f424b764dd211) Importer(2089858483,0ecaa5967403d082aa24f35e1b516d23) Generated GUIDs only implemented for interfaces!
 -> (artifact id: 'dd222d6e4424678e918b00d81cb2da59') in 0.007432 seconds
Number of updated asset objects reloaded before import = 0
Number of asset objects unloaded after import = 1
========================================================================
Received Import Request.
  Time since last request: 0.000015 seconds.
  path: Assets/Scripts/Cam/CameraTransitionTrigger.cs
  artifactKey: Guid(b4786ad8f08c52547848235847ecce8b) Importer(2089858483,0ecaa5967403d082aa24f35e1b516d23)
Start importing Assets/Scripts/Cam/CameraTransitionTrigger.cs using Guid(b4786ad8f08c52547848235847ecce8b) Importer(2089858483,0ecaa5967403d082aa24f35e1b516d23) Generated GUIDs only implemented for interfaces!
 -> (artifact id: '47e94eeafd33577db2df5f8f20dc798e') in 0.007939 seconds
Number of updated asset objects reloaded before import = 0
Number of asset objects unloaded after import = 1
========================================================================
Received Import Request.
  Time since last request: 0.000016 seconds.
  path: Assets/Main.mixer
  artifactKey: Guid(00e5b3a0760ef73439cff1b47dff10a2) Importer(2089858483,0ecaa5967403d082aa24f35e1b516d23)
Start importing Assets/Main.mixer using Guid(00e5b3a0760ef73439cff1b47dff10a2) Importer(2089858483,0ecaa5967403d082aa24f35e1b516d23) Generated GUIDs only implemented for interfaces!
 -> (artifact id: '67dc08be4eb170c9d4961dd229de450a') in 0.017466 seconds
Number of updated asset objects reloaded before import = 0
Number of asset objects unloaded after import = 9
========================================================================
Received Import Request.
  Time since last request: 0.000018 seconds.
  path: Assets/Scripts/Menu/GameSettings.cs
  artifactKey: Guid(cf2b9c741c82601499ee805e1216387e) Importer(2089858483,0ecaa5967403d082aa24f35e1b516d23)
Start importing Assets/Scripts/Menu/GameSettings.cs using Guid(cf2b9c741c82601499ee805e1216387e) Importer(2089858483,0ecaa5967403d082aa24f35e1b516d23) Generated GUIDs only implemented for interfaces!
 -> (artifact id: '09cfb670b827e8f85f3c83a1761fc62a') in 0.008530 seconds
Number of updated asset objects reloaded before import = 0
Number of asset objects unloaded after import = 1
========================================================================
Received Import Request.
  Time since last request: 0.000015 seconds.
  path: Assets/Materials/MenuSlider.mat
  artifactKey: Guid(4e29820a90484a448b6083f5c5d3af14) Importer(2089858483,0ecaa5967403d082aa24f35e1b516d23)
Start importing Assets/Materials/MenuSlider.mat using Guid(4e29820a90484a448b6083f5c5d3af14) Importer(2089858483,0ecaa5967403d082aa24f35e1b516d23) Generated GUIDs only implemented for interfaces!
 -> (artifact id: 'b65c4bbce7e8f5f776f9151708783db0') in 0.008366 seconds
Number of updated asset objects reloaded before import = 0
Number of asset objects unloaded after import = 1
========================================================================
Received Import Request.
  Time since last request: 0.000017 seconds.
  path: Assets/Sprites/Enemies/Exasperation.png
  artifactKey: Guid(b4ce5a7511e016b4cbfd3fe4e98f26e8) Importer(2089858483,0ecaa5967403d082aa24f35e1b516d23)
Start importing Assets/Sprites/Enemies/Exasperation.png using Guid(b4ce5a7511e016b4cbfd3fe4e98f26e8) Importer(2089858483,0ecaa5967403d082aa24f35e1b516d23) Generated GUIDs only implemented for interfaces!
 -> (artifact id: 'eaca00c12ff0bd2e855eebf92c6b4a36') in 0.017714 seconds
Number of updated asset objects reloaded before import = 0
Number of asset objects unloaded after import = 3
========================================================================
Received Import Request.
  Time since last request: 0.000014 seconds.
  path: Assets/SFX/ExasperationShoot.wav
  artifactKey: Guid(b02106fd169e2174cb2ac4a43167bb1f) Importer(2089858483,0ecaa5967403d082aa24f35e1b516d23)
Start importing Assets/SFX/ExasperationShoot.wav using Guid(b02106fd169e2174cb2ac4a43167bb1f) Importer(2089858483,0ecaa5967403d082aa24f35e1b516d23) Generated GUIDs only implemented for interfaces!
 -> (artifact id: '7b0764dbeb5955acb738d552f3d38ca0') in 0.048481 seconds
Number of updated asset objects reloaded before import = 0
Number of asset objects unloaded after import = 1
========================================================================
Received Import Request.
  Time since last request: 0.000018 seconds.
  path: Assets/Scripts/Core/NnUtils.cs
  artifactKey: Guid(26fac2aba4bf7c544b39dcace8479b3c) Importer(2089858483,0ecaa5967403d082aa24f35e1b516d23)
Start importing Assets/Scripts/Core/NnUtils.cs using Guid(26fac2aba4bf7c544b39dcace8479b3c) Importer(2089858483,0ecaa5967403d082aa24f35e1b516d23) Generated GUIDs only implemented for interfaces!
 -> (artifact id: '9d661ca39253c2ff59164b1b2ea7d03b') in 0.007852 seconds
Number of updated asset objects reloaded before import = 0
Number of asset objects unloaded after import = 1
========================================================================
Received Prepare
Refreshing native plugins compatible for Editor in 5.47 ms, found 4 plugins.
Preloading 0 native plugins for Editor in 0.00 ms.
Unloading 5 Unused Serialized files (Serialized files now loaded: 0)
Unloading 7 unused Assets / (1.1 MB). Loaded Objects now: 7196.
Memory consumption went from 115.9 MB to 114.8 MB.
Total: 5.520900 ms (FindLiveObjects: 0.455100 ms CreateObjectMapping: 0.480300 ms MarkObjects: 4.377800 ms  DeleteObjects: 0.207000 ms)

Prepare: number of updated asset objects reloaded= 0
AssetImportParameters requested are different than current active one (requested -> active):
  custom:container-demuxer-ogg: 62fdf1f143b41e24485cea50d1cbac27 -> 
  custom:framework-win-MediaFoundation: 216162199b28c13a410421893ffa2e32 -> 
  custom:container-muxer-webm: aa71ff27fc2769a1b78a27578f13a17b -> 
  custom:video-decoder-webm-vp8: 9c59270c3fd7afecdb556c50c9e8de78 -> 
  custom:SearchIndexIgnoredProperties: e643bd26f0fe6173181afceb89e7c659 -> 
  custom:AudioImporter_EditorPlatform: d09bf68614088b80899f8185d706f6e7 -> 
  custom:audio-decoder-ogg-vorbis: bf7c407c2cedff20999df2af8eb42d56 -> 
  custom:audio-encoder-webm-vorbis: bf7c407c2cedff20999df2af8eb42d56 -> 
  custom:video-decoder-ogg-theora: a1e56fd34408186e4bbccfd4996cb3dc -> 
  custom:container-demuxer-webm: 4f35f7cbe854078d1ac9338744f61a02 -> 
  custom:video-encoder-webm-vp8: eb34c28f22e8b96e1ab97ce403110664 -> 
Editor requested this worker to shutdown with reason: Scaling down because of idle timeout
TcpMessagingSession - receive error: operation aborted. errorcode: 995, details: The I/O operation has been aborted because of either a thread exit or an application request.
AssetImportWorker is now disconnected from the server
Process exiting
Exiting without the bug reporter. Application will terminate with return code 0