Using pre-set license
Built from '2021.3/staging' branch; Version is '2021.3.22f1 (b6c551784ba3) revision 11978065'; Using compiler version '192829333'; Build Type 'Release'
OS: 'Windows 10  (10.0.19045) 64bit Professional' Language: 'en' Physical Memory: 32685 MB
BatchMode: 1, IsHumanControllingUs: 0, StartBugReporterOnCrash: 0, Is64bit: 1, IsPro: 1

COMMAND LINE ARGUMENTS:
C:\Program Files\Unity\Hub\Editor\2021.3.22f1\Editor\Unity.exe
-adb2
-batchMode
-noUpm
-name
AssetImportWorker2
-projectPath
C:/Users/matej/Desktop/Hopeless/Project/Hopeless/Hopeless/Hopeless
-logFile
Logs/AssetImportWorker2.log
-srvPort
50111
Successfully changed project path to: C:/Users/matej/Desktop/Hopeless/Project/Hopeless/Hopeless/Hopeless
C:/Users/matej/Desktop/Hopeless/Project/Hopeless/Hopeless/Hopeless
[UnityMemory] Configuration Parameters - Can be set up in boot.config
    "memorysetup-bucket-allocator-granularity=16"
    "memorysetup-bucket-allocator-bucket-count=8"
    "memorysetup-bucket-allocator-block-size=33554432"
    "memorysetup-bucket-allocator-block-count=8"
    "memorysetup-main-allocator-block-size=16777216"
    "memorysetup-thread-allocator-block-size=16777216"
    "memorysetup-gfx-main-allocator-block-size=16777216"
    "memorysetup-gfx-thread-allocator-block-size=16777216"
    "memorysetup-cache-allocator-block-size=4194304"
    "memorysetup-typetree-allocator-block-size=2097152"
    "memorysetup-profiler-bucket-allocator-granularity=16"
    "memorysetup-profiler-bucket-allocator-bucket-count=8"
    "memorysetup-profiler-bucket-allocator-block-size=33554432"
    "memorysetup-profiler-bucket-allocator-block-count=8"
    "memorysetup-profiler-allocator-block-size=16777216"
    "memorysetup-profiler-editor-allocator-block-size=1048576"
    "memorysetup-temp-allocator-size-main=16777216"
    "memorysetup-job-temp-allocator-block-size=2097152"
    "memorysetup-job-temp-allocator-block-size-background=1048576"
    "memorysetup-job-temp-allocator-reduction-small-platforms=262144"
    "memorysetup-temp-allocator-size-background-worker=32768"
    "memorysetup-temp-allocator-size-job-worker=262144"
    "memorysetup-temp-allocator-size-preload-manager=33554432"
    "memorysetup-temp-allocator-size-nav-mesh-worker=65536"
    "memorysetup-temp-allocator-size-audio-worker=65536"
    "memorysetup-temp-allocator-size-cloud-worker=32768"
    "memorysetup-temp-allocator-size-gi-baking-worker=262144"
    "memorysetup-temp-allocator-size-gfx=262144"
Player connection [7224] Host "[IP] 192.168.0.16 [Port] 0 [Flags] 2 [Guid] 2831073859 [EditorId] 2831073859 [Version] 1048832 [Id] WindowsEditor(7,DESKTOP-980R9ES) [Debug] 1 [PackageName] WindowsEditor [ProjectName] Editor" joined multi-casting on [225.0.0.222:54997]...

Player connection [7224] Host "[IP] 192.168.0.16 [Port] 0 [Flags] 2 [Guid] 2831073859 [EditorId] 2831073859 [Version] 1048832 [Id] WindowsEditor(7,DESKTOP-980R9ES) [Debug] 1 [PackageName] WindowsEditor [ProjectName] Editor" joined alternative multi-casting on [225.0.0.222:34997]...

Refreshing native plugins compatible for Editor in 122.67 ms, found 4 plugins.
Preloading 0 native plugins for Editor in 0.00 ms.
Initialize engine version: 2021.3.22f1 (b6c551784ba3)
[Subsystems] Discovering subsystems at path C:/Program Files/Unity/Hub/Editor/2021.3.22f1/Editor/Data/Resources/UnitySubsystems
[Subsystems] Discovering subsystems at path C:/Users/matej/Desktop/Hopeless/Project/Hopeless/Hopeless/Hopeless/Assets
GfxDevice: creating device client; threaded=0; jobified=0
Direct3D:
    Version:  Direct3D 11.0 [level 11.1]
    Renderer: NVIDIA GeForce RTX 3060 (ID=0x2504)
    Vendor:   NVIDIA
    VRAM:     12129 MB
    Driver:   31.0.15.3141
Initialize mono
Mono path[0] = 'C:/Program Files/Unity/Hub/Editor/2021.3.22f1/Editor/Data/Managed'
Mono path[1] = 'C:/Program Files/Unity/Hub/Editor/2021.3.22f1/Editor/Data/MonoBleedingEdge/lib/mono/unityjit-win32'
Mono config path = 'C:/Program Files/Unity/Hub/Editor/2021.3.22f1/Editor/Data/MonoBleedingEdge/etc'
Using monoOptions --debugger-agent=transport=dt_socket,embedding=1,server=y,suspend=n,address=127.0.0.1:56092
Begin MonoManager ReloadAssembly
Registering precompiled unity dll's ...
Register platform support module: C:/Program Files/Unity/Hub/Editor/2021.3.22f1/Editor/Data/PlaybackEngines/WindowsStandaloneSupport/UnityEditor.WindowsStandalone.Extensions.dll
Registered in 0.006151 seconds.
Native extension for WindowsStandalone target not found
Refreshing native plugins compatible for Editor in 108.09 ms, found 4 plugins.
Preloading 0 native plugins for Editor in 0.00 ms.
Mono: successfully reloaded assembly
- Completed reload, in  0.579 seconds
Domain Reload Profiling:
	ReloadAssembly (580ms)
		BeginReloadAssembly (68ms)
			ExecutionOrderSort (0ms)
			DisableScriptedObjects (0ms)
			BackupInstance (0ms)
			ReleaseScriptingObjects (0ms)
			CreateAndSetChildDomain (1ms)
		EndReloadAssembly (426ms)
			LoadAssemblies (66ms)
			RebuildTransferFunctionScriptingTraits (0ms)
			SetupTypeCache (86ms)
			ReleaseScriptCaches (0ms)
			RebuildScriptCaches (24ms)
			SetupLoadedEditorAssemblies (273ms)
				LogAssemblyErrors (0ms)
				InitializePlatformSupportModulesInManaged (7ms)
				SetLoadedEditorAssemblies (0ms)
				RefreshPlugins (108ms)
				BeforeProcessingInitializeOnLoad (2ms)
				ProcessInitializeOnLoadAttributes (117ms)
				ProcessInitializeOnLoadMethodAttributes (39ms)
				AfterProcessingInitializeOnLoad (0ms)
				EditorAssembliesLoaded (0ms)
			ExecutionOrderSort2 (0ms)
			AwakeInstancesAfterBackupRestoration (0ms)
Platform modules already initialized, skipping
Registering precompiled user dll's ...
Registered in 0.006083 seconds.
Begin MonoManager ReloadAssembly
Symbol file LoadedFromMemory doesn't match image C:\Users\matej\Desktop\Hopeless\Project\Hopeless\Hopeless\Hopeless\Library\PackageCache\com.unity.visualscripting@1.8.0\Editor\VisualScripting.Core\Dependencies\YamlDotNet\Unity.VisualScripting.YamlDotNet.dll
Symbol file LoadedFromMemory doesn't match image C:\Users\matej\Desktop\Hopeless\Project\Hopeless\Hopeless\Hopeless\Library\PackageCache\com.unity.visualscripting@1.8.0\Editor\VisualScripting.Core\Dependencies\DotNetZip\Unity.VisualScripting.IonicZip.dll
Native extension for WindowsStandalone target not found
Refreshing native plugins compatible for Editor in 116.11 ms, found 4 plugins.
Preloading 0 native plugins for Editor in 0.00 ms.
Mono: successfully reloaded assembly
- Completed reload, in  1.336 seconds
Domain Reload Profiling:
	ReloadAssembly (1337ms)
		BeginReloadAssembly (95ms)
			ExecutionOrderSort (0ms)
			DisableScriptedObjects (5ms)
			BackupInstance (0ms)
			ReleaseScriptingObjects (0ms)
			CreateAndSetChildDomain (14ms)
		EndReloadAssembly (1149ms)
			LoadAssemblies (79ms)
			RebuildTransferFunctionScriptingTraits (0ms)
			SetupTypeCache (224ms)
			ReleaseScriptCaches (1ms)
			RebuildScriptCaches (66ms)
			SetupLoadedEditorAssemblies (738ms)
				LogAssemblyErrors (0ms)
				InitializePlatformSupportModulesInManaged (5ms)
				SetLoadedEditorAssemblies (0ms)
				RefreshPlugins (116ms)
				BeforeProcessingInitializeOnLoad (126ms)
				ProcessInitializeOnLoadAttributes (399ms)
				ProcessInitializeOnLoadMethodAttributes (73ms)
				AfterProcessingInitializeOnLoad (19ms)
				EditorAssembliesLoaded (0ms)
			ExecutionOrderSort2 (0ms)
			AwakeInstancesAfterBackupRestoration (7ms)
Platform modules already initialized, skipping
========================================================================
Worker process is ready to serve import requests
Launched and connected shader compiler UnityShaderCompiler.exe after 0.08 seconds
Refreshing native plugins compatible for Editor in 1.25 ms, found 4 plugins.
Preloading 0 native plugins for Editor in 0.00 ms.
Unloading 5408 Unused Serialized files (Serialized files now loaded: 0)
Unloading 62 unused Assets / (1.1 MB). Loaded Objects now: 5856.
Memory consumption went from 217.4 MB to 216.3 MB.
Total: 4.176100 ms (FindLiveObjects: 0.378000 ms CreateObjectMapping: 0.332200 ms MarkObjects: 2.959100 ms  DeleteObjects: 0.505900 ms)

AssetImportParameters requested are different than current active one (requested -> active):
  custom:video-decoder-ogg-theora: a1e56fd34408186e4bbccfd4996cb3dc -> 
  custom:container-muxer-webm: aa71ff27fc2769a1b78a27578f13a17b -> 
  custom:container-demuxer-webm: 4f35f7cbe854078d1ac9338744f61a02 -> 
  custom:video-encoder-webm-vp8: eb34c28f22e8b96e1ab97ce403110664 -> 
  custom:audio-encoder-webm-vorbis: bf7c407c2cedff20999df2af8eb42d56 -> 
  custom:framework-win-MediaFoundation: 216162199b28c13a410421893ffa2e32 -> 
  custom:container-demuxer-ogg: 62fdf1f143b41e24485cea50d1cbac27 -> 
  custom:video-decoder-webm-vp8: 9c59270c3fd7afecdb556c50c9e8de78 -> 
  custom:audio-decoder-ogg-vorbis: bf7c407c2cedff20999df2af8eb42d56 -> 
========================================================================
Received Import Request.
  Time since last request: 826.671228 seconds.
  path: Assets/Prefabs/Objects/Platform.prefab
  artifactKey: Guid(a3851613ca9ccd849a41066827e6bf88) Importer(815301076,1909f56bfc062723c751e8b465ee728b)
Start importing Assets/Prefabs/Objects/Platform.prefab using Guid(a3851613ca9ccd849a41066827e6bf88) Importer(815301076,1909f56bfc062723c751e8b465ee728b)  -> (artifact id: '6f7b45fd8245a1228b403855084ea5b8') in 0.202451 seconds 
========================================================================
Received Import Request.
  Time since last request: 11.480212 seconds.
  path: Assets/Prefabs/Objects/Platform.prefab
  artifactKey: Guid(a3851613ca9ccd849a41066827e6bf88) Importer(815301076,1909f56bfc062723c751e8b465ee728b)
Start importing Assets/Prefabs/Objects/Platform.prefab using Guid(a3851613ca9ccd849a41066827e6bf88) Importer(815301076,1909f56bfc062723c751e8b465ee728b)  -> (artifact id: '612a9e7d1b7f1252cc059f0f7e8fe3b0') in 0.010108 seconds 
========================================================================
Received Import Request.
  Time since last request: 0.000023 seconds.
  path: Assets/Prefabs/Objects/Dash Trap.prefab
  artifactKey: Guid(1dd3071720e698646aa576662a77bea6) Importer(815301076,1909f56bfc062723c751e8b465ee728b)
Start importing Assets/Prefabs/Objects/Dash Trap.prefab using Guid(1dd3071720e698646aa576662a77bea6) Importer(815301076,1909f56bfc062723c751e8b465ee728b)  -> (artifact id: '0b260ea93df5b7b596cb6a8232d843ce') in 0.015718 seconds 
========================================================================
Received Import Request.
  Time since last request: 2.259281 seconds.
  path: Assets/Prefabs/Objects/Platform.prefab
  artifactKey: Guid(a3851613ca9ccd849a41066827e6bf88) Importer(815301076,1909f56bfc062723c751e8b465ee728b)
Start importing Assets/Prefabs/Objects/Platform.prefab using Guid(a3851613ca9ccd849a41066827e6bf88) Importer(815301076,1909f56bfc062723c751e8b465ee728b)  -> (artifact id: '983c53f26190d2b545f0ab83c50b87b1') in 0.013089 seconds 
========================================================================
Received Import Request.
  Time since last request: 4.045017 seconds.
  path: Assets/Prefabs/Objects/Platform.prefab
  artifactKey: Guid(a3851613ca9ccd849a41066827e6bf88) Importer(815301076,1909f56bfc062723c751e8b465ee728b)
Start importing Assets/Prefabs/Objects/Platform.prefab using Guid(a3851613ca9ccd849a41066827e6bf88) Importer(815301076,1909f56bfc062723c751e8b465ee728b)  -> (artifact id: '3e445552659a19f8074503737874b8d3') in 0.008693 seconds 
========================================================================
Received Import Request.
  Time since last request: 0.002690 seconds.
  path: Assets/Prefabs/Objects/Dash Trap.prefab
  artifactKey: Guid(1dd3071720e698646aa576662a77bea6) Importer(815301076,1909f56bfc062723c751e8b465ee728b)
Start importing Assets/Prefabs/Objects/Dash Trap.prefab using Guid(1dd3071720e698646aa576662a77bea6) Importer(815301076,1909f56bfc062723c751e8b465ee728b)  -> (artifact id: 'a0f719500aada1db6fcda65d61a43fae') in 0.013595 seconds 
========================================================================
Received Import Request.
  Time since last request: 8.802254 seconds.
  path: Assets/Prefabs/Objects/Platform.prefab
  artifactKey: Guid(a3851613ca9ccd849a41066827e6bf88) Importer(815301076,1909f56bfc062723c751e8b465ee728b)
Start importing Assets/Prefabs/Objects/Platform.prefab using Guid(a3851613ca9ccd849a41066827e6bf88) Importer(815301076,1909f56bfc062723c751e8b465ee728b)  -> (artifact id: 'fc76b5e3156a3d71c486ded03d60d43b') in 0.011856 seconds 
========================================================================
Received Import Request.
  Time since last request: 3.309332 seconds.
  path: Assets/Prefabs/Objects/Platform.prefab
  artifactKey: Guid(a3851613ca9ccd849a41066827e6bf88) Importer(815301076,1909f56bfc062723c751e8b465ee728b)
Start importing Assets/Prefabs/Objects/Platform.prefab using Guid(a3851613ca9ccd849a41066827e6bf88) Importer(815301076,1909f56bfc062723c751e8b465ee728b)  -> (artifact id: 'ba6b3965ca35d0ee4845cd581a4ed486') in 0.009900 seconds 
========================================================================
Received Import Request.
  Time since last request: 0.000016 seconds.
  path: Assets/Prefabs/Objects/Dash Trap.prefab
  artifactKey: Guid(1dd3071720e698646aa576662a77bea6) Importer(815301076,1909f56bfc062723c751e8b465ee728b)
Start importing Assets/Prefabs/Objects/Dash Trap.prefab using Guid(1dd3071720e698646aa576662a77bea6) Importer(815301076,1909f56bfc062723c751e8b465ee728b)  -> (artifact id: 'f68297616eb6684e3c2f57230867f08f') in 0.012292 seconds 
========================================================================
Received Import Request.
  Time since last request: 8.904367 seconds.
  path: Assets/Prefabs/Objects/Platform.prefab
  artifactKey: Guid(a3851613ca9ccd849a41066827e6bf88) Importer(815301076,1909f56bfc062723c751e8b465ee728b)
Start importing Assets/Prefabs/Objects/Platform.prefab using Guid(a3851613ca9ccd849a41066827e6bf88) Importer(815301076,1909f56bfc062723c751e8b465ee728b)  -> (artifact id: '2fa974ffc4d63e7e383b947ea51354d7') in 0.010363 seconds 
========================================================================
Received Import Request.
  Time since last request: 41.510975 seconds.
  path: Assets/Prefabs/Objects/Platform.prefab
  artifactKey: Guid(a3851613ca9ccd849a41066827e6bf88) Importer(815301076,1909f56bfc062723c751e8b465ee728b)
Start importing Assets/Prefabs/Objects/Platform.prefab using Guid(a3851613ca9ccd849a41066827e6bf88) Importer(815301076,1909f56bfc062723c751e8b465ee728b)  -> (artifact id: 'a40253d2a8eaca5053b7f302fe696203') in 0.010322 seconds 
========================================================================
Received Import Request.
  Time since last request: 0.000018 seconds.
  path: Assets/Prefabs/Objects/Dash Trap.prefab
  artifactKey: Guid(1dd3071720e698646aa576662a77bea6) Importer(815301076,1909f56bfc062723c751e8b465ee728b)
Start importing Assets/Prefabs/Objects/Dash Trap.prefab using Guid(1dd3071720e698646aa576662a77bea6) Importer(815301076,1909f56bfc062723c751e8b465ee728b)  -> (artifact id: 'b5b60b23e77f122d85f7f131d7488339') in 0.012334 seconds 
========================================================================
Received Import Request.
  Time since last request: 82.967596 seconds.
  path: Assets/Prefabs/Objects/Platform.prefab
  artifactKey: Guid(a3851613ca9ccd849a41066827e6bf88) Importer(815301076,1909f56bfc062723c751e8b465ee728b)
Start importing Assets/Prefabs/Objects/Platform.prefab using Guid(a3851613ca9ccd849a41066827e6bf88) Importer(815301076,1909f56bfc062723c751e8b465ee728b)  -> (artifact id: 'bac9b450bace1cde0eb5cebda1c053a5') in 0.009571 seconds 
========================================================================
Received Import Request.
  Time since last request: 0.162170 seconds.
  path: Assets/Prefabs/Objects/Dash Trap.prefab
  artifactKey: Guid(1dd3071720e698646aa576662a77bea6) Importer(815301076,1909f56bfc062723c751e8b465ee728b)
Start importing Assets/Prefabs/Objects/Dash Trap.prefab using Guid(1dd3071720e698646aa576662a77bea6) Importer(815301076,1909f56bfc062723c751e8b465ee728b)  -> (artifact id: 'd2d064ff4f90f9fc63ac5406b2e3a30d') in 0.025792 seconds 
========================================================================
Received Import Request.
  Time since last request: 0.000024 seconds.
  path: Assets/Prefabs/Objects/Slope.prefab
  artifactKey: Guid(8c62de3bcbeed424ab73d4510c884235) Importer(815301076,1909f56bfc062723c751e8b465ee728b)
Start importing Assets/Prefabs/Objects/Slope.prefab using Guid(8c62de3bcbeed424ab73d4510c884235) Importer(815301076,1909f56bfc062723c751e8b465ee728b)  -> (artifact id: '169f11394281a9672f0d0db484643f21') in 0.012730 seconds 
========================================================================
Received Import Request.
  Time since last request: 0.000022 seconds.
  path: Assets/Prefabs/Objects/Pressure Plate.prefab
  artifactKey: Guid(89aaf4e97095ed440915b48fedf5ae68) Importer(815301076,1909f56bfc062723c751e8b465ee728b)
Start importing Assets/Prefabs/Objects/Pressure Plate.prefab using Guid(89aaf4e97095ed440915b48fedf5ae68) Importer(815301076,1909f56bfc062723c751e8b465ee728b)  -> (artifact id: '86a8eaa8ada0937b83a7b16ebd3e900f') in 0.013738 seconds 
========================================================================
Received Import Request.
  Time since last request: 988.217311 seconds.
  path: Assets/Prefabs/Objects/Platform.prefab
  artifactKey: Guid(a3851613ca9ccd849a41066827e6bf88) Importer(815301076,1909f56bfc062723c751e8b465ee728b)
Start importing Assets/Prefabs/Objects/Platform.prefab using Guid(a3851613ca9ccd849a41066827e6bf88) Importer(815301076,1909f56bfc062723c751e8b465ee728b)  -> (artifact id: 'ea743cea7b47e14fe21909489695338b') in 0.010694 seconds 
========================================================================
Received Import Request.
  Time since last request: 0.160959 seconds.
  path: Assets/Prefabs/Objects/Dash Trap.prefab
  artifactKey: Guid(1dd3071720e698646aa576662a77bea6) Importer(815301076,1909f56bfc062723c751e8b465ee728b)
Start importing Assets/Prefabs/Objects/Dash Trap.prefab using Guid(1dd3071720e698646aa576662a77bea6) Importer(815301076,1909f56bfc062723c751e8b465ee728b)  -> (artifact id: '7a2d5ae342aebf5e92ea4f36e3206a41') in 0.013630 seconds 
========================================================================
Received Import Request.
  Time since last request: 0.000017 seconds.
  path: Assets/Prefabs/Objects/Slope.prefab
  artifactKey: Guid(8c62de3bcbeed424ab73d4510c884235) Importer(815301076,1909f56bfc062723c751e8b465ee728b)
Start importing Assets/Prefabs/Objects/Slope.prefab using Guid(8c62de3bcbeed424ab73d4510c884235) Importer(815301076,1909f56bfc062723c751e8b465ee728b)  -> (artifact id: '456fb2c141054ddb9345603c520e2c76') in 0.013160 seconds 
========================================================================
Received Import Request.
  Time since last request: 0.000019 seconds.
  path: Assets/Prefabs/Objects/Spike.prefab
  artifactKey: Guid(d38f6a7445c8d6542a39449a3a158bfd) Importer(815301076,1909f56bfc062723c751e8b465ee728b)
Start importing Assets/Prefabs/Objects/Spike.prefab using Guid(d38f6a7445c8d6542a39449a3a158bfd) Importer(815301076,1909f56bfc062723c751e8b465ee728b)  -> (artifact id: '8d55dad460569537de51bb37c62106d6') in 0.011427 seconds 
========================================================================
Received Import Request.
  Time since last request: 0.000019 seconds.
  path: Assets/Prefabs/Objects/Pressure Plate.prefab
  artifactKey: Guid(89aaf4e97095ed440915b48fedf5ae68) Importer(815301076,1909f56bfc062723c751e8b465ee728b)
Start importing Assets/Prefabs/Objects/Pressure Plate.prefab using Guid(89aaf4e97095ed440915b48fedf5ae68) Importer(815301076,1909f56bfc062723c751e8b465ee728b)  -> (artifact id: '0c9a8facc36c1b948f2d24785544d11e') in 0.013743 seconds 
Editor requested this worker to shutdown with reason: Scaling down because of idle timeout
AssetImportWorker is now disconnected from the server
Process exiting
Exiting without the bug reporter. Application will terminate with return code 0