Using pre-set license
Built from '2021.3/staging' branch; Version is '2021.3.22f1 (b6c551784ba3) revision 11978065'; Using compiler version '192829333'; Build Type 'Release'
OS: 'Windows 10  (10.0.19045) 64bit Professional' Language: 'en' Physical Memory: 32685 MB
BatchMode: 1, IsHumanControllingUs: 0, StartBugReporterOnCrash: 0, Is64bit: 1, IsPro: 1

COMMAND LINE ARGUMENTS:
C:\Program Files\Unity\Hub\Editor\2021.3.22f1\Editor\Unity.exe
-adb2
-batchMode
-noUpm
-name
AssetImportWorker15
-projectPath
C:/Users/matej/Desktop/Hopeless/Project/Hopeless/Hopeless/Hopeless
-logFile
Logs/AssetImportWorker15.log
-srvPort
50111
Successfully changed project path to: C:/Users/matej/Desktop/Hopeless/Project/Hopeless/Hopeless/Hopeless
C:/Users/matej/Desktop/Hopeless/Project/Hopeless/Hopeless/Hopeless
[UnityMemory] Configuration Parameters - Can be set up in boot.config
    "memorysetup-bucket-allocator-granularity=16"
    "memorysetup-bucket-allocator-bucket-count=8"
    "memorysetup-bucket-allocator-block-size=33554432"
    "memorysetup-bucket-allocator-block-count=8"
    "memorysetup-main-allocator-block-size=16777216"
    "memorysetup-thread-allocator-block-size=16777216"
    "memorysetup-gfx-main-allocator-block-size=16777216"
    "memorysetup-gfx-thread-allocator-block-size=16777216"
    "memorysetup-cache-allocator-block-size=4194304"
    "memorysetup-typetree-allocator-block-size=2097152"
    "memorysetup-profiler-bucket-allocator-granularity=16"
    "memorysetup-profiler-bucket-allocator-bucket-count=8"
    "memorysetup-profiler-bucket-allocator-block-size=33554432"
    "memorysetup-profiler-bucket-allocator-block-count=8"
    "memorysetup-profiler-allocator-block-size=16777216"
    "memorysetup-profiler-editor-allocator-block-size=1048576"
    "memorysetup-temp-allocator-size-main=16777216"
    "memorysetup-job-temp-allocator-block-size=2097152"
    "memorysetup-job-temp-allocator-block-size-background=1048576"
    "memorysetup-job-temp-allocator-reduction-small-platforms=262144"
    "memorysetup-temp-allocator-size-background-worker=32768"
    "memorysetup-temp-allocator-size-job-worker=262144"
    "memorysetup-temp-allocator-size-preload-manager=33554432"
    "memorysetup-temp-allocator-size-nav-mesh-worker=65536"
    "memorysetup-temp-allocator-size-audio-worker=65536"
    "memorysetup-temp-allocator-size-cloud-worker=32768"
    "memorysetup-temp-allocator-size-gi-baking-worker=262144"
    "memorysetup-temp-allocator-size-gfx=262144"
Player connection [18684] Host "[IP] 192.168.0.16 [Port] 0 [Flags] 2 [Guid] 3813331152 [EditorId] 3813331152 [Version] 1048832 [Id] WindowsEditor(7,DESKTOP-980R9ES) [Debug] 1 [PackageName] WindowsEditor [ProjectName] Editor" joined multi-casting on [225.0.0.222:54997]...

Player connection [18684] Host "[IP] 192.168.0.16 [Port] 0 [Flags] 2 [Guid] 3813331152 [EditorId] 3813331152 [Version] 1048832 [Id] WindowsEditor(7,DESKTOP-980R9ES) [Debug] 1 [PackageName] WindowsEditor [ProjectName] Editor" joined alternative multi-casting on [225.0.0.222:34997]...

Refreshing native plugins compatible for Editor in 108.24 ms, found 4 plugins.
Preloading 0 native plugins for Editor in 0.00 ms.
Initialize engine version: 2021.3.22f1 (b6c551784ba3)
[Subsystems] Discovering subsystems at path C:/Program Files/Unity/Hub/Editor/2021.3.22f1/Editor/Data/Resources/UnitySubsystems
[Subsystems] Discovering subsystems at path C:/Users/matej/Desktop/Hopeless/Project/Hopeless/Hopeless/Hopeless/Assets
GfxDevice: creating device client; threaded=0; jobified=0
Direct3D:
    Version:  Direct3D 11.0 [level 11.1]
    Renderer: NVIDIA GeForce RTX 3060 (ID=0x2504)
    Vendor:   NVIDIA
    VRAM:     12129 MB
    Driver:   31.0.15.3141
Initialize mono
Mono path[0] = 'C:/Program Files/Unity/Hub/Editor/2021.3.22f1/Editor/Data/Managed'
Mono path[1] = 'C:/Program Files/Unity/Hub/Editor/2021.3.22f1/Editor/Data/MonoBleedingEdge/lib/mono/unityjit-win32'
Mono config path = 'C:/Program Files/Unity/Hub/Editor/2021.3.22f1/Editor/Data/MonoBleedingEdge/etc'
Using monoOptions --debugger-agent=transport=dt_socket,embedding=1,server=y,suspend=n,address=127.0.0.1:56320
Begin MonoManager ReloadAssembly
Registering precompiled unity dll's ...
Register platform support module: C:/Program Files/Unity/Hub/Editor/2021.3.22f1/Editor/Data/PlaybackEngines/WindowsStandaloneSupport/UnityEditor.WindowsStandalone.Extensions.dll
Registered in 0.005604 seconds.
Native extension for WindowsStandalone target not found
Refreshing native plugins compatible for Editor in 112.40 ms, found 4 plugins.
Preloading 0 native plugins for Editor in 0.00 ms.
Mono: successfully reloaded assembly
- Completed reload, in  0.591 seconds
Domain Reload Profiling:
	ReloadAssembly (592ms)
		BeginReloadAssembly (73ms)
			ExecutionOrderSort (0ms)
			DisableScriptedObjects (0ms)
			BackupInstance (0ms)
			ReleaseScriptingObjects (0ms)
			CreateAndSetChildDomain (1ms)
		EndReloadAssembly (434ms)
			LoadAssemblies (70ms)
			RebuildTransferFunctionScriptingTraits (0ms)
			SetupTypeCache (87ms)
			ReleaseScriptCaches (0ms)
			RebuildScriptCaches (24ms)
			SetupLoadedEditorAssemblies (281ms)
				LogAssemblyErrors (0ms)
				InitializePlatformSupportModulesInManaged (6ms)
				SetLoadedEditorAssemblies (0ms)
				RefreshPlugins (112ms)
				BeforeProcessingInitializeOnLoad (1ms)
				ProcessInitializeOnLoadAttributes (122ms)
				ProcessInitializeOnLoadMethodAttributes (39ms)
				AfterProcessingInitializeOnLoad (0ms)
				EditorAssembliesLoaded (0ms)
			ExecutionOrderSort2 (0ms)
			AwakeInstancesAfterBackupRestoration (0ms)
Platform modules already initialized, skipping
Registering precompiled user dll's ...
Registered in 0.008027 seconds.
Begin MonoManager ReloadAssembly
Symbol file LoadedFromMemory doesn't match image C:\Users\matej\Desktop\Hopeless\Project\Hopeless\Hopeless\Hopeless\Library\PackageCache\com.unity.visualscripting@1.8.0\Editor\VisualScripting.Core\Dependencies\YamlDotNet\Unity.VisualScripting.YamlDotNet.dll
Symbol file LoadedFromMemory doesn't match image C:\Users\matej\Desktop\Hopeless\Project\Hopeless\Hopeless\Hopeless\Library\PackageCache\com.unity.visualscripting@1.8.0\Editor\VisualScripting.Core\Dependencies\DotNetZip\Unity.VisualScripting.IonicZip.dll
Native extension for WindowsStandalone target not found
Refreshing native plugins compatible for Editor in 109.57 ms, found 4 plugins.
Preloading 0 native plugins for Editor in 0.00 ms.
Mono: successfully reloaded assembly
- Completed reload, in  1.295 seconds
Domain Reload Profiling:
	ReloadAssembly (1296ms)
		BeginReloadAssembly (97ms)
			ExecutionOrderSort (0ms)
			DisableScriptedObjects (5ms)
			BackupInstance (0ms)
			ReleaseScriptingObjects (0ms)
			CreateAndSetChildDomain (15ms)
		EndReloadAssembly (1100ms)
			LoadAssemblies (79ms)
			RebuildTransferFunctionScriptingTraits (0ms)
			SetupTypeCache (224ms)
			ReleaseScriptCaches (1ms)
			RebuildScriptCaches (59ms)
			SetupLoadedEditorAssemblies (703ms)
				LogAssemblyErrors (0ms)
				InitializePlatformSupportModulesInManaged (4ms)
				SetLoadedEditorAssemblies (0ms)
				RefreshPlugins (110ms)
				BeforeProcessingInitializeOnLoad (116ms)
				ProcessInitializeOnLoadAttributes (401ms)
				ProcessInitializeOnLoadMethodAttributes (65ms)
				AfterProcessingInitializeOnLoad (8ms)
				EditorAssembliesLoaded (0ms)
			ExecutionOrderSort2 (0ms)
			AwakeInstancesAfterBackupRestoration (5ms)
Platform modules already initialized, skipping
========================================================================
Worker process is ready to serve import requests
Launched and connected shader compiler UnityShaderCompiler.exe after 0.05 seconds
Refreshing native plugins compatible for Editor in 0.93 ms, found 4 plugins.
Preloading 0 native plugins for Editor in 0.00 ms.
Unloading 5408 Unused Serialized files (Serialized files now loaded: 0)
Unloading 62 unused Assets / (1.1 MB). Loaded Objects now: 5856.
Memory consumption went from 217.4 MB to 216.3 MB.
Total: 3.926800 ms (FindLiveObjects: 0.358600 ms CreateObjectMapping: 0.341200 ms MarkObjects: 2.812300 ms  DeleteObjects: 0.413900 ms)

AssetImportParameters requested are different than current active one (requested -> active):
  custom:video-decoder-ogg-theora: a1e56fd34408186e4bbccfd4996cb3dc -> 
  custom:container-muxer-webm: aa71ff27fc2769a1b78a27578f13a17b -> 
  custom:container-demuxer-webm: 4f35f7cbe854078d1ac9338744f61a02 -> 
  custom:video-encoder-webm-vp8: eb34c28f22e8b96e1ab97ce403110664 -> 
  custom:audio-encoder-webm-vorbis: bf7c407c2cedff20999df2af8eb42d56 -> 
  custom:framework-win-MediaFoundation: 216162199b28c13a410421893ffa2e32 -> 
  custom:container-demuxer-ogg: 62fdf1f143b41e24485cea50d1cbac27 -> 
  custom:video-decoder-webm-vp8: 9c59270c3fd7afecdb556c50c9e8de78 -> 
  custom:audio-decoder-ogg-vorbis: bf7c407c2cedff20999df2af8eb42d56 -> 
========================================================================
Received Import Request.
  Time since last request: 4869.148995 seconds.
  path: Assets/Materials/Objects/Platform.mat
  artifactKey: Guid(3e0e672c70679e448b640557220ea335) Importer(815301076,1909f56bfc062723c751e8b465ee728b)
Start importing Assets/Materials/Objects/Platform.mat using Guid(3e0e672c70679e448b640557220ea335) Importer(815301076,1909f56bfc062723c751e8b465ee728b)  -> (artifact id: 'd5dd0a9a357ef92ef5db0693c27a08de') in 0.475184 seconds 
========================================================================
Received Import Request.
  Time since last request: 25.758281 seconds.
  path: Assets/Materials/Objects/Platform.mat
  artifactKey: Guid(3e0e672c70679e448b640557220ea335) Importer(815301076,1909f56bfc062723c751e8b465ee728b)
Start importing Assets/Materials/Objects/Platform.mat using Guid(3e0e672c70679e448b640557220ea335) Importer(815301076,1909f56bfc062723c751e8b465ee728b)  -> (artifact id: '63c02a3c0ccf914493e8ad730545f26c') in 0.021084 seconds 
========================================================================
Received Import Request.
  Time since last request: 0.000021 seconds.
  path: Assets/Materials/Objects/Spike.mat
  artifactKey: Guid(071f36714df6cf8468f3abd35e5602a5) Importer(815301076,1909f56bfc062723c751e8b465ee728b)
Start importing Assets/Materials/Objects/Spike.mat using Guid(071f36714df6cf8468f3abd35e5602a5) Importer(815301076,1909f56bfc062723c751e8b465ee728b)  -> (artifact id: '90385702caffff5915e3179d06f05345') in 0.007169 seconds 
========================================================================
Received Import Request.
  Time since last request: 83.367005 seconds.
  path: Assets/Sprites/Pressure Plate Button.png
  artifactKey: Guid(11ecebb1445052c439b5a0bd6d1095ec) Importer(815301076,1909f56bfc062723c751e8b465ee728b)
Start importing Assets/Sprites/Pressure Plate Button.png using Guid(11ecebb1445052c439b5a0bd6d1095ec) Importer(815301076,1909f56bfc062723c751e8b465ee728b)  -> (artifact id: '1774c894ba16100ec3fa461b5e1149e0') in 0.044214 seconds 
========================================================================
Received Import Request.
  Time since last request: 5.933267 seconds.
  path: Assets/Sprites/Pressure Plate Button.png
  artifactKey: Guid(11ecebb1445052c439b5a0bd6d1095ec) Importer(815301076,1909f56bfc062723c751e8b465ee728b)
Start importing Assets/Sprites/Pressure Plate Button.png using Guid(11ecebb1445052c439b5a0bd6d1095ec) Importer(815301076,1909f56bfc062723c751e8b465ee728b)  -> (artifact id: '18cfd4b8c1babcb31aeaa622f9106c74') in 0.006238 seconds 
========================================================================
Received Import Request.
  Time since last request: 8.265159 seconds.
  path: Assets/Sprites/Pressure Plate Button.png
  artifactKey: Guid(11ecebb1445052c439b5a0bd6d1095ec) Importer(815301076,1909f56bfc062723c751e8b465ee728b)
Start importing Assets/Sprites/Pressure Plate Button.png using Guid(11ecebb1445052c439b5a0bd6d1095ec) Importer(815301076,1909f56bfc062723c751e8b465ee728b)  -> (artifact id: 'b76eeb40a397489cce651686b649b93b') in 0.006661 seconds 
========================================================================
Received Import Request.
  Time since last request: 7.168866 seconds.
  path: Assets/Sprites/Pressure Plate Button.png
  artifactKey: Guid(11ecebb1445052c439b5a0bd6d1095ec) Importer(815301076,1909f56bfc062723c751e8b465ee728b)
Start importing Assets/Sprites/Pressure Plate Button.png using Guid(11ecebb1445052c439b5a0bd6d1095ec) Importer(815301076,1909f56bfc062723c751e8b465ee728b)  -> (artifact id: '2199936fe47396641fe3b606d9c61631') in 0.010797 seconds 
========================================================================
Received Import Request.
  Time since last request: 8.117395 seconds.
  path: Assets/Sprites/Pressure Plate Button.png
  artifactKey: Guid(11ecebb1445052c439b5a0bd6d1095ec) Importer(815301076,1909f56bfc062723c751e8b465ee728b)
Start importing Assets/Sprites/Pressure Plate Button.png using Guid(11ecebb1445052c439b5a0bd6d1095ec) Importer(815301076,1909f56bfc062723c751e8b465ee728b)  -> (artifact id: '332ec35a33bd3efe3b2aaef3ac89f859') in 0.009362 seconds 
========================================================================
Received Import Request.
  Time since last request: 7.072710 seconds.
  path: Assets/Sprites/Pressure Plate Button.png
  artifactKey: Guid(11ecebb1445052c439b5a0bd6d1095ec) Importer(815301076,1909f56bfc062723c751e8b465ee728b)
Start importing Assets/Sprites/Pressure Plate Button.png using Guid(11ecebb1445052c439b5a0bd6d1095ec) Importer(815301076,1909f56bfc062723c751e8b465ee728b)  -> (artifact id: '35e7f90831308a2345e9b41ca9727a04') in 0.009447 seconds 
========================================================================
Received Import Request.
  Time since last request: 24.386846 seconds.
  path: Assets/Materials/Objects/Pressure Plate Base.mat
  artifactKey: Guid(3f21e8a9d7ceca248bfe690ebd7bdacc) Importer(815301076,1909f56bfc062723c751e8b465ee728b)
Start importing Assets/Materials/Objects/Pressure Plate Base.mat using Guid(3f21e8a9d7ceca248bfe690ebd7bdacc) Importer(815301076,1909f56bfc062723c751e8b465ee728b)  -> (artifact id: '07de642f24d7d0df96887c86d2678030') in 0.009799 seconds 
========================================================================
Received Import Request.
  Time since last request: 14.113868 seconds.
  path: Assets/Materials/Objects/Pressure Plate.mat
  artifactKey: Guid(6c6201ac6d2db1b4a872e17a64b686ce) Importer(815301076,1909f56bfc062723c751e8b465ee728b)
Start importing Assets/Materials/Objects/Pressure Plate.mat using Guid(6c6201ac6d2db1b4a872e17a64b686ce) Importer(815301076,1909f56bfc062723c751e8b465ee728b)  -> (artifact id: '0842733d447add806f4578706811d7e9') in 0.007747 seconds 
========================================================================
Received Import Request.
  Time since last request: 103.865931 seconds.
  path: Packages/com.unity.2d.animation/Editor/Assets/Icons/Light/Sprite Resolver@4x.png
  artifactKey: Guid(812106d50a8a76a4d9e68c85c8fb976a) Importer(815301076,1909f56bfc062723c751e8b465ee728b)
Start importing Packages/com.unity.2d.animation/Editor/Assets/Icons/Light/Sprite Resolver@4x.png using Guid(812106d50a8a76a4d9e68c85c8fb976a) Importer(815301076,1909f56bfc062723c751e8b465ee728b)  -> (artifact id: '825a0014e8ed3eca737ee90fe2bc6cd2') in 0.026922 seconds 
========================================================================
Received Import Request.
  Time since last request: 0.000021 seconds.
  path: Packages/com.unity.2d.animation/Editor/Assets/Icons/Light/Sprite Resolver@16x.png
  artifactKey: Guid(21851b41c37aac24cb83471559da7465) Importer(815301076,1909f56bfc062723c751e8b465ee728b)
Start importing Packages/com.unity.2d.animation/Editor/Assets/Icons/Light/Sprite Resolver@16x.png using Guid(21851b41c37aac24cb83471559da7465) Importer(815301076,1909f56bfc062723c751e8b465ee728b)  -> (artifact id: 'ae22887f857532b0adc65af798b161a9') in 0.017405 seconds 
========================================================================
Received Import Request.
  Time since last request: 4.169154 seconds.
  path: Packages/com.unity.2d.spriteshape/Editor/Icons/SpriteShape@64.png
  artifactKey: Guid(0a9a0f36a52ce7f4d813fbf5d8f76a1c) Importer(815301076,1909f56bfc062723c751e8b465ee728b)
Start importing Packages/com.unity.2d.spriteshape/Editor/Icons/SpriteShape@64.png using Guid(0a9a0f36a52ce7f4d813fbf5d8f76a1c) Importer(815301076,1909f56bfc062723c751e8b465ee728b)  -> (artifact id: 'ff49a5cdea8d3ff2023893688a59a11c') in 0.029484 seconds 
========================================================================
Received Import Request.
  Time since last request: 46.523713 seconds.
  path: Assets/Sprites/Spike.png
  artifactKey: Guid(6e5e502a132b1094b93d3f372ad0ad2a) Importer(815301076,1909f56bfc062723c751e8b465ee728b)
Start importing Assets/Sprites/Spike.png using Guid(6e5e502a132b1094b93d3f372ad0ad2a) Importer(815301076,1909f56bfc062723c751e8b465ee728b)  -> (artifact id: 'd6e4f08254b5e1c76e5b21895d26c4ff') in 0.010455 seconds 
========================================================================
Received Import Request.
  Time since last request: 6.468295 seconds.
  path: Assets/Sprites/Spike.png
  artifactKey: Guid(6e5e502a132b1094b93d3f372ad0ad2a) Importer(815301076,1909f56bfc062723c751e8b465ee728b)
Start importing Assets/Sprites/Spike.png using Guid(6e5e502a132b1094b93d3f372ad0ad2a) Importer(815301076,1909f56bfc062723c751e8b465ee728b)  -> (artifact id: '57acece988e6d8179db1f2bad8255139') in 0.009171 seconds 
========================================================================
Received Import Request.
  Time since last request: 3.028698 seconds.
  path: Assets/Sprites/Spike.png
  artifactKey: Guid(6e5e502a132b1094b93d3f372ad0ad2a) Importer(815301076,1909f56bfc062723c751e8b465ee728b)
Start importing Assets/Sprites/Spike.png using Guid(6e5e502a132b1094b93d3f372ad0ad2a) Importer(815301076,1909f56bfc062723c751e8b465ee728b)  -> (artifact id: '0a1fd684e1c7103d043b839065d5d072') in 0.010595 seconds 
========================================================================
Received Import Request.
  Time since last request: 6.550940 seconds.
  path: Assets/Sprites/Spike.png
  artifactKey: Guid(6e5e502a132b1094b93d3f372ad0ad2a) Importer(815301076,1909f56bfc062723c751e8b465ee728b)
Start importing Assets/Sprites/Spike.png using Guid(6e5e502a132b1094b93d3f372ad0ad2a) Importer(815301076,1909f56bfc062723c751e8b465ee728b)  -> (artifact id: '1ece04bd6609865f6ef56af662c70eac') in 0.006532 seconds 
========================================================================
Received Import Request.
  Time since last request: 661.787941 seconds.
  path: Packages/com.unity.timeline/Editor/StyleSheets/Images/Shared/Timeline-Marker-Multi-Overlay.png
  artifactKey: Guid(75f26f1c549568c4e9950a368bd08cb8) Importer(815301076,1909f56bfc062723c751e8b465ee728b)
Start importing Packages/com.unity.timeline/Editor/StyleSheets/Images/Shared/Timeline-Marker-Multi-Overlay.png using Guid(75f26f1c549568c4e9950a368bd08cb8) Importer(815301076,1909f56bfc062723c751e8b465ee728b)  -> (artifact id: 'ba3d4d8c774b099df11014186118f393') in 0.017799 seconds 
========================================================================
Received Import Request.
  Time since last request: 1047.653478 seconds.
  path: Assets/Shaders/Outline.shadersubgraph
  artifactKey: Guid(7bf0e02f8a0becf4183939794bd7f1ff) Importer(815301076,1909f56bfc062723c751e8b465ee728b)
Start importing Assets/Shaders/Outline.shadersubgraph using Guid(7bf0e02f8a0becf4183939794bd7f1ff) Importer(815301076,1909f56bfc062723c751e8b465ee728b)  -> (artifact id: '343e0eada3a5373f63d80f7140992784') in 0.009107 seconds 
========================================================================
Received Import Request.
  Time since last request: 239.949945 seconds.
  path: Assets/Shaders/Outline.shadersubgraph
  artifactKey: Guid(7bf0e02f8a0becf4183939794bd7f1ff) Importer(815301076,1909f56bfc062723c751e8b465ee728b)
Start importing Assets/Shaders/Outline.shadersubgraph using Guid(7bf0e02f8a0becf4183939794bd7f1ff) Importer(815301076,1909f56bfc062723c751e8b465ee728b)  -> (artifact id: '01ad28ad0c005dec1c81b8199f28132c') in 0.002630 seconds 
========================================================================
Received Import Request.
  Time since last request: 739.346017 seconds.
  path: Assets/Materials/Objects/Pressure Plate Base.mat
  artifactKey: Guid(3f21e8a9d7ceca248bfe690ebd7bdacc) Importer(815301076,1909f56bfc062723c751e8b465ee728b)
Start importing Assets/Materials/Objects/Pressure Plate Base.mat using Guid(3f21e8a9d7ceca248bfe690ebd7bdacc) Importer(815301076,1909f56bfc062723c751e8b465ee728b)  -> (artifact id: '22855b3990fb0cfa87584bcae8a404c1') in 0.026977 seconds 
========================================================================
Received Import Request.
  Time since last request: 0.000022 seconds.
  path: Assets/Materials/Objects/Slope.mat
  artifactKey: Guid(46a4eee7a78de93479d3d866ccb3fb14) Importer(815301076,1909f56bfc062723c751e8b465ee728b)
Start importing Assets/Materials/Objects/Slope.mat using Guid(46a4eee7a78de93479d3d866ccb3fb14) Importer(815301076,1909f56bfc062723c751e8b465ee728b)  -> (artifact id: '10e9e68fbe5796047209b29927927235') in 0.007442 seconds 
========================================================================
Received Import Request.
  Time since last request: 195.535658 seconds.
  path: Assets/Materials/Objects/Pressure Plate Base.mat
  artifactKey: Guid(3f21e8a9d7ceca248bfe690ebd7bdacc) Importer(815301076,1909f56bfc062723c751e8b465ee728b)
Start importing Assets/Materials/Objects/Pressure Plate Base.mat using Guid(3f21e8a9d7ceca248bfe690ebd7bdacc) Importer(815301076,1909f56bfc062723c751e8b465ee728b)  -> (artifact id: '62809d654739bc880eca51fefdde1846') in 0.023288 seconds 
========================================================================
Received Import Request.
  Time since last request: 27.472062 seconds.
  path: Assets/Materials/Objects/Platform.mat
  artifactKey: Guid(3e0e672c70679e448b640557220ea335) Importer(815301076,1909f56bfc062723c751e8b465ee728b)
Start importing Assets/Materials/Objects/Platform.mat using Guid(3e0e672c70679e448b640557220ea335) Importer(815301076,1909f56bfc062723c751e8b465ee728b)  -> (artifact id: '6f519ca17d866317887c5fa4860010c3') in 0.007377 seconds 
========================================================================
Received Import Request.
  Time since last request: 0.000016 seconds.
  path: Assets/Materials/Objects/Spike.mat
  artifactKey: Guid(071f36714df6cf8468f3abd35e5602a5) Importer(815301076,1909f56bfc062723c751e8b465ee728b)
Start importing Assets/Materials/Objects/Spike.mat using Guid(071f36714df6cf8468f3abd35e5602a5) Importer(815301076,1909f56bfc062723c751e8b465ee728b)  -> (artifact id: '564ac69d1828d5f9f033d3d77326e680') in 0.008172 seconds 
========================================================================
Received Import Request.
  Time since last request: 75.324821 seconds.
  path: Assets/Sprites/Pressure Plate.png
  artifactKey: Guid(36d56d75d8534ec47a9a339dd5750f28) Importer(815301076,1909f56bfc062723c751e8b465ee728b)
Start importing Assets/Sprites/Pressure Plate.png using Guid(36d56d75d8534ec47a9a339dd5750f28) Importer(815301076,1909f56bfc062723c751e8b465ee728b)  -> (artifact id: 'dc418eeae0ca05ae86154da033f8a290') in 0.010752 seconds 
========================================================================
Received Import Request.
  Time since last request: 19.666171 seconds.
  path: Assets/Sprites/Pressure Plate.png
  artifactKey: Guid(36d56d75d8534ec47a9a339dd5750f28) Importer(815301076,1909f56bfc062723c751e8b465ee728b)
Start importing Assets/Sprites/Pressure Plate.png using Guid(36d56d75d8534ec47a9a339dd5750f28) Importer(815301076,1909f56bfc062723c751e8b465ee728b)  -> (artifact id: 'f27351bf301d0113f7ce2c0292356691') in 0.009472 seconds 
========================================================================
Received Import Request.
  Time since last request: 3.368244 seconds.
  path: Assets/Sprites/Pressure Plate.png
  artifactKey: Guid(36d56d75d8534ec47a9a339dd5750f28) Importer(815301076,1909f56bfc062723c751e8b465ee728b)
Start importing Assets/Sprites/Pressure Plate.png using Guid(36d56d75d8534ec47a9a339dd5750f28) Importer(815301076,1909f56bfc062723c751e8b465ee728b)  -> (artifact id: 'c6cedfd1504b9047c9ef28e9e7cc7e93') in 0.008973 seconds 
========================================================================
Received Import Request.
  Time since last request: 4.354645 seconds.
  path: Assets/Sprites/Pressure Plate.png
  artifactKey: Guid(36d56d75d8534ec47a9a339dd5750f28) Importer(815301076,1909f56bfc062723c751e8b465ee728b)
Start importing Assets/Sprites/Pressure Plate.png using Guid(36d56d75d8534ec47a9a339dd5750f28) Importer(815301076,1909f56bfc062723c751e8b465ee728b)  -> (artifact id: '021ba3a52c14a1d1959605bd7860fe5f') in 0.005958 seconds 
========================================================================
Received Import Request.
  Time since last request: 3.123012 seconds.
  path: Assets/Sprites/Pressure Plate.png
  artifactKey: Guid(36d56d75d8534ec47a9a339dd5750f28) Importer(815301076,1909f56bfc062723c751e8b465ee728b)
Start importing Assets/Sprites/Pressure Plate.png using Guid(36d56d75d8534ec47a9a339dd5750f28) Importer(815301076,1909f56bfc062723c751e8b465ee728b)  -> (artifact id: 'c59cfdf17e9c4d2b79d97406aa7193d6') in 0.006882 seconds 
========================================================================
Received Import Request.
  Time since last request: 32.497286 seconds.
  path: Assets/Sprites/Pressure Plate.png
  artifactKey: Guid(36d56d75d8534ec47a9a339dd5750f28) Importer(815301076,1909f56bfc062723c751e8b465ee728b)
Start importing Assets/Sprites/Pressure Plate.png using Guid(36d56d75d8534ec47a9a339dd5750f28) Importer(815301076,1909f56bfc062723c751e8b465ee728b)  -> (artifact id: 'a8b8420e3785d9dc610c7eaf1cf6fc13') in 0.007134 seconds 
========================================================================
Received Import Request.
  Time since last request: 83.921464 seconds.
  path: Assets/Sprites/Pressure Plate.png
  artifactKey: Guid(36d56d75d8534ec47a9a339dd5750f28) Importer(815301076,1909f56bfc062723c751e8b465ee728b)
Start importing Assets/Sprites/Pressure Plate.png using Guid(36d56d75d8534ec47a9a339dd5750f28) Importer(815301076,1909f56bfc062723c751e8b465ee728b)  -> (artifact id: '9aef835165b728854761f2370ddda16c') in 0.013089 seconds 
========================================================================
Received Import Request.
  Time since last request: 14.693884 seconds.
  path: Assets/Sprites/Pressure Plate.png
  artifactKey: Guid(36d56d75d8534ec47a9a339dd5750f28) Importer(815301076,1909f56bfc062723c751e8b465ee728b)
Start importing Assets/Sprites/Pressure Plate.png using Guid(36d56d75d8534ec47a9a339dd5750f28) Importer(815301076,1909f56bfc062723c751e8b465ee728b)  -> (artifact id: 'f9d484eb617d32a40e10aa06f603bf94') in 0.008911 seconds 
========================================================================
Received Import Request.
  Time since last request: 10.342714 seconds.
  path: Assets/Materials/Objects/Pressure Plate.mat
  artifactKey: Guid(6c6201ac6d2db1b4a872e17a64b686ce) Importer(815301076,1909f56bfc062723c751e8b465ee728b)
Start importing Assets/Materials/Objects/Pressure Plate.mat using Guid(6c6201ac6d2db1b4a872e17a64b686ce) Importer(815301076,1909f56bfc062723c751e8b465ee728b)  -> (artifact id: '75cb961456864368f071eedda8154069') in 0.009463 seconds 
========================================================================
Received Import Request.
  Time since last request: 25.865293 seconds.
  path: Assets/Sprites/Pressure Plate.png
  artifactKey: Guid(36d56d75d8534ec47a9a339dd5750f28) Importer(815301076,1909f56bfc062723c751e8b465ee728b)
Start importing Assets/Sprites/Pressure Plate.png using Guid(36d56d75d8534ec47a9a339dd5750f28) Importer(815301076,1909f56bfc062723c751e8b465ee728b)  -> (artifact id: 'a6240f98bbfa8d776e7296b142f1bafc') in 0.009440 seconds 
========================================================================
Received Import Request.
  Time since last request: 3.708505 seconds.
  path: Assets/Sprites/Pressure Plate.png
  artifactKey: Guid(36d56d75d8534ec47a9a339dd5750f28) Importer(815301076,1909f56bfc062723c751e8b465ee728b)
Start importing Assets/Sprites/Pressure Plate.png using Guid(36d56d75d8534ec47a9a339dd5750f28) Importer(815301076,1909f56bfc062723c751e8b465ee728b)  -> (artifact id: '915d5c8187e836a9b49adac72a08fdf5') in 0.011307 seconds 
========================================================================
Received Import Request.
  Time since last request: 2.902524 seconds.
  path: Assets/Sprites/Pressure Plate.png
  artifactKey: Guid(36d56d75d8534ec47a9a339dd5750f28) Importer(815301076,1909f56bfc062723c751e8b465ee728b)
Start importing Assets/Sprites/Pressure Plate.png using Guid(36d56d75d8534ec47a9a339dd5750f28) Importer(815301076,1909f56bfc062723c751e8b465ee728b)  -> (artifact id: '1fa9b62fddd3e66c4c904a743a1a323c') in 0.009987 seconds 
========================================================================
Received Import Request.
  Time since last request: 9.348169 seconds.
  path: Assets/Sprites/Pressure Plate.png
  artifactKey: Guid(36d56d75d8534ec47a9a339dd5750f28) Importer(815301076,1909f56bfc062723c751e8b465ee728b)
Start importing Assets/Sprites/Pressure Plate.png using Guid(36d56d75d8534ec47a9a339dd5750f28) Importer(815301076,1909f56bfc062723c751e8b465ee728b)  -> (artifact id: '9b8549758ddc67a9290325f0b646b783') in 0.010261 seconds 
========================================================================
Received Import Request.
  Time since last request: 4.159246 seconds.
  path: Assets/Sprites/Pressure Plate.png
  artifactKey: Guid(36d56d75d8534ec47a9a339dd5750f28) Importer(815301076,1909f56bfc062723c751e8b465ee728b)
Start importing Assets/Sprites/Pressure Plate.png using Guid(36d56d75d8534ec47a9a339dd5750f28) Importer(815301076,1909f56bfc062723c751e8b465ee728b)  -> (artifact id: 'f0be19b7a997ca20a7a4486c1143464d') in 0.012944 seconds 
========================================================================
Received Import Request.
  Time since last request: 2.571649 seconds.
  path: Assets/Sprites/Pressure Plate.png
  artifactKey: Guid(36d56d75d8534ec47a9a339dd5750f28) Importer(815301076,1909f56bfc062723c751e8b465ee728b)
Start importing Assets/Sprites/Pressure Plate.png using Guid(36d56d75d8534ec47a9a339dd5750f28) Importer(815301076,1909f56bfc062723c751e8b465ee728b)  -> (artifact id: 'd3a271401be4107f8c3845a7c4adc4e5') in 0.008237 seconds 
========================================================================
Received Import Request.
  Time since last request: 3.643064 seconds.
  path: Assets/Sprites/Pressure Plate.png
  artifactKey: Guid(36d56d75d8534ec47a9a339dd5750f28) Importer(815301076,1909f56bfc062723c751e8b465ee728b)
Start importing Assets/Sprites/Pressure Plate.png using Guid(36d56d75d8534ec47a9a339dd5750f28) Importer(815301076,1909f56bfc062723c751e8b465ee728b)  -> (artifact id: '95099bd107b0986184d6a40b605cdce0') in 0.009058 seconds 
========================================================================
Received Import Request.
  Time since last request: 14.294451 seconds.
  path: Assets/Sprites/Pressure Plate.png
  artifactKey: Guid(36d56d75d8534ec47a9a339dd5750f28) Importer(815301076,1909f56bfc062723c751e8b465ee728b)
Start importing Assets/Sprites/Pressure Plate.png using Guid(36d56d75d8534ec47a9a339dd5750f28) Importer(815301076,1909f56bfc062723c751e8b465ee728b)  -> (artifact id: 'c13d3eaebd8fa68892a52a8f2de455f3') in 0.009278 seconds 
========================================================================
Received Import Request.
  Time since last request: 17.803704 seconds.
  path: Assets/Sprites/Pressure Plate.png
  artifactKey: Guid(36d56d75d8534ec47a9a339dd5750f28) Importer(815301076,1909f56bfc062723c751e8b465ee728b)
Start importing Assets/Sprites/Pressure Plate.png using Guid(36d56d75d8534ec47a9a339dd5750f28) Importer(815301076,1909f56bfc062723c751e8b465ee728b)  -> (artifact id: '54890fcb4e644f374c91c2a5052c31a4') in 0.011189 seconds 
========================================================================
Received Import Request.
  Time since last request: 4.655945 seconds.
  path: Assets/Sprites/Pressure Plate.png
  artifactKey: Guid(36d56d75d8534ec47a9a339dd5750f28) Importer(815301076,1909f56bfc062723c751e8b465ee728b)
Start importing Assets/Sprites/Pressure Plate.png using Guid(36d56d75d8534ec47a9a339dd5750f28) Importer(815301076,1909f56bfc062723c751e8b465ee728b)  -> (artifact id: 'b196ad551f739a3efeadb45e847bd0b7') in 0.010472 seconds 
========================================================================
Received Import Request.
  Time since last request: 4.705064 seconds.
  path: Assets/Sprites/Pressure Plate.png
  artifactKey: Guid(36d56d75d8534ec47a9a339dd5750f28) Importer(815301076,1909f56bfc062723c751e8b465ee728b)
Start importing Assets/Sprites/Pressure Plate.png using Guid(36d56d75d8534ec47a9a339dd5750f28) Importer(815301076,1909f56bfc062723c751e8b465ee728b)  -> (artifact id: '2ec706db121784d575ed151049088f9f') in 0.012056 seconds 
========================================================================
Received Import Request.
  Time since last request: 20.930099 seconds.
  path: Assets/Sprites/Pressure Plate.png
  artifactKey: Guid(36d56d75d8534ec47a9a339dd5750f28) Importer(815301076,1909f56bfc062723c751e8b465ee728b)
Start importing Assets/Sprites/Pressure Plate.png using Guid(36d56d75d8534ec47a9a339dd5750f28) Importer(815301076,1909f56bfc062723c751e8b465ee728b)  -> (artifact id: 'b45b76ddd12d42bd4ee0f5840896fceb') in 0.008119 seconds 
========================================================================
Received Import Request.
  Time since last request: 7.145682 seconds.
  path: Assets/Sprites/Pressure Plate.png
  artifactKey: Guid(36d56d75d8534ec47a9a339dd5750f28) Importer(815301076,1909f56bfc062723c751e8b465ee728b)
Start importing Assets/Sprites/Pressure Plate.png using Guid(36d56d75d8534ec47a9a339dd5750f28) Importer(815301076,1909f56bfc062723c751e8b465ee728b)  -> (artifact id: '46e8c87b28e0f990785cf0635b97b0a1') in 0.010696 seconds 
========================================================================
Received Import Request.
  Time since last request: 5.916397 seconds.
  path: Assets/Sprites/Pressure Plate.png
  artifactKey: Guid(36d56d75d8534ec47a9a339dd5750f28) Importer(815301076,1909f56bfc062723c751e8b465ee728b)
Start importing Assets/Sprites/Pressure Plate.png using Guid(36d56d75d8534ec47a9a339dd5750f28) Importer(815301076,1909f56bfc062723c751e8b465ee728b)  -> (artifact id: '1f37fd02a83e815872a8d6e0dcc2de39') in 0.008066 seconds 
========================================================================
Received Import Request.
  Time since last request: 2.586823 seconds.
  path: Assets/Sprites/Pressure Plate.png
  artifactKey: Guid(36d56d75d8534ec47a9a339dd5750f28) Importer(815301076,1909f56bfc062723c751e8b465ee728b)
Start importing Assets/Sprites/Pressure Plate.png using Guid(36d56d75d8534ec47a9a339dd5750f28) Importer(815301076,1909f56bfc062723c751e8b465ee728b)  -> (artifact id: '9eb733976c82a9380a2676aed0d49344') in 0.009296 seconds 
========================================================================
Received Import Request.
  Time since last request: 48.692489 seconds.
  path: Assets/Sprites/Pressure Plate.png
  artifactKey: Guid(36d56d75d8534ec47a9a339dd5750f28) Importer(815301076,1909f56bfc062723c751e8b465ee728b)
Start importing Assets/Sprites/Pressure Plate.png using Guid(36d56d75d8534ec47a9a339dd5750f28) Importer(815301076,1909f56bfc062723c751e8b465ee728b)  -> (artifact id: '4e19876000201027e5e959c4024c6e5f') in 0.008454 seconds 
========================================================================
Received Import Request.
  Time since last request: 3.048716 seconds.
  path: Assets/Sprites/Pressure Plate.png
  artifactKey: Guid(36d56d75d8534ec47a9a339dd5750f28) Importer(815301076,1909f56bfc062723c751e8b465ee728b)
Start importing Assets/Sprites/Pressure Plate.png using Guid(36d56d75d8534ec47a9a339dd5750f28) Importer(815301076,1909f56bfc062723c751e8b465ee728b)  -> (artifact id: 'debe9c32f109e26aa053c2881e99f942') in 0.007982 seconds 
========================================================================
Received Import Request.
  Time since last request: 14.584371 seconds.
  path: Assets/Sprites/Pressure Plate.png
  artifactKey: Guid(36d56d75d8534ec47a9a339dd5750f28) Importer(815301076,1909f56bfc062723c751e8b465ee728b)
Start importing Assets/Sprites/Pressure Plate.png using Guid(36d56d75d8534ec47a9a339dd5750f28) Importer(815301076,1909f56bfc062723c751e8b465ee728b)  -> (artifact id: 'fbcc275877e735c5746c8ec946926587') in 0.008369 seconds 
========================================================================
Received Import Request.
  Time since last request: 90.542736 seconds.
  path: Assets/Materials/Objects/Platform.mat
  artifactKey: Guid(3e0e672c70679e448b640557220ea335) Importer(815301076,1909f56bfc062723c751e8b465ee728b)
Start importing Assets/Materials/Objects/Platform.mat using Guid(3e0e672c70679e448b640557220ea335) Importer(815301076,1909f56bfc062723c751e8b465ee728b)  -> (artifact id: '536dc9412f625227c7ec84c2bc3341a5') in 0.010206 seconds 
========================================================================
Received Import Request.
  Time since last request: 0.000023 seconds.
  path: Assets/Materials/Objects/Pressure Plate Button.mat
  artifactKey: Guid(f72d810d27f726143851d82845ce3737) Importer(815301076,1909f56bfc062723c751e8b465ee728b)
Start importing Assets/Materials/Objects/Pressure Plate Button.mat using Guid(f72d810d27f726143851d82845ce3737) Importer(815301076,1909f56bfc062723c751e8b465ee728b)  -> (artifact id: '39621f6ba20082d8aaf0046f6de38505') in 0.008638 seconds 
========================================================================
Received Import Request.
  Time since last request: 0.000025 seconds.
  path: Assets/Materials/Objects/Spike.mat
  artifactKey: Guid(071f36714df6cf8468f3abd35e5602a5) Importer(815301076,1909f56bfc062723c751e8b465ee728b)
Start importing Assets/Materials/Objects/Spike.mat using Guid(071f36714df6cf8468f3abd35e5602a5) Importer(815301076,1909f56bfc062723c751e8b465ee728b)  -> (artifact id: 'cf6344a64aca9e721a1030420e1c756c') in 0.009572 seconds 
========================================================================
Received Import Request.
  Time since last request: 245.182226 seconds.
  path: Assets/Materials/Objects/Platform.mat
  artifactKey: Guid(3e0e672c70679e448b640557220ea335) Importer(815301076,1909f56bfc062723c751e8b465ee728b)
Start importing Assets/Materials/Objects/Platform.mat using Guid(3e0e672c70679e448b640557220ea335) Importer(815301076,1909f56bfc062723c751e8b465ee728b)  -> (artifact id: '5e20c826bf263362252136c859211938') in 0.022575 seconds 
========================================================================
Received Import Request.
  Time since last request: 0.000022 seconds.
  path: Assets/Materials/Objects/Pressure Plate Button.mat
  artifactKey: Guid(f72d810d27f726143851d82845ce3737) Importer(815301076,1909f56bfc062723c751e8b465ee728b)
Start importing Assets/Materials/Objects/Pressure Plate Button.mat using Guid(f72d810d27f726143851d82845ce3737) Importer(815301076,1909f56bfc062723c751e8b465ee728b)  -> (artifact id: 'dc3b488b2876f947dc48e17b66fb0147') in 0.008150 seconds 
========================================================================
Received Import Request.
  Time since last request: 0.000025 seconds.
  path: Assets/Materials/Objects/Slope.mat
  artifactKey: Guid(46a4eee7a78de93479d3d866ccb3fb14) Importer(815301076,1909f56bfc062723c751e8b465ee728b)
Start importing Assets/Materials/Objects/Slope.mat using Guid(46a4eee7a78de93479d3d866ccb3fb14) Importer(815301076,1909f56bfc062723c751e8b465ee728b)  -> (artifact id: 'dcc2ca638c0d7667c1610553d0c2751e') in 0.007684 seconds 
========================================================================
Received Import Request.
  Time since last request: 0.000019 seconds.
  path: Assets/Materials/Objects/Spike.mat
  artifactKey: Guid(071f36714df6cf8468f3abd35e5602a5) Importer(815301076,1909f56bfc062723c751e8b465ee728b)
Start importing Assets/Materials/Objects/Spike.mat using Guid(071f36714df6cf8468f3abd35e5602a5) Importer(815301076,1909f56bfc062723c751e8b465ee728b)  -> (artifact id: 'a07aff4a045ea4c20a380cd8c62f8afc') in 0.009221 seconds 
Editor requested this worker to shutdown with reason: Scaling down because of idle timeout
AssetImportWorker is now disconnected from the server
Process exiting
Exiting without the bug reporter. Application will terminate with return code 0