Using pre-set license
Built from '2021.3/staging' branch; Version is '2021.3.22f1 (b6c551784ba3) revision 11978065'; Using compiler version '192829333'; Build Type 'Release'
OS: 'Windows 10  (10.0.19045) 64bit Professional' Language: 'en' Physical Memory: 32685 MB
BatchMode: 1, IsHumanControllingUs: 0, StartBugReporterOnCrash: 0, Is64bit: 1, IsPro: 1

COMMAND LINE ARGUMENTS:
C:\Program Files\Unity\Hub\Editor\2021.3.22f1\Editor\Unity.exe
-adb2
-batchMode
-noUpm
-name
AssetImportWorker17
-projectPath
C:/Users/matej/Desktop/Hopeless/Project/Hopeless/Hopeless/Hopeless
-logFile
Logs/AssetImportWorker17.log
-srvPort
50111
Successfully changed project path to: C:/Users/matej/Desktop/Hopeless/Project/Hopeless/Hopeless/Hopeless
C:/Users/matej/Desktop/Hopeless/Project/Hopeless/Hopeless/Hopeless
[UnityMemory] Configuration Parameters - Can be set up in boot.config
    "memorysetup-bucket-allocator-granularity=16"
    "memorysetup-bucket-allocator-bucket-count=8"
    "memorysetup-bucket-allocator-block-size=33554432"
    "memorysetup-bucket-allocator-block-count=8"
    "memorysetup-main-allocator-block-size=16777216"
    "memorysetup-thread-allocator-block-size=16777216"
    "memorysetup-gfx-main-allocator-block-size=16777216"
    "memorysetup-gfx-thread-allocator-block-size=16777216"
    "memorysetup-cache-allocator-block-size=4194304"
    "memorysetup-typetree-allocator-block-size=2097152"
    "memorysetup-profiler-bucket-allocator-granularity=16"
    "memorysetup-profiler-bucket-allocator-bucket-count=8"
    "memorysetup-profiler-bucket-allocator-block-size=33554432"
    "memorysetup-profiler-bucket-allocator-block-count=8"
    "memorysetup-profiler-allocator-block-size=16777216"
    "memorysetup-profiler-editor-allocator-block-size=1048576"
    "memorysetup-temp-allocator-size-main=16777216"
    "memorysetup-job-temp-allocator-block-size=2097152"
    "memorysetup-job-temp-allocator-block-size-background=1048576"
    "memorysetup-job-temp-allocator-reduction-small-platforms=262144"
    "memorysetup-temp-allocator-size-background-worker=32768"
    "memorysetup-temp-allocator-size-job-worker=262144"
    "memorysetup-temp-allocator-size-preload-manager=33554432"
    "memorysetup-temp-allocator-size-nav-mesh-worker=65536"
    "memorysetup-temp-allocator-size-audio-worker=65536"
    "memorysetup-temp-allocator-size-cloud-worker=32768"
    "memorysetup-temp-allocator-size-gi-baking-worker=262144"
    "memorysetup-temp-allocator-size-gfx=262144"
Player connection [22800] Host "[IP] 192.168.0.16 [Port] 0 [Flags] 2 [Guid] 2815717345 [EditorId] 2815717345 [Version] 1048832 [Id] WindowsEditor(7,DESKTOP-980R9ES) [Debug] 1 [PackageName] WindowsEditor [ProjectName] Editor" joined multi-casting on [225.0.0.222:54997]...

Player connection [22800] Host "[IP] 192.168.0.16 [Port] 0 [Flags] 2 [Guid] 2815717345 [EditorId] 2815717345 [Version] 1048832 [Id] WindowsEditor(7,DESKTOP-980R9ES) [Debug] 1 [PackageName] WindowsEditor [ProjectName] Editor" joined alternative multi-casting on [225.0.0.222:34997]...

Refreshing native plugins compatible for Editor in 112.97 ms, found 4 plugins.
Preloading 0 native plugins for Editor in 0.00 ms.
Initialize engine version: 2021.3.22f1 (b6c551784ba3)
[Subsystems] Discovering subsystems at path C:/Program Files/Unity/Hub/Editor/2021.3.22f1/Editor/Data/Resources/UnitySubsystems
[Subsystems] Discovering subsystems at path C:/Users/matej/Desktop/Hopeless/Project/Hopeless/Hopeless/Hopeless/Assets
GfxDevice: creating device client; threaded=0; jobified=0
Direct3D:
    Version:  Direct3D 11.0 [level 11.1]
    Renderer: NVIDIA GeForce RTX 3060 (ID=0x2504)
    Vendor:   NVIDIA
    VRAM:     12129 MB
    Driver:   31.0.15.3141
Initialize mono
Mono path[0] = 'C:/Program Files/Unity/Hub/Editor/2021.3.22f1/Editor/Data/Managed'
Mono path[1] = 'C:/Program Files/Unity/Hub/Editor/2021.3.22f1/Editor/Data/MonoBleedingEdge/lib/mono/unityjit-win32'
Mono config path = 'C:/Program Files/Unity/Hub/Editor/2021.3.22f1/Editor/Data/MonoBleedingEdge/etc'
Using monoOptions --debugger-agent=transport=dt_socket,embedding=1,server=y,suspend=n,address=127.0.0.1:56820
Begin MonoManager ReloadAssembly
Registering precompiled unity dll's ...
Register platform support module: C:/Program Files/Unity/Hub/Editor/2021.3.22f1/Editor/Data/PlaybackEngines/WindowsStandaloneSupport/UnityEditor.WindowsStandalone.Extensions.dll
Registered in 0.007276 seconds.
Native extension for WindowsStandalone target not found
Refreshing native plugins compatible for Editor in 116.97 ms, found 4 plugins.
Preloading 0 native plugins for Editor in 0.00 ms.
Mono: successfully reloaded assembly
- Completed reload, in  0.649 seconds
Domain Reload Profiling:
	ReloadAssembly (649ms)
		BeginReloadAssembly (95ms)
			ExecutionOrderSort (0ms)
			DisableScriptedObjects (0ms)
			BackupInstance (0ms)
			ReleaseScriptingObjects (0ms)
			CreateAndSetChildDomain (1ms)
		EndReloadAssembly (464ms)
			LoadAssemblies (93ms)
			RebuildTransferFunctionScriptingTraits (0ms)
			SetupTypeCache (91ms)
			ReleaseScriptCaches (0ms)
			RebuildScriptCaches (30ms)
			SetupLoadedEditorAssemblies (295ms)
				LogAssemblyErrors (0ms)
				InitializePlatformSupportModulesInManaged (8ms)
				SetLoadedEditorAssemblies (0ms)
				RefreshPlugins (117ms)
				BeforeProcessingInitializeOnLoad (1ms)
				ProcessInitializeOnLoadAttributes (116ms)
				ProcessInitializeOnLoadMethodAttributes (52ms)
				AfterProcessingInitializeOnLoad (0ms)
				EditorAssembliesLoaded (0ms)
			ExecutionOrderSort2 (0ms)
			AwakeInstancesAfterBackupRestoration (0ms)
Platform modules already initialized, skipping
Registering precompiled user dll's ...
Registered in 0.006474 seconds.
Begin MonoManager ReloadAssembly
Symbol file LoadedFromMemory doesn't match image C:\Users\matej\Desktop\Hopeless\Project\Hopeless\Hopeless\Hopeless\Library\PackageCache\com.unity.visualscripting@1.8.0\Editor\VisualScripting.Core\Dependencies\YamlDotNet\Unity.VisualScripting.YamlDotNet.dll
Symbol file LoadedFromMemory doesn't match image C:\Users\matej\Desktop\Hopeless\Project\Hopeless\Hopeless\Hopeless\Library\PackageCache\com.unity.visualscripting@1.8.0\Editor\VisualScripting.Core\Dependencies\DotNetZip\Unity.VisualScripting.IonicZip.dll
Native extension for WindowsStandalone target not found
Refreshing native plugins compatible for Editor in 129.12 ms, found 4 plugins.
Preloading 0 native plugins for Editor in 0.00 ms.
Mono: successfully reloaded assembly
- Completed reload, in  1.484 seconds
Domain Reload Profiling:
	ReloadAssembly (1485ms)
		BeginReloadAssembly (99ms)
			ExecutionOrderSort (0ms)
			DisableScriptedObjects (5ms)
			BackupInstance (0ms)
			ReleaseScriptingObjects (0ms)
			CreateAndSetChildDomain (15ms)
		EndReloadAssembly (1267ms)
			LoadAssemblies (120ms)
			RebuildTransferFunctionScriptingTraits (0ms)
			SetupTypeCache (257ms)
			ReleaseScriptCaches (1ms)
			RebuildScriptCaches (73ms)
			SetupLoadedEditorAssemblies (769ms)
				LogAssemblyErrors (0ms)
				InitializePlatformSupportModulesInManaged (4ms)
				SetLoadedEditorAssemblies (0ms)
				RefreshPlugins (129ms)
				BeforeProcessingInitializeOnLoad (131ms)
				ProcessInitializeOnLoadAttributes (422ms)
				ProcessInitializeOnLoadMethodAttributes (74ms)
				AfterProcessingInitializeOnLoad (7ms)
				EditorAssembliesLoaded (0ms)
			ExecutionOrderSort2 (0ms)
			AwakeInstancesAfterBackupRestoration (5ms)
Platform modules already initialized, skipping
========================================================================
Worker process is ready to serve import requests
Launched and connected shader compiler UnityShaderCompiler.exe after 0.08 seconds
Refreshing native plugins compatible for Editor in 0.81 ms, found 4 plugins.
Preloading 0 native plugins for Editor in 0.00 ms.
Unloading 5409 Unused Serialized files (Serialized files now loaded: 0)
Unloading 62 unused Assets / (1.1 MB). Loaded Objects now: 5857.
Memory consumption went from 217.5 MB to 216.4 MB.
Total: 4.397300 ms (FindLiveObjects: 0.467100 ms CreateObjectMapping: 0.358000 ms MarkObjects: 3.102000 ms  DeleteObjects: 0.468900 ms)

AssetImportParameters requested are different than current active one (requested -> active):
  custom:video-decoder-ogg-theora: a1e56fd34408186e4bbccfd4996cb3dc -> 
  custom:container-muxer-webm: aa71ff27fc2769a1b78a27578f13a17b -> 
  custom:container-demuxer-webm: 4f35f7cbe854078d1ac9338744f61a02 -> 
  custom:video-encoder-webm-vp8: eb34c28f22e8b96e1ab97ce403110664 -> 
  custom:audio-encoder-webm-vorbis: bf7c407c2cedff20999df2af8eb42d56 -> 
  custom:framework-win-MediaFoundation: 216162199b28c13a410421893ffa2e32 -> 
  custom:container-demuxer-ogg: 62fdf1f143b41e24485cea50d1cbac27 -> 
  custom:video-decoder-webm-vp8: 9c59270c3fd7afecdb556c50c9e8de78 -> 
  custom:audio-decoder-ogg-vorbis: bf7c407c2cedff20999df2af8eb42d56 -> 
========================================================================
Received Import Request.
  Time since last request: 8916.726847 seconds.
  path: Assets/Materials/Objects/Pressure Plate Base.mat
  artifactKey: Guid(3f21e8a9d7ceca248bfe690ebd7bdacc) Importer(815301076,1909f56bfc062723c751e8b465ee728b)
Start importing Assets/Materials/Objects/Pressure Plate Base.mat using Guid(3f21e8a9d7ceca248bfe690ebd7bdacc) Importer(815301076,1909f56bfc062723c751e8b465ee728b)  -> (artifact id: 'e21b6fb71a825a0b7138149ce536aa88') in 0.458939 seconds 
========================================================================
Received Import Request.
  Time since last request: 84.215015 seconds.
  path: Assets/Materials/Objects/Platform.mat
  artifactKey: Guid(3e0e672c70679e448b640557220ea335) Importer(815301076,1909f56bfc062723c751e8b465ee728b)
Start importing Assets/Materials/Objects/Platform.mat using Guid(3e0e672c70679e448b640557220ea335) Importer(815301076,1909f56bfc062723c751e8b465ee728b)  -> (artifact id: 'e170fbef177f7d87bc6da11ddf4b209d') in 0.013028 seconds 
========================================================================
Received Import Request.
  Time since last request: 0.000027 seconds.
  path: Assets/Materials/Objects/Pressure Plate Button.mat
  artifactKey: Guid(f72d810d27f726143851d82845ce3737) Importer(815301076,1909f56bfc062723c751e8b465ee728b)
Start importing Assets/Materials/Objects/Pressure Plate Button.mat using Guid(f72d810d27f726143851d82845ce3737) Importer(815301076,1909f56bfc062723c751e8b465ee728b)  -> (artifact id: '21b7611d8afccea1d93b2ad31a65ec00') in 0.014324 seconds 
========================================================================
Received Import Request.
  Time since last request: 0.000040 seconds.
  path: Assets/Materials/Objects/Slope.mat
  artifactKey: Guid(46a4eee7a78de93479d3d866ccb3fb14) Importer(815301076,1909f56bfc062723c751e8b465ee728b)
Start importing Assets/Materials/Objects/Slope.mat using Guid(46a4eee7a78de93479d3d866ccb3fb14) Importer(815301076,1909f56bfc062723c751e8b465ee728b)  -> (artifact id: '057783a2f3c6d0ab41c45aacd7ec69cc') in 0.012931 seconds 
========================================================================
Received Import Request.
  Time since last request: 0.000023 seconds.
  path: Assets/Materials/Objects/Spike.mat
  artifactKey: Guid(071f36714df6cf8468f3abd35e5602a5) Importer(815301076,1909f56bfc062723c751e8b465ee728b)
Start importing Assets/Materials/Objects/Spike.mat using Guid(071f36714df6cf8468f3abd35e5602a5) Importer(815301076,1909f56bfc062723c751e8b465ee728b)  -> (artifact id: '1a4ce26efc4af838e894051717b61401') in 0.012415 seconds 
========================================================================
Received Import Request.
  Time since last request: 19.226053 seconds.
  path: Assets/Materials/Objects/Platform.mat
  artifactKey: Guid(3e0e672c70679e448b640557220ea335) Importer(815301076,1909f56bfc062723c751e8b465ee728b)
Start importing Assets/Materials/Objects/Platform.mat using Guid(3e0e672c70679e448b640557220ea335) Importer(815301076,1909f56bfc062723c751e8b465ee728b)  -> (artifact id: 'bc5b5027d61804d08d9b73208f8b5ce8') in 0.012712 seconds 
========================================================================
Received Import Request.
  Time since last request: 0.000020 seconds.
  path: Assets/Materials/Objects/Slope.mat
  artifactKey: Guid(46a4eee7a78de93479d3d866ccb3fb14) Importer(815301076,1909f56bfc062723c751e8b465ee728b)
Start importing Assets/Materials/Objects/Slope.mat using Guid(46a4eee7a78de93479d3d866ccb3fb14) Importer(815301076,1909f56bfc062723c751e8b465ee728b)  -> (artifact id: 'cb2b309ba3b03dec4d5f1633dbf4662f') in 0.011917 seconds 
========================================================================
Received Import Request.
  Time since last request: 17.475867 seconds.
  path: Assets/Materials/Objects/Platform.mat
  artifactKey: Guid(3e0e672c70679e448b640557220ea335) Importer(815301076,1909f56bfc062723c751e8b465ee728b)
Start importing Assets/Materials/Objects/Platform.mat using Guid(3e0e672c70679e448b640557220ea335) Importer(815301076,1909f56bfc062723c751e8b465ee728b)  -> (artifact id: '9a5368444eda061ee708c31b381dee15') in 0.010547 seconds 
========================================================================
Received Import Request.
  Time since last request: 0.000016 seconds.
  path: Assets/Materials/Objects/Spike.mat
  artifactKey: Guid(071f36714df6cf8468f3abd35e5602a5) Importer(815301076,1909f56bfc062723c751e8b465ee728b)
Start importing Assets/Materials/Objects/Spike.mat using Guid(071f36714df6cf8468f3abd35e5602a5) Importer(815301076,1909f56bfc062723c751e8b465ee728b)  -> (artifact id: 'f4e60a7b60cb9d5d4497c3be94daf6af') in 0.011389 seconds 
========================================================================
Received Import Request.
  Time since last request: 9.463980 seconds.
  path: Assets/Materials/Objects/Platform.mat
  artifactKey: Guid(3e0e672c70679e448b640557220ea335) Importer(815301076,1909f56bfc062723c751e8b465ee728b)
Start importing Assets/Materials/Objects/Platform.mat using Guid(3e0e672c70679e448b640557220ea335) Importer(815301076,1909f56bfc062723c751e8b465ee728b)  -> (artifact id: 'a62b0bc2c132f8066a477b59521c950c') in 0.009203 seconds 
========================================================================
Received Import Request.
  Time since last request: 0.000018 seconds.
  path: Assets/Materials/Objects/Spike.mat
  artifactKey: Guid(071f36714df6cf8468f3abd35e5602a5) Importer(815301076,1909f56bfc062723c751e8b465ee728b)
Start importing Assets/Materials/Objects/Spike.mat using Guid(071f36714df6cf8468f3abd35e5602a5) Importer(815301076,1909f56bfc062723c751e8b465ee728b)  -> (artifact id: 'b78e32a2afd81a9c0ac29c8327dfb743') in 0.010093 seconds 
========================================================================
Received Import Request.
  Time since last request: 4.737048 seconds.
  path: Assets/Materials/Objects/Pressure Plate Base.mat
  artifactKey: Guid(3f21e8a9d7ceca248bfe690ebd7bdacc) Importer(815301076,1909f56bfc062723c751e8b465ee728b)
Start importing Assets/Materials/Objects/Pressure Plate Base.mat using Guid(3f21e8a9d7ceca248bfe690ebd7bdacc) Importer(815301076,1909f56bfc062723c751e8b465ee728b)  -> (artifact id: '2cde309d4838a49e721f1792657f6c74') in 0.009197 seconds 
========================================================================
Received Import Request.
  Time since last request: 160.709650 seconds.
  path: Assets/Materials/Objects/Platform.mat
  artifactKey: Guid(3e0e672c70679e448b640557220ea335) Importer(815301076,1909f56bfc062723c751e8b465ee728b)
Start importing Assets/Materials/Objects/Platform.mat using Guid(3e0e672c70679e448b640557220ea335) Importer(815301076,1909f56bfc062723c751e8b465ee728b)  -> (artifact id: '2fb8308f93ac23e5b640118e22473d98') in 0.020305 seconds 
========================================================================
Received Import Request.
  Time since last request: 0.000018 seconds.
  path: Assets/Materials/Objects/Pressure Plate Button.mat
  artifactKey: Guid(f72d810d27f726143851d82845ce3737) Importer(815301076,1909f56bfc062723c751e8b465ee728b)
Start importing Assets/Materials/Objects/Pressure Plate Button.mat using Guid(f72d810d27f726143851d82845ce3737) Importer(815301076,1909f56bfc062723c751e8b465ee728b)  -> (artifact id: '5ac9bde1991f8240ccd6b49f8c9f1486') in 0.009120 seconds 
========================================================================
Received Import Request.
  Time since last request: 0.000026 seconds.
  path: Assets/Materials/Objects/Spike.mat
  artifactKey: Guid(071f36714df6cf8468f3abd35e5602a5) Importer(815301076,1909f56bfc062723c751e8b465ee728b)
Start importing Assets/Materials/Objects/Spike.mat using Guid(071f36714df6cf8468f3abd35e5602a5) Importer(815301076,1909f56bfc062723c751e8b465ee728b)  -> (artifact id: '8e20ebf95985e211f192d7651447ec86') in 0.012365 seconds 
========================================================================
Received Import Request.
  Time since last request: 26.604693 seconds.
  path: Assets/Materials/Objects/Platform.mat
  artifactKey: Guid(3e0e672c70679e448b640557220ea335) Importer(815301076,1909f56bfc062723c751e8b465ee728b)
Start importing Assets/Materials/Objects/Platform.mat using Guid(3e0e672c70679e448b640557220ea335) Importer(815301076,1909f56bfc062723c751e8b465ee728b)  -> (artifact id: '0e513eebe08ca8c3f4f1e034e1a1852f') in 0.010726 seconds 
========================================================================
Received Import Request.
  Time since last request: 0.000018 seconds.
  path: Assets/Materials/Objects/Slope.mat
  artifactKey: Guid(46a4eee7a78de93479d3d866ccb3fb14) Importer(815301076,1909f56bfc062723c751e8b465ee728b)
Start importing Assets/Materials/Objects/Slope.mat using Guid(46a4eee7a78de93479d3d866ccb3fb14) Importer(815301076,1909f56bfc062723c751e8b465ee728b)  -> (artifact id: '55d1682525825d6fa1d2b373f2bc7045') in 0.011373 seconds 
========================================================================
Received Import Request.
  Time since last request: 38.555954 seconds.
  path: Assets/Materials/Objects/Platform.mat
  artifactKey: Guid(3e0e672c70679e448b640557220ea335) Importer(815301076,1909f56bfc062723c751e8b465ee728b)
Start importing Assets/Materials/Objects/Platform.mat using Guid(3e0e672c70679e448b640557220ea335) Importer(815301076,1909f56bfc062723c751e8b465ee728b)  -> (artifact id: '0d35f65f4bb08c76917b4398d6e3aab9') in 0.020229 seconds 
========================================================================
Received Import Request.
  Time since last request: 0.000018 seconds.
  path: Assets/Materials/Objects/Slope.mat
  artifactKey: Guid(46a4eee7a78de93479d3d866ccb3fb14) Importer(815301076,1909f56bfc062723c751e8b465ee728b)
Start importing Assets/Materials/Objects/Slope.mat using Guid(46a4eee7a78de93479d3d866ccb3fb14) Importer(815301076,1909f56bfc062723c751e8b465ee728b)  -> (artifact id: '3a8732c745b74e28d1cbadb7995ca7af') in 0.011020 seconds 
========================================================================
Received Import Request.
  Time since last request: 16.427392 seconds.
  path: Assets/Materials/Objects/Platform.mat
  artifactKey: Guid(3e0e672c70679e448b640557220ea335) Importer(815301076,1909f56bfc062723c751e8b465ee728b)
Start importing Assets/Materials/Objects/Platform.mat using Guid(3e0e672c70679e448b640557220ea335) Importer(815301076,1909f56bfc062723c751e8b465ee728b)  -> (artifact id: '93f7eb0954a054c3f6fe99db06268cc2') in 0.010131 seconds 
========================================================================
Received Import Request.
  Time since last request: 0.000015 seconds.
  path: Assets/Materials/Objects/Spike.mat
  artifactKey: Guid(071f36714df6cf8468f3abd35e5602a5) Importer(815301076,1909f56bfc062723c751e8b465ee728b)
Start importing Assets/Materials/Objects/Spike.mat using Guid(071f36714df6cf8468f3abd35e5602a5) Importer(815301076,1909f56bfc062723c751e8b465ee728b)  -> (artifact id: 'bc4168d21356d7523be4bb60e7772a64') in 0.008343 seconds 
========================================================================
Received Import Request.
  Time since last request: 623.049691 seconds.
  path: Assets/Materials/Objects/Platform.mat
  artifactKey: Guid(3e0e672c70679e448b640557220ea335) Importer(815301076,1909f56bfc062723c751e8b465ee728b)
Start importing Assets/Materials/Objects/Platform.mat using Guid(3e0e672c70679e448b640557220ea335) Importer(815301076,1909f56bfc062723c751e8b465ee728b)  -> (artifact id: '9d4dfb857507924256b2717ed908c281') in 0.011300 seconds 
========================================================================
Received Import Request.
  Time since last request: 0.005566 seconds.
  path: Assets/Materials/Objects/Pressure Plate Button.mat
  artifactKey: Guid(f72d810d27f726143851d82845ce3737) Importer(815301076,1909f56bfc062723c751e8b465ee728b)
Start importing Assets/Materials/Objects/Pressure Plate Button.mat using Guid(f72d810d27f726143851d82845ce3737) Importer(815301076,1909f56bfc062723c751e8b465ee728b)  -> (artifact id: 'd343e60cbfb493c71573d74f423b38bd') in 0.012481 seconds 
Editor requested this worker to shutdown with reason: Scaling down because of idle timeout
AssetImportWorker is now disconnected from the server
Process exiting
Exiting without the bug reporter. Application will terminate with return code 0